C:\Program Files (x86)\Windows Kits\10\Include\10.0.22621.0\um\ocidl.h(471,5): error C2872: 'IUnknown': ambiguous symbol [D:\Innovative instruments APP\dmm_ble4\dmm_ble4\windows\DmmBle4\DmmBle4.vcxproj]
C:\Program Files (x86)\Windows Kits\10\Include\10.0.22621.0\um\ocidl.h(485,31): error C2872: 'IUnknown': ambiguous symbol [D:\Innovative instruments APP\dmm_ble4\dmm_ble4\windows\DmmBle4\DmmBle4.vcxproj]
C:\Program Files (x86)\Windows Kits\10\Include\10.0.22621.0\um\ocidl.h(622,31): error C2872: 'IUnknown': ambiguous symbol [D:\Innovative instruments APP\dmm_ble4\dmm_ble4\windows\DmmBle4\DmmBle4.vcxproj]
C:\Program Files (x86)\Windows Kits\10\Include\10.0.22621.0\um\ocidl.h(756,36): error C2872: 'IUnknown': ambiguous symbol [D:\Innovative instruments APP\dmm_ble4\dmm_ble4\windows\DmmBle4\DmmBle4.vcxproj]
C:\Program Files (x86)\Windows Kits\10\Include\10.0.22621.0\um\ocidl.h(893,40): error C2872: 'IUnknown': ambiguous symbol [D:\Innovative instruments APP\dmm_ble4\dmm_ble4\windows\DmmBle4\DmmBle4.vcxproj]
C:\Program Files (x86)\Windows Kits\10\Include\10.0.22621.0\um\ocidl.h(6399,28): error C2872: 'IUnknown': ambiguous symbol [D:\Innovative instruments APP\dmm_ble4\dmm_ble4\windows\DmmBle4\DmmBle4.vcxproj]
C:\Program Files (x86)\Windows Kits\10\Include\10.0.22621.0\um\ocidl.h(6876,5): error C2872: 'IUnknown': ambiguous symbol [D:\Innovative instruments APP\dmm_ble4\dmm_ble4\windows\DmmBle4\DmmBle4.vcxproj]
C:\Program Files (x86)\Windows Kits\10\Include\10.0.22621.0\um\ocidl.h(6906,29): error C2872: 'IUnknown': ambiguous symbol [D:\Innovative instruments APP\dmm_ble4\dmm_ble4\windows\DmmBle4\DmmBle4.vcxproj]
C:\Program Files (x86)\Windows Kits\10\Include\10.0.22621.0\um\ocidl.h(7149,15): error C2872: 'IUnknown': ambiguous symbol [D:\Innovative instruments APP\dmm_ble4\dmm_ble4\windows\DmmBle4\DmmBle4.vcxproj]
C:\Program Files (x86)\Windows Kits\10\Include\10.0.22621.0\um\ocidl.h(7151,17): error C2872: 'IUnknown': ambiguous symbol [D:\Innovative instruments APP\dmm_ble4\dmm_ble4\windows\DmmBle4\DmmBle4.vcxproj]
C:\Program Files (x86)\Windows Kits\10\Include\10.0.22621.0\um\ocidl.h(7164,46): error C2872: 'IUnknown': ambiguous symbol [D:\Innovative instruments APP\dmm_ble4\dmm_ble4\windows\DmmBle4\DmmBle4.vcxproj]
C:\Program Files (x86)\Windows Kits\10\Include\10.0.22621.0\um\comcat.h(188,24): error C2872: 'IUnknown': ambiguous symbol [D:\Innovative instruments APP\dmm_ble4\dmm_ble4\windows\DmmBle4\DmmBle4.vcxproj]
C:\Program Files (x86)\Windows Kits\10\Include\10.0.22621.0\um\propsys.h(517,29): error C2872: 'IUnknown': ambiguous symbol [D:\Innovative instruments APP\dmm_ble4\dmm_ble4\windows\DmmBle4\DmmBle4.vcxproj]
C:\Program Files (x86)\Windows Kits\10\Include\10.0.22621.0\um\propsys.h(647,51): error C2872: 'IUnknown': ambiguous symbol [D:\Innovative instruments APP\dmm_ble4\dmm_ble4\windows\DmmBle4\DmmBle4.vcxproj]
C:\Program Files (x86)\Windows Kits\10\Include\10.0.22621.0\um\propsys.h(4635,10): error C2872: 'IUnknown': ambiguous symbol [D:\Innovative instruments APP\dmm_ble4\dmm_ble4\windows\DmmBle4\DmmBle4.vcxproj]
C:\Program Files (x86)\Windows Kits\10\Include\10.0.22621.0\um\shobjidl_core.h(33731,11): error C2061: syntax error: identifier 'CMINVOKECOMMANDINFO' [D:\Innovative instruments APP\dmm_ble4\dmm_ble4\windows\DmmBle4\DmmBle4.vcxproj]
C:\Program Files (x86)\Windows Kits\10\Include\10.0.22621.0\um\shobjidl_core.h(33736,26): error C4430: missing type specifier - int assumed. Note: C++ does not support default-int [D:\Innovative instruments APP\dmm_ble4\dmm_ble4\windows\DmmBle4\DmmBle4.vcxproj]
C:\Program Files (x86)\Windows Kits\10\Include\10.0.22621.0\um\shobjidl_core.h(33736,61): error C2143: syntax error: missing ',' before '*' [D:\Innovative instruments APP\dmm_ble4\dmm_ble4\windows\DmmBle4\DmmBle4.vcxproj]
C:\Program Files (x86)\Windows Kits\10\Include\10.0.22621.0\um\shobjidl_core.h(33836,11): error C2061: syntax error: identifier 'SHGDNF' [D:\Innovative instruments APP\dmm_ble4\dmm_ble4\windows\DmmBle4\DmmBle4.vcxproj]
C:\Program Files (x86)\Windows Kits\10\Include\10.0.22621.0\um\shobjidl_core.h(33846,16): error C2061: syntax error: identifier 'SHGDNF' [D:\Innovative instruments APP\dmm_ble4\dmm_ble4\windows\DmmBle4\DmmBle4.vcxproj]
D:\Innovative instruments APP\dmm_ble4\dmm_ble4\windows\DmmBle4\dmm_ble4.cpp(37,17): error C3861: 'GetActiveWindow': identifier not found [D:\Innovative instruments APP\dmm_ble4\dmm_ble4\windows\DmmBle4\DmmBle4.vcxproj]
D:\Innovative instruments APP\dmm_ble4\dmm_ble4\windows\DmmBle4\Generated Files\winrt\base.h(1980,45): error C2139: 'IInitializeWithWindow': an undefined class is not allowed as an argument to compiler intrinsic type trait '__is_base_of' [D:\Innovative instruments APP\dmm_ble4\dmm_ble4\windows\DmmBle4\DmmBle4.vcxproj]
C:\Program Files\Microsoft Visual Studio\2022\Community\VC\Tools\MSVC\14.44.35207\include\xtr1common(162,79): error C2139: 'IInitializeWithWindow': an undefined class is not allowed as an argument to compiler intrinsic type trait '__is_base_of' [D:\Innovative instruments APP\dmm_ble4\dmm_ble4\windows\DmmBle4\DmmBle4.vcxproj]
C:\Program Files\Microsoft Visual Studio\2022\Community\VC\Tools\MSVC\14.44.35207\include\xtr1common(155,65): error C2139: 'IInitializeWithWindow': an undefined class is not allowed as an argument to compiler intrinsic type trait '__is_base_of' [D:\Innovative instruments APP\dmm_ble4\dmm_ble4\windows\DmmBle4\DmmBle4.vcxproj]
C:\Program Files\Microsoft Visual Studio\2022\Community\VC\Tools\MSVC\14.44.35207\include\type_traits(48,79): error C2139: 'IInitializeWithWindow': an undefined class is not allowed as an argument to compiler intrinsic type trait '__is_base_of' [D:\Innovative instruments APP\dmm_ble4\dmm_ble4\windows\DmmBle4\DmmBle4.vcxproj]
C:\Program Files\Microsoft Visual Studio\2022\Community\VC\Tools\MSVC\14.44.35207\include\type_traits(1252,35): error C2139: 'IInitializeWithWindow': an undefined class is not allowed as an argument to compiler intrinsic type trait '__is_base_of' [D:\Innovative instruments APP\dmm_ble4\dmm_ble4\windows\DmmBle4\DmmBle4.vcxproj]
D:\Innovative instruments APP\dmm_ble4\dmm_ble4\windows\DmmBle4\Generated Files\winrt\Windows.Foundation.h(3061,20): error C2027: use of undefined type 'IInitializeWithWindow' [D:\Innovative instruments APP\dmm_ble4\dmm_ble4\windows\DmmBle4\DmmBle4.vcxproj]
D:\Innovative instruments APP\dmm_ble4\dmm_ble4\windows\DmmBle4\Generated Files\winrt\Windows.Foundation.h(3067,5): error C3487: 'void': all return expressions must deduce to the same type: previously it was 'T' [D:\Innovative instruments APP\dmm_ble4\dmm_ble4\windows\DmmBle4\DmmBle4.vcxproj]
D:\Innovative instruments APP\dmm_ble4\dmm_ble4\windows\DmmBle4\Generated Files\winrt\Windows.Foundation.h(3067,5): error C3487:         with [D:\Innovative instruments APP\dmm_ble4\dmm_ble4\windows\DmmBle4\DmmBle4.vcxproj]
D:\Innovative instruments APP\dmm_ble4\dmm_ble4\windows\DmmBle4\Generated Files\winrt\Windows.Foundation.h(3067,5): error C3487:         [ [D:\Innovative instruments APP\dmm_ble4\dmm_ble4\windows\DmmBle4\DmmBle4.vcxproj]
D:\Innovative instruments APP\dmm_ble4\dmm_ble4\windows\DmmBle4\Generated Files\winrt\Windows.Foundation.h(3067,5): error C3487:             T=IInitializeWithWindow [D:\Innovative instruments APP\dmm_ble4\dmm_ble4\windows\DmmBle4\DmmBle4.vcxproj]
D:\Innovative instruments APP\dmm_ble4\dmm_ble4\windows\DmmBle4\Generated Files\winrt\Windows.Foundation.h(3067,5): error C3487:         ] [D:\Innovative instruments APP\dmm_ble4\dmm_ble4\windows\DmmBle4\DmmBle4.vcxproj]
D:\Innovative instruments APP\dmm_ble4\dmm_ble4\windows\DmmBle4\Generated Files\winrt\base.h(2109,26): error C2027: use of undefined type 'IInitializeWithWindow' [D:\Innovative instruments APP\dmm_ble4\dmm_ble4\windows\DmmBle4\DmmBle4.vcxproj]
D:\Innovative instruments APP\dmm_ble4\dmm_ble4\windows\DmmBle4\Generated Files\winrt\base.h(2110,9): error C3487: 'void': all return expressions must deduce to the same type: previously it was 'T' [D:\Innovative instruments APP\dmm_ble4\dmm_ble4\windows\DmmBle4\DmmBle4.vcxproj]
D:\Innovative instruments APP\dmm_ble4\dmm_ble4\windows\DmmBle4\Generated Files\winrt\base.h(2110,9): error C3487:         with [D:\Innovative instruments APP\dmm_ble4\dmm_ble4\windows\DmmBle4\DmmBle4.vcxproj]
D:\Innovative instruments APP\dmm_ble4\dmm_ble4\windows\DmmBle4\Generated Files\winrt\base.h(2110,9): error C3487:         [ [D:\Innovative instruments APP\dmm_ble4\dmm_ble4\windows\DmmBle4\DmmBle4.vcxproj]
D:\Innovative instruments APP\dmm_ble4\dmm_ble4\windows\DmmBle4\Generated Files\winrt\base.h(2110,9): error C3487:             T=IInitializeWithWindow [D:\Innovative instruments APP\dmm_ble4\dmm_ble4\windows\DmmBle4\DmmBle4.vcxproj]
D:\Innovative instruments APP\dmm_ble4\dmm_ble4\windows\DmmBle4\Generated Files\winrt\base.h(2110,9): error C3487:         ] [D:\Innovative instruments APP\dmm_ble4\dmm_ble4\windows\DmmBle4\DmmBle4.vcxproj]
D:\Innovative instruments APP\dmm_ble4\dmm_ble4\windows\DmmBle4\dmm_ble4.cpp(38,44): error C2027: use of undefined type 'IInitializeWithWindow' [D:\Innovative instruments APP\dmm_ble4\dmm_ble4\windows\DmmBle4\DmmBle4.vcxproj]
D:\Innovative instruments APP\dmm_ble4\dmm_ble4\windows\DmmBle4\dmm_ble4.cpp(38,35): error C2027: use of undefined type 'IInitializeWithWindow' [D:\Innovative instruments APP\dmm_ble4\dmm_ble4\windows\DmmBle4\DmmBle4.vcxproj]
D:\Innovative instruments APP\dmm_ble4\dmm_ble4\windows\DmmBle4\dmm_ble4.cpp(38,14): error C2451: a conditional expression of type 'T' is not valid [D:\Innovative instruments APP\dmm_ble4\dmm_ble4\windows\DmmBle4\DmmBle4.vcxproj]
D:\Innovative instruments APP\dmm_ble4\dmm_ble4\windows\DmmBle4\dmm_ble4.cpp(38,14): error C2451:         with [D:\Innovative instruments APP\dmm_ble4\dmm_ble4\windows\DmmBle4\DmmBle4.vcxproj]
D:\Innovative instruments APP\dmm_ble4\dmm_ble4\windows\DmmBle4\dmm_ble4.cpp(38,14): error C2451:         [ [D:\Innovative instruments APP\dmm_ble4\dmm_ble4\windows\DmmBle4\DmmBle4.vcxproj]
D:\Innovative instruments APP\dmm_ble4\dmm_ble4\windows\DmmBle4\dmm_ble4.cpp(38,14): error C2451:             T=IInitializeWithWindow [D:\Innovative instruments APP\dmm_ble4\dmm_ble4\windows\DmmBle4\DmmBle4.vcxproj]
D:\Innovative instruments APP\dmm_ble4\dmm_ble4\windows\DmmBle4\dmm_ble4.cpp(38,14): error C2451:         ] [D:\Innovative instruments APP\dmm_ble4\dmm_ble4\windows\DmmBle4\DmmBle4.vcxproj]
D:\Innovative instruments APP\dmm_ble4\dmm_ble4\windows\DmmBle4\dmm_ble4.cpp(39,7): error C2027: use of undefined type 'IInitializeWithWindow' [D:\Innovative instruments APP\dmm_ble4\dmm_ble4\windows\DmmBle4\DmmBle4.vcxproj]
