D:\Innovative instruments APP\dmm_ble4\dmm_ble4\node_modules\react-native-windows\Microsoft.ReactNative.Cxx\NativeModules.h(563,50): error C2338: static_assert failed: 'Method has more callbacks than method spec.' [D:\Innovative instruments APP\dmm_ble4\dmm_ble4\windows\DmmBle4\DmmBle4.vcxproj]
D:\Innovative instruments APP\dmm_ble4\dmm_ble4\node_modules\react-native-windows\Microsoft.ReactNative.Cxx\NativeModules.h(568,28): error C2338: static_assert failed: 'Method Promise type is different from the method spec.' [D:\Innovative instruments APP\dmm_ble4\dmm_ble4\windows\DmmBle4\DmmBle4.vcxproj]
D:\Innovative instruments APP\dmm_ble4\dmm_ble4\windows\DmmBle4\codegen\NativeDmm_ble4Spec.g.h(33,5): error C2338: static_assert failed: 'Method 'getcsvdata' does not match signature (see details below in output). [D:\Innovative instruments APP\dmm_ble4\dmm_ble4\windows\DmmBle4\DmmBle4.vcxproj]
D:\Innovative instruments APP\dmm_ble4\dmm_ble4\windows\DmmBle4\codegen\NativeDmm_ble4Spec.g.h(33,5): error C2338:   It must be one of the following: [D:\Innovative instruments APP\dmm_ble4\dmm_ble4\windows\DmmBle4\DmmBle4.vcxproj]
D:\Innovative instruments APP\dmm_ble4\dmm_ble4\windows\DmmBle4\codegen\NativeDmm_ble4Spec.g.h(33,5): error C2338:     REACT_METHOD(getcsvdata) void getcsvdata(std::string a, ::React::ReactPromise<std::string> &&result) noexcept { /* implementation */ } [D:\Innovative instruments APP\dmm_ble4\dmm_ble4\windows\DmmBle4\DmmBle4.vcxproj]
D:\Innovative instruments APP\dmm_ble4\dmm_ble4\windows\DmmBle4\codegen\NativeDmm_ble4Spec.g.h(33,5): error C2338:     REACT_METHOD(getcsvdata) static void getcsvdata(std::string a, ::React::ReactPromise<std::string> &&result) noexcept { /* implementation */ } [D:\Innovative instruments APP\dmm_ble4\dmm_ble4\windows\DmmBle4\DmmBle4.vcxproj]
D:\Innovative instruments APP\dmm_ble4\dmm_ble4\windows\DmmBle4\codegen\NativeDmm_ble4Spec.g.h(33,5): error C2338:   The C++ method name could be different. In that case add the L"getcsvdata" to the attribute: [D:\Innovative instruments APP\dmm_ble4\dmm_ble4\windows\DmmBle4\DmmBle4.vcxproj]
D:\Innovative instruments APP\dmm_ble4\dmm_ble4\windows\DmmBle4\codegen\NativeDmm_ble4Spec.g.h(33,5): error C2338:     REACT_METHOD(method, L"getcsvdata") [D:\Innovative instruments APP\dmm_ble4\dmm_ble4\windows\DmmBle4\DmmBle4.vcxproj]
D:\Innovative instruments APP\dmm_ble4\dmm_ble4\windows\DmmBle4\codegen\NativeDmm_ble4Spec.g.h(33,5): error C2338: ... [D:\Innovative instruments APP\dmm_ble4\dmm_ble4\windows\DmmBle4\DmmBle4.vcxproj]
D:\Innovative instruments APP\dmm_ble4\dmm_ble4\windows\DmmBle4\codegen\NativeDmm_ble4Spec.g.h(33,5): error C2338: ' [D:\Innovative instruments APP\dmm_ble4\dmm_ble4\windows\DmmBle4\DmmBle4.vcxproj]
D:\Innovative instruments APP\dmm_ble4\dmm_ble4\node_modules\react-native-windows\Microsoft.ReactNative.Cxx\NativeModules.h(563,50): error C2338: static_assert failed: 'Method has more callbacks than method spec.' [D:\Innovative instruments APP\dmm_ble4\dmm_ble4\windows\DmmBle4\DmmBle4.vcxproj]
D:\Innovative instruments APP\dmm_ble4\dmm_ble4\node_modules\react-native-windows\Microsoft.ReactNative.Cxx\NativeModules.h(568,28): error C2338: static_assert failed: 'Method Promise type is different from the method spec.' [D:\Innovative instruments APP\dmm_ble4\dmm_ble4\windows\DmmBle4\DmmBle4.vcxproj]
D:\Innovative instruments APP\dmm_ble4\dmm_ble4\windows\DmmBle4\codegen\NativeDmm_ble4Spec.g.h(33,5): error C2338: static_assert failed: 'Method 'getcsvdata' does not match signature (see details below in output). [D:\Innovative instruments APP\dmm_ble4\dmm_ble4\windows\DmmBle4\DmmBle4.vcxproj]
D:\Innovative instruments APP\dmm_ble4\dmm_ble4\windows\DmmBle4\codegen\NativeDmm_ble4Spec.g.h(33,5): error C2338:   It must be one of the following: [D:\Innovative instruments APP\dmm_ble4\dmm_ble4\windows\DmmBle4\DmmBle4.vcxproj]
D:\Innovative instruments APP\dmm_ble4\dmm_ble4\windows\DmmBle4\codegen\NativeDmm_ble4Spec.g.h(33,5): error C2338:     REACT_METHOD(getcsvdata) void getcsvdata(std::string a, ::React::ReactPromise<std::string> &&result) noexcept { /* implementation */ } [D:\Innovative instruments APP\dmm_ble4\dmm_ble4\windows\DmmBle4\DmmBle4.vcxproj]
D:\Innovative instruments APP\dmm_ble4\dmm_ble4\windows\DmmBle4\codegen\NativeDmm_ble4Spec.g.h(33,5): error C2338:     REACT_METHOD(getcsvdata) static void getcsvdata(std::string a, ::React::ReactPromise<std::string> &&result) noexcept { /* implementation */ } [D:\Innovative instruments APP\dmm_ble4\dmm_ble4\windows\DmmBle4\DmmBle4.vcxproj]
D:\Innovative instruments APP\dmm_ble4\dmm_ble4\windows\DmmBle4\codegen\NativeDmm_ble4Spec.g.h(33,5): error C2338:   The C++ method name could be different. In that case add the L"getcsvdata" to the attribute: [D:\Innovative instruments APP\dmm_ble4\dmm_ble4\windows\DmmBle4\DmmBle4.vcxproj]
D:\Innovative instruments APP\dmm_ble4\dmm_ble4\windows\DmmBle4\codegen\NativeDmm_ble4Spec.g.h(33,5): error C2338:     REACT_METHOD(method, L"getcsvdata") [D:\Innovative instruments APP\dmm_ble4\dmm_ble4\windows\DmmBle4\DmmBle4.vcxproj]
D:\Innovative instruments APP\dmm_ble4\dmm_ble4\windows\DmmBle4\codegen\NativeDmm_ble4Spec.g.h(33,5): error C2338: ... [D:\Innovative instruments APP\dmm_ble4\dmm_ble4\windows\DmmBle4\DmmBle4.vcxproj]
D:\Innovative instruments APP\dmm_ble4\dmm_ble4\windows\DmmBle4\codegen\NativeDmm_ble4Spec.g.h(33,5): error C2338: ' [D:\Innovative instruments APP\dmm_ble4\dmm_ble4\windows\DmmBle4\DmmBle4.vcxproj]
