C:\Program Files (x86)\Windows Kits\10\Include\10.0.22621.0\um\comcat.h(188,24): error C2872: 'IUnknown': ambiguous symbol [D:\Innovative instruments APP\dmm_ble4\dmm_ble4\windows\DmmBle4\DmmBle4.vcxproj]
C:\Program Files (x86)\Windows Kits\10\Include\10.0.22621.0\um\ocidl.h(471,5): error C2872: 'IUnknown': ambiguous symbol [D:\Innovative instruments APP\dmm_ble4\dmm_ble4\windows\DmmBle4\DmmBle4.vcxproj]
C:\Program Files (x86)\Windows Kits\10\Include\10.0.22621.0\um\ocidl.h(485,31): error C2872: 'IUnknown': ambiguous symbol [D:\Innovative instruments APP\dmm_ble4\dmm_ble4\windows\DmmBle4\DmmBle4.vcxproj]
C:\Program Files (x86)\Windows Kits\10\Include\10.0.22621.0\um\ocidl.h(622,31): error C2872: 'IUnknown': ambiguous symbol [D:\Innovative instruments APP\dmm_ble4\dmm_ble4\windows\DmmBle4\DmmBle4.vcxproj]
C:\Program Files (x86)\Windows Kits\10\Include\10.0.22621.0\um\ocidl.h(756,36): error C2872: 'IUnknown': ambiguous symbol [D:\Innovative instruments APP\dmm_ble4\dmm_ble4\windows\DmmBle4\DmmBle4.vcxproj]
C:\Program Files (x86)\Windows Kits\10\Include\10.0.22621.0\um\ocidl.h(893,40): error C2872: 'IUnknown': ambiguous symbol [D:\Innovative instruments APP\dmm_ble4\dmm_ble4\windows\DmmBle4\DmmBle4.vcxproj]
C:\Program Files (x86)\Windows Kits\10\Include\10.0.22621.0\um\ocidl.h(6399,28): error C2872: 'IUnknown': ambiguous symbol [D:\Innovative instruments APP\dmm_ble4\dmm_ble4\windows\DmmBle4\DmmBle4.vcxproj]
C:\Program Files (x86)\Windows Kits\10\Include\10.0.22621.0\um\ocidl.h(6876,5): error C2872: 'IUnknown': ambiguous symbol [D:\Innovative instruments APP\dmm_ble4\dmm_ble4\windows\DmmBle4\DmmBle4.vcxproj]
C:\Program Files (x86)\Windows Kits\10\Include\10.0.22621.0\um\ocidl.h(6906,29): error C2872: 'IUnknown': ambiguous symbol [D:\Innovative instruments APP\dmm_ble4\dmm_ble4\windows\DmmBle4\DmmBle4.vcxproj]
C:\Program Files (x86)\Windows Kits\10\Include\10.0.22621.0\um\ocidl.h(7149,15): error C2872: 'IUnknown': ambiguous symbol [D:\Innovative instruments APP\dmm_ble4\dmm_ble4\windows\DmmBle4\DmmBle4.vcxproj]
C:\Program Files (x86)\Windows Kits\10\Include\10.0.22621.0\um\ocidl.h(7151,17): error C2872: 'IUnknown': ambiguous symbol [D:\Innovative instruments APP\dmm_ble4\dmm_ble4\windows\DmmBle4\DmmBle4.vcxproj]
C:\Program Files (x86)\Windows Kits\10\Include\10.0.22621.0\um\ocidl.h(7164,46): error C2872: 'IUnknown': ambiguous symbol [D:\Innovative instruments APP\dmm_ble4\dmm_ble4\windows\DmmBle4\DmmBle4.vcxproj]
C:\Program Files (x86)\Windows Kits\10\Include\10.0.22621.0\um\propsys.h(517,29): error C2872: 'IUnknown': ambiguous symbol [D:\Innovative instruments APP\dmm_ble4\dmm_ble4\windows\DmmBle4\DmmBle4.vcxproj]
C:\Program Files (x86)\Windows Kits\10\Include\10.0.22621.0\um\propsys.h(647,51): error C2872: 'IUnknown': ambiguous symbol [D:\Innovative instruments APP\dmm_ble4\dmm_ble4\windows\DmmBle4\DmmBle4.vcxproj]
C:\Program Files (x86)\Windows Kits\10\Include\10.0.22621.0\um\propsys.h(4635,10): error C2872: 'IUnknown': ambiguous symbol [D:\Innovative instruments APP\dmm_ble4\dmm_ble4\windows\DmmBle4\DmmBle4.vcxproj]
C:\Program Files (x86)\Windows Kits\10\Include\10.0.22621.0\um\shobjidl_core.h(33731,11): error C2061: syntax error: identifier 'CMINVOKECOMMANDINFO' [D:\Innovative instruments APP\dmm_ble4\dmm_ble4\windows\DmmBle4\DmmBle4.vcxproj]
C:\Program Files (x86)\Windows Kits\10\Include\10.0.22621.0\um\shobjidl_core.h(33736,26): error C4430: missing type specifier - int assumed. Note: C++ does not support default-int [D:\Innovative instruments APP\dmm_ble4\dmm_ble4\windows\DmmBle4\DmmBle4.vcxproj]
C:\Program Files (x86)\Windows Kits\10\Include\10.0.22621.0\um\shobjidl_core.h(33736,61): error C2143: syntax error: missing ',' before '*' [D:\Innovative instruments APP\dmm_ble4\dmm_ble4\windows\DmmBle4\DmmBle4.vcxproj]
C:\Program Files (x86)\Windows Kits\10\Include\10.0.22621.0\um\shobjidl_core.h(33836,11): error C2061: syntax error: identifier 'SHGDNF' [D:\Innovative instruments APP\dmm_ble4\dmm_ble4\windows\DmmBle4\DmmBle4.vcxproj]
C:\Program Files (x86)\Windows Kits\10\Include\10.0.22621.0\um\shobjidl_core.h(33846,16): error C2061: syntax error: identifier 'SHGDNF' [D:\Innovative instruments APP\dmm_ble4\dmm_ble4\windows\DmmBle4\DmmBle4.vcxproj]
D:\Innovative instruments APP\dmm_ble4\dmm_ble4\windows\DmmBle4\dmm_ble4.cpp(29,10): error C3861: 'GetActiveWindow': identifier not found [D:\Innovative instruments APP\dmm_ble4\dmm_ble4\windows\DmmBle4\DmmBle4.vcxproj]
