#
# There is insufficient memory for the Java Runtime Environment to continue.
# Native memory allocation (malloc) failed to allocate 1236592 bytes. Error detail: Chunk::new
# Possible reasons:
#   The system is out of physical RAM or swap space
#   This process is running with CompressedOops enabled, and the Java Heap may be blocking the growth of the native heap
# Possible solutions:
#   Reduce memory load on the system
#   Increase physical memory or swap space
#   Check if swap backing store is full
#   Decrease Java heap size (-Xmx/-Xms)
#   Decrease number of Java threads
#   Decrease Java thread stack sizes (-Xss)
#   Set larger code cache with -XX:ReservedCodeCacheSize=
#   JVM is running with Unscaled Compressed Oops mode in which the Java heap is
#     placed in the first 4GB address space. The Java Heap base address is the
#     maximum limit for the native heap growth. Please use -XX:HeapBaseMinAddress
#     to set the Java Heap base and to place the Java Heap above 4GB virtual address.
# This output file may be truncated or incomplete.
#
#  Out of Memory Error (arena.cpp:168), pid=7036, tid=10644
#
# JRE version: OpenJDK Runtime Environment Temurin-21.0.8+9 (21.0.8+9) (build 21.0.8+9-LTS)
# Java VM: OpenJDK 64-Bit Server VM Temurin-21.0.8+9 (21.0.8+9-LTS, mixed mode, sharing, tiered, compressed oops, compressed class ptrs, parallel gc, windows-amd64)
# No core dump will be written. Minidumps are not enabled by default on client versions of Windows
#

---------------  S U M M A R Y ------------

Command Line: --add-modules=ALL-SYSTEM --add-opens=java.base/java.util=ALL-UNNAMED --add-opens=java.base/java.lang=ALL-UNNAMED --add-opens=java.base/sun.nio.fs=ALL-UNNAMED -Declipse.application=org.eclipse.jdt.ls.core.id1 -Dosgi.bundles.defaultStartLevel=4 -Declipse.product=org.eclipse.jdt.ls.core.product -Djava.import.generatesMetadataFilesAtProjectRoot=false -DDetectVMInstallationsJob.disabled=true -Dfile.encoding=utf8 -XX:+UseParallelGC -XX:GCTimeRatio=4 -XX:AdaptiveSizePolicyWeight=90 -Dsun.zip.disableMemoryMapping=true -Xmx2G -Xms100m -Xlog:disable -javaagent:c:\Users\admin\.vscode\extensions\redhat.java-1.45.0-win32-x64\lombok\lombok-1.18.39-4050.jar -XX:+HeapDumpOnOutOfMemoryError -XX:HeapDumpPath=c:\Users\admin\AppData\Roaming\Code\User\workspaceStorage\58fd78f2a317d820cacf0dd097669dc3\redhat.java -Daether.dependencyCollector.impl=bf c:\Users\admin\.vscode\extensions\redhat.java-1.45.0-win32-x64\server\plugins\org.eclipse.equinox.launcher_1.7.0.v20250519-0528.jar -configuration c:\Users\admin\AppData\Roaming\Code\User\globalStorage\redhat.java\1.45.0\config_win -data c:\Users\admin\AppData\Roaming\Code\User\workspaceStorage\58fd78f2a317d820cacf0dd097669dc3\redhat.java\jdt_ws --pipe=\\.\pipe\lsp-e37c1128050ae88dcdcbf86f3b531e45-sock

Host: Intel(R) Core(TM) i3-1005G1 CPU @ 1.20GHz, 4 cores, 7G,  Windows 11 , 64 bit Build 26100 (10.0.26100.4768)
Time: Fri Sep 19 10:11:27 2025 India Standard Time elapsed time: 4.311022 seconds (0d 0h 0m 4s)

---------------  T H R E A D  ---------------

Current thread (0x000001cddacc6920):  JavaThread "C2 CompilerThread0" daemon [_thread_in_native, id=10644, stack(0x0000001904000000,0x0000001904100000) (1024K)]


Current CompileTask:
C2:4311 3277       4       java.lang.invoke.MethodType::makeImpl (109 bytes)

Stack: [0x0000001904000000,0x0000001904100000]
Native frames: (J=compiled Java code, j=interpreted, Vv=VM code, C=native code)
V  [jvm.dll+0x6d2449]
V  [jvm.dll+0x8ae341]
V  [jvm.dll+0x8b08be]
V  [jvm.dll+0x8b0fa3]
V  [jvm.dll+0x280c96]
V  [jvm.dll+0xc581d]
V  [jvm.dll+0xc5d53]
V  [jvm.dll+0x3b919c]
V  [jvm.dll+0x1e1409]
V  [jvm.dll+0x249022]
V  [jvm.dll+0x2484af]
V  [jvm.dll+0x1c89ee]
V  [jvm.dll+0x257d4d]
V  [jvm.dll+0x2562ea]
V  [jvm.dll+0x3f2d16]
V  [jvm.dll+0x857e6b]
V  [jvm.dll+0x6d0b0d]
C  [ucrtbase.dll+0x37b0]
C  [KERNEL32.DLL+0x2e8d7]
C  [ntdll.dll+0x3c34c]


---------------  P R O C E S S  ---------------

Threads class SMR info:
_java_thread_list=0x000001cdf2ea0f70, length=22, elements={
0x000001cdd8a69cc0, 0x000001cddaca9250, 0x000001cddacacc90, 0x000001cddacb0570,
0x000001cddacb1440, 0x000001cddacb3440, 0x000001cddacc3730, 0x000001cddacc6920,
0x000001cddaccb830, 0x000001cdf2387540, 0x000001cdf2500110, 0x000001cdf267f790,
0x000001cdf2615ae0, 0x000001cdf2df5230, 0x000001cdf2df5c60, 0x000001cdf742b930,
0x000001cdf72d63f0, 0x000001cdf7418f60, 0x000001cdf741a9a0, 0x000001cdf741c3e0,
0x000001cdf74195f0, 0x000001cdf7419c80
}

Java Threads: ( => current thread )
  0x000001cdd8a69cc0 JavaThread "main"                              [_thread_blocked, id=13420, stack(0x0000001903600000,0x0000001903700000) (1024K)]
  0x000001cddaca9250 JavaThread "Reference Handler"          daemon [_thread_blocked, id=3956, stack(0x0000001903a00000,0x0000001903b00000) (1024K)]
  0x000001cddacacc90 JavaThread "Finalizer"                  daemon [_thread_blocked, id=6604, stack(0x0000001903b00000,0x0000001903c00000) (1024K)]
  0x000001cddacb0570 JavaThread "Signal Dispatcher"          daemon [_thread_blocked, id=10732, stack(0x0000001903c00000,0x0000001903d00000) (1024K)]
  0x000001cddacb1440 JavaThread "Attach Listener"            daemon [_thread_blocked, id=7800, stack(0x0000001903d00000,0x0000001903e00000) (1024K)]
  0x000001cddacb3440 JavaThread "Service Thread"             daemon [_thread_blocked, id=12012, stack(0x0000001903e00000,0x0000001903f00000) (1024K)]
  0x000001cddacc3730 JavaThread "Monitor Deflation Thread"   daemon [_thread_blocked, id=7640, stack(0x0000001903f00000,0x0000001904000000) (1024K)]
=>0x000001cddacc6920 JavaThread "C2 CompilerThread0"         daemon [_thread_in_native, id=10644, stack(0x0000001904000000,0x0000001904100000) (1024K)]
  0x000001cddaccb830 JavaThread "C1 CompilerThread0"         daemon [_thread_blocked, id=12548, stack(0x0000001904100000,0x0000001904200000) (1024K)]
  0x000001cdf2387540 JavaThread "Common-Cleaner"             daemon [_thread_blocked, id=14432, stack(0x0000001904200000,0x0000001904300000) (1024K)]
  0x000001cdf2500110 JavaThread "Notification Thread"        daemon [_thread_blocked, id=14892, stack(0x0000001904300000,0x0000001904400000) (1024K)]
  0x000001cdf267f790 JavaThread "Active Thread: Equinox Container: 0996f008-c013-4b90-8df2-cbd8f88d62b8"        [_thread_blocked, id=11404, stack(0x0000001904400000,0x0000001904500000) (1024K)]
  0x000001cdf2615ae0 JavaThread "Refresh Thread: Equinox Container: 0996f008-c013-4b90-8df2-cbd8f88d62b8" daemon [_thread_blocked, id=14308, stack(0x0000001904900000,0x0000001904a00000) (1024K)]
  0x000001cdf2df5230 JavaThread "Framework Event Dispatcher: Equinox Container: 0996f008-c013-4b90-8df2-cbd8f88d62b8" daemon [_thread_blocked, id=12832, stack(0x0000001904a00000,0x0000001904b00000) (1024K)]
  0x000001cdf2df5c60 JavaThread "Start Level: Equinox Container: 0996f008-c013-4b90-8df2-cbd8f88d62b8" daemon [_thread_in_vm, id=12500, stack(0x0000001904b00000,0x0000001904c00000) (1024K)]
  0x000001cdf742b930 JavaThread "Bundle File Closer"         daemon [_thread_blocked, id=5284, stack(0x0000001904c00000,0x0000001904d00000) (1024K)]
  0x000001cdf72d63f0 JavaThread "SCR Component Actor"        daemon [_thread_blocked, id=15096, stack(0x0000001904d00000,0x0000001904e00000) (1024K)]
  0x000001cdf7418f60 JavaThread "SCR Component Registry"     daemon [_thread_blocked, id=664, stack(0x0000001904e00000,0x0000001904f00000) (1024K)]
  0x000001cdf741a9a0 JavaThread "Worker-JM"                         [_thread_blocked, id=10128, stack(0x0000001904f00000,0x0000001905000000) (1024K)]
  0x000001cdf741c3e0 JavaThread "JNA Cleaner"                daemon [_thread_blocked, id=15992, stack(0x0000001904800000,0x0000001904900000) (1024K)]
  0x000001cdf74195f0 JavaThread "Worker-0: Checking project encoding"        [_thread_blocked, id=3332, stack(0x0000001905000000,0x0000001905100000) (1024K)]
  0x000001cdf7419c80 JavaThread "Worker-1"                          [_thread_blocked, id=5872, stack(0x0000001905100000,0x0000001905200000) (1024K)]
Total: 22

Other Threads:
  0x000001cddae7c730 VMThread "VM Thread"                           [id=4364, stack(0x0000001903900000,0x0000001903a00000) (1024K)]
  0x000001cddae29a50 WatcherThread "VM Periodic Task Thread"        [id=11588, stack(0x0000001903800000,0x0000001903900000) (1024K)]
  0x000001cddaddb000 WorkerThread "GC Thread#0"                     [id=9524, stack(0x0000001903700000,0x0000001903800000) (1024K)]
  0x000001cdf2d08d40 WorkerThread "GC Thread#1"                     [id=3608, stack(0x0000001904500000,0x0000001904600000) (1024K)]
  0x000001cdf2a42ab0 WorkerThread "GC Thread#2"                     [id=7868, stack(0x0000001904600000,0x0000001904700000) (1024K)]
  0x000001cdf2d090e0 WorkerThread "GC Thread#3"                     [id=15792, stack(0x0000001904700000,0x0000001904800000) (1024K)]
Total: 6

Threads with active compile tasks:
C2 CompilerThread0  4356 3277       4       java.lang.invoke.MethodType::makeImpl (109 bytes)
Total: 1

VM state: not at safepoint (normal execution)

VM Mutex/Monitor currently owned by a thread: None

Heap address: 0x0000000080000000, size: 2048 MB, Compressed Oops mode: 32-bit

CDS archive(s) mapped at: [0x000001cd80000000-0x000001cd80ba0000-0x000001cd80ba0000), size 12189696, SharedBaseAddress: 0x000001cd80000000, ArchiveRelocationMode: 1.
Compressed class space mapped at: 0x000001cd81000000-0x000001cdc1000000, reserved size: 1073741824
Narrow klass base: 0x000001cd80000000, Narrow klass shift: 0, Narrow klass range: 0x100000000

GC Precious Log:
 CardTable entry size: 512
 CPUs: 4 total, 4 available
 Memory: 7987M
 Large Page Support: Disabled
 NUMA Support: Disabled
 Compressed Oops: Enabled (32-bit)
 Alignments: Space 512K, Generation 512K, Heap 2M
 Heap Min Capacity: 100M
 Heap Initial Capacity: 100M
 Heap Max Capacity: 2G
 Pre-touch: Disabled
 Parallel Workers: 4

Heap:
 PSYoungGen      total 29184K, used 18340K [0x00000000d5580000, 0x00000000d7a00000, 0x0000000100000000)
  eden space 25088K, 56% used [0x00000000d5580000,0x00000000d636b048,0x00000000d6e00000)
  from space 4096K, 99% used [0x00000000d6e80000,0x00000000d727e338,0x00000000d7280000)
  to   space 6144K, 0% used [0x00000000d7400000,0x00000000d7400000,0x00000000d7a00000)
 ParOldGen       total 68608K, used 8124K [0x0000000080000000, 0x0000000084300000, 0x00000000d5580000)
  object space 68608K, 11% used [0x0000000080000000,0x00000000807ef158,0x0000000084300000)
 Metaspace       used 17485K, committed 18112K, reserved 1114112K
  class space    used 1835K, committed 2112K, reserved 1048576K

Card table byte_map: [0x000001cdda760000,0x000001cddab70000] _byte_map_base: 0x000001cdda360000

Marking Bits: (ParMarkBitMap*) 0x00007ffadfcaa340
 Begin Bits: [0x000001cded260000, 0x000001cdef260000)
 End Bits:   [0x000001cdef260000, 0x000001cdf1260000)

Polling page: 0x000001cdd8c50000

Metaspace:

Usage:
  Non-class:     15.28 MB used.
      Class:      1.79 MB used.
       Both:     17.08 MB used.

Virtual space:
  Non-class space:       64.00 MB reserved,      15.62 MB ( 24%) committed,  1 nodes.
      Class space:        1.00 GB reserved,       2.06 MB ( <1%) committed,  1 nodes.
             Both:        1.06 GB reserved,      17.69 MB (  2%) committed. 

Chunk freelists:
   Non-Class:  288.00 KB
       Class:  13.77 MB
        Both:  14.05 MB

MaxMetaspaceSize: unlimited
CompressedClassSpaceSize: 1.00 GB
Initial GC threshold: 21.00 MB
Current GC threshold: 21.00 MB
CDS: on
 - commit_granule_bytes: 65536.
 - commit_granule_words: 8192.
 - virtual_space_node_default_size: 8388608.
 - enlarge_chunks_in_place: 1.
 - use_allocation_guard: 0.


Internal statistics:

num_allocs_failed_limit: 0.
num_arena_births: 546.
num_arena_deaths: 0.
num_vsnodes_births: 2.
num_vsnodes_deaths: 0.
num_space_committed: 283.
num_space_uncommitted: 0.
num_chunks_returned_to_freelist: 0.
num_chunks_taken_from_freelist: 1176.
num_chunk_merges: 0.
num_chunk_splits: 746.
num_chunks_enlarged: 487.
num_inconsistent_stats: 0.

CodeHeap 'non-profiled nmethods': size=120000Kb used=1468Kb max_used=1468Kb free=118531Kb
 bounds [0x000001cde5a80000, 0x000001cde5cf0000, 0x000001cdecfb0000]
CodeHeap 'profiled nmethods': size=120000Kb used=6700Kb max_used=6700Kb free=113299Kb
 bounds [0x000001cdddfb0000, 0x000001cdde640000, 0x000001cde54e0000]
CodeHeap 'non-nmethods': size=5760Kb used=1287Kb max_used=1305Kb free=4472Kb
 bounds [0x000001cde54e0000, 0x000001cde5750000, 0x000001cde5a80000]
CodeCache: size=245760Kb, used=9455Kb, max_used=9473Kb, free=236302Kb
 total_blobs=3909, nmethods=3356, adapters=459, full_count=0
Compilation: enabled, stopped_count=0, restarted_count=0

Compilation events (20 events):
Event: 4.211 Thread 0x000001cddaccb830 3327       1       java.util.concurrent.atomic.AtomicReference::set (6 bytes)
Event: 4.212 Thread 0x000001cddaccb830 nmethod 3327 0x000001cde5bebb10 code [0x000001cde5bebca0, 0x000001cde5bebd88]
Event: 4.212 Thread 0x000001cddaccb830 3329       3       java.lang.invoke.LambdaForm::methodType (48 bytes)
Event: 4.212 Thread 0x000001cddaccb830 nmethod 3329 0x000001cdde634090 code [0x000001cdde634280, 0x000001cdde634820]
Event: 4.213 Thread 0x000001cddaccb830 3330       3       jdk.internal.org.objectweb.asm.AnnotationWriter::putAnnotations (110 bytes)
Event: 4.213 Thread 0x000001cddaccb830 nmethod 3330 0x000001cdde634b10 code [0x000001cdde634d20, 0x000001cdde635140]
Event: 4.226 Thread 0x000001cddaccb830 3331       1       org.apache.felix.scr.impl.manager.AbstractComponentManager$State::isEnabled (5 bytes)
Event: 4.226 Thread 0x000001cddaccb830 nmethod 3331 0x000001cde5bec110 code [0x000001cde5bec2a0, 0x000001cde5bec370]
Event: 4.239 Thread 0x000001cddaccb830 3333       3       org.eclipse.osgi.internal.log.LoggerImpl::isTraceEnabled (11 bytes)
Event: 4.239 Thread 0x000001cddaccb830 nmethod 3333 0x000001cdde635410 code [0x000001cdde6355c0, 0x000001cdde6357a8]
Event: 4.241 Thread 0x000001cddaccb830 3334       3       java.util.TreeMap$Entry::<init> (25 bytes)
Event: 4.242 Thread 0x000001cddaccb830 nmethod 3334 0x000001cdde635890 code [0x000001cdde635a40, 0x000001cdde635bf0]
Event: 4.291 Thread 0x000001cddaccb830 3335       1       org.apache.felix.scr.impl.BundleComponentActivator::getBundleContext (5 bytes)
Event: 4.292 Thread 0x000001cddaccb830 nmethod 3335 0x000001cde5bec810 code [0x000001cde5bec9a0, 0x000001cde5beca68]
Event: 4.297 Thread 0x000001cddaccb830 3337       3       java.util.concurrent.CountDownLatch::countDown (10 bytes)
Event: 4.297 Thread 0x000001cddaccb830 nmethod 3337 0x000001cdde635c90 code [0x000001cdde635e60, 0x000001cdde6360b0]
Event: 4.297 Thread 0x000001cddaccb830 3338       3       java.util.concurrent.CountDownLatch$Sync::tryReleaseShared (37 bytes)
Event: 4.297 Thread 0x000001cddaccb830 nmethod 3338 0x000001cdde636190 code [0x000001cdde636360, 0x000001cdde636620]
Event: 4.307 Thread 0x000001cddaccb830 3340       3       java.lang.ref.SoftReference::get (29 bytes)
Event: 4.308 Thread 0x000001cddaccb830 nmethod 3340 0x000001cdde636710 code [0x000001cdde6368c0, 0x000001cdde636a58]

GC Heap History (10 events):
Event: 1.066 GC heap before
{Heap before GC invocations=1 (full 0):
 PSYoungGen      total 29696K, used 25600K [0x00000000d5580000, 0x00000000d7680000, 0x0000000100000000)
  eden space 25600K, 100% used [0x00000000d5580000,0x00000000d6e80000,0x00000000d6e80000)
  from space 4096K, 0% used [0x00000000d7280000,0x00000000d7280000,0x00000000d7680000)
  to   space 4096K, 0% used [0x00000000d6e80000,0x00000000d6e80000,0x00000000d7280000)
 ParOldGen       total 68608K, used 0K [0x0000000080000000, 0x0000000084300000, 0x00000000d5580000)
  object space 68608K, 0% used [0x0000000080000000,0x0000000080000000,0x0000000084300000)
 Metaspace       used 4305K, committed 4544K, reserved 1114112K
  class space    used 469K, committed 576K, reserved 1048576K
}
Event: 1.073 GC heap after
{Heap after GC invocations=1 (full 0):
 PSYoungGen      total 29696K, used 3312K [0x00000000d5580000, 0x00000000d7680000, 0x0000000100000000)
  eden space 25600K, 0% used [0x00000000d5580000,0x00000000d5580000,0x00000000d6e80000)
  from space 4096K, 80% used [0x00000000d6e80000,0x00000000d71bc0c8,0x00000000d7280000)
  to   space 4096K, 0% used [0x00000000d7280000,0x00000000d7280000,0x00000000d7680000)
 ParOldGen       total 68608K, used 16K [0x0000000080000000, 0x0000000084300000, 0x00000000d5580000)
  object space 68608K, 0% used [0x0000000080000000,0x0000000080004000,0x0000000084300000)
 Metaspace       used 4305K, committed 4544K, reserved 1114112K
  class space    used 469K, committed 576K, reserved 1048576K
}
Event: 2.275 GC heap before
{Heap before GC invocations=2 (full 0):
 PSYoungGen      total 29696K, used 28912K [0x00000000d5580000, 0x00000000d7680000, 0x0000000100000000)
  eden space 25600K, 100% used [0x00000000d5580000,0x00000000d6e80000,0x00000000d6e80000)
  from space 4096K, 80% used [0x00000000d6e80000,0x00000000d71bc0c8,0x00000000d7280000)
  to   space 4096K, 0% used [0x00000000d7280000,0x00000000d7280000,0x00000000d7680000)
 ParOldGen       total 68608K, used 16K [0x0000000080000000, 0x0000000084300000, 0x00000000d5580000)
  object space 68608K, 0% used [0x0000000080000000,0x0000000080004000,0x0000000084300000)
 Metaspace       used 8020K, committed 8320K, reserved 1114112K
  class space    used 841K, committed 960K, reserved 1048576K
}
Event: 2.281 GC heap after
{Heap after GC invocations=2 (full 0):
 PSYoungGen      total 29696K, used 4068K [0x00000000d5580000, 0x00000000d7680000, 0x0000000100000000)
  eden space 25600K, 0% used [0x00000000d5580000,0x00000000d5580000,0x00000000d6e80000)
  from space 4096K, 99% used [0x00000000d7280000,0x00000000d7679168,0x00000000d7680000)
  to   space 4096K, 0% used [0x00000000d6e80000,0x00000000d6e80000,0x00000000d7280000)
 ParOldGen       total 68608K, used 1825K [0x0000000080000000, 0x0000000084300000, 0x00000000d5580000)
  object space 68608K, 2% used [0x0000000080000000,0x00000000801c8730,0x0000000084300000)
 Metaspace       used 8020K, committed 8320K, reserved 1114112K
  class space    used 841K, committed 960K, reserved 1048576K
}
Event: 2.620 GC heap before
{Heap before GC invocations=3 (full 0):
 PSYoungGen      total 29696K, used 29661K [0x00000000d5580000, 0x00000000d7680000, 0x0000000100000000)
  eden space 25600K, 99% used [0x00000000d5580000,0x00000000d6e7e368,0x00000000d6e80000)
  from space 4096K, 99% used [0x00000000d7280000,0x00000000d7679168,0x00000000d7680000)
  to   space 4096K, 0% used [0x00000000d6e80000,0x00000000d6e80000,0x00000000d7280000)
 ParOldGen       total 68608K, used 1825K [0x0000000080000000, 0x0000000084300000, 0x00000000d5580000)
  object space 68608K, 2% used [0x0000000080000000,0x00000000801c8730,0x0000000084300000)
 Metaspace       used 9420K, committed 9728K, reserved 1114112K
  class space    used 1007K, committed 1152K, reserved 1048576K
}
Event: 2.628 GC heap after
{Heap after GC invocations=3 (full 0):
 PSYoungGen      total 29696K, used 4092K [0x00000000d5580000, 0x00000000d7680000, 0x0000000100000000)
  eden space 25600K, 0% used [0x00000000d5580000,0x00000000d5580000,0x00000000d6e80000)
  from space 4096K, 99% used [0x00000000d6e80000,0x00000000d727f158,0x00000000d7280000)
  to   space 4096K, 0% used [0x00000000d7280000,0x00000000d7280000,0x00000000d7680000)
 ParOldGen       total 68608K, used 5138K [0x0000000080000000, 0x0000000084300000, 0x00000000d5580000)
  object space 68608K, 7% used [0x0000000080000000,0x0000000080504800,0x0000000084300000)
 Metaspace       used 9420K, committed 9728K, reserved 1114112K
  class space    used 1007K, committed 1152K, reserved 1048576K
}
Event: 3.115 GC heap before
{Heap before GC invocations=4 (full 0):
 PSYoungGen      total 29696K, used 29692K [0x00000000d5580000, 0x00000000d7680000, 0x0000000100000000)
  eden space 25600K, 100% used [0x00000000d5580000,0x00000000d6e80000,0x00000000d6e80000)
  from space 4096K, 99% used [0x00000000d6e80000,0x00000000d727f158,0x00000000d7280000)
  to   space 4096K, 0% used [0x00000000d7280000,0x00000000d7280000,0x00000000d7680000)
 ParOldGen       total 68608K, used 5138K [0x0000000080000000, 0x0000000084300000, 0x00000000d5580000)
  object space 68608K, 7% used [0x0000000080000000,0x0000000080504800,0x0000000084300000)
 Metaspace       used 12163K, committed 12608K, reserved 1114112K
  class space    used 1300K, committed 1472K, reserved 1048576K
}
Event: 3.120 GC heap after
{Heap after GC invocations=4 (full 0):
 PSYoungGen      total 29696K, used 4077K [0x00000000d5580000, 0x00000000d7680000, 0x0000000100000000)
  eden space 25600K, 0% used [0x00000000d5580000,0x00000000d5580000,0x00000000d6e80000)
  from space 4096K, 99% used [0x00000000d7280000,0x00000000d767b660,0x00000000d7680000)
  to   space 4096K, 0% used [0x00000000d6e80000,0x00000000d6e80000,0x00000000d7280000)
 ParOldGen       total 68608K, used 6717K [0x0000000080000000, 0x0000000084300000, 0x00000000d5580000)
  object space 68608K, 9% used [0x0000000080000000,0x000000008068f5d0,0x0000000084300000)
 Metaspace       used 12163K, committed 12608K, reserved 1114112K
  class space    used 1300K, committed 1472K, reserved 1048576K
}
Event: 3.623 GC heap before
{Heap before GC invocations=5 (full 0):
 PSYoungGen      total 29696K, used 29677K [0x00000000d5580000, 0x00000000d7680000, 0x0000000100000000)
  eden space 25600K, 100% used [0x00000000d5580000,0x00000000d6e80000,0x00000000d6e80000)
  from space 4096K, 99% used [0x00000000d7280000,0x00000000d767b660,0x00000000d7680000)
  to   space 4096K, 0% used [0x00000000d6e80000,0x00000000d6e80000,0x00000000d7280000)
 ParOldGen       total 68608K, used 6717K [0x0000000080000000, 0x0000000084300000, 0x00000000d5580000)
  object space 68608K, 9% used [0x0000000080000000,0x000000008068f5d0,0x0000000084300000)
 Metaspace       used 15372K, committed 15872K, reserved 1114112K
  class space    used 1582K, committed 1792K, reserved 1048576K
}
Event: 3.628 GC heap after
{Heap after GC invocations=5 (full 0):
 PSYoungGen      total 29184K, used 4088K [0x00000000d5580000, 0x00000000d7a00000, 0x0000000100000000)
  eden space 25088K, 0% used [0x00000000d5580000,0x00000000d5580000,0x00000000d6e00000)
  from space 4096K, 99% used [0x00000000d6e80000,0x00000000d727e338,0x00000000d7280000)
  to   space 6144K, 0% used [0x00000000d7400000,0x00000000d7400000,0x00000000d7a00000)
 ParOldGen       total 68608K, used 8124K [0x0000000080000000, 0x0000000084300000, 0x00000000d5580000)
  object space 68608K, 11% used [0x0000000080000000,0x00000000807ef158,0x0000000084300000)
 Metaspace       used 15372K, committed 15872K, reserved 1114112K
  class space    used 1582K, committed 1792K, reserved 1048576K
}

Dll operation events (10 events):
Event: 0.012 Loaded shared library c:\Users\admin\.vscode\extensions\redhat.java-1.45.0-win32-x64\jre\21.0.8-win32-x86_64\bin\java.dll
Event: 0.083 Loaded shared library c:\Users\admin\.vscode\extensions\redhat.java-1.45.0-win32-x64\jre\21.0.8-win32-x86_64\bin\zip.dll
Event: 0.106 Loaded shared library C:\Users\admin\.vscode\extensions\redhat.java-1.45.0-win32-x64\jre\21.0.8-win32-x86_64\bin\instrument.dll
Event: 0.111 Loaded shared library C:\Users\admin\.vscode\extensions\redhat.java-1.45.0-win32-x64\jre\21.0.8-win32-x86_64\bin\net.dll
Event: 0.113 Loaded shared library C:\Users\admin\.vscode\extensions\redhat.java-1.45.0-win32-x64\jre\21.0.8-win32-x86_64\bin\nio.dll
Event: 0.117 Loaded shared library C:\Users\admin\.vscode\extensions\redhat.java-1.45.0-win32-x64\jre\21.0.8-win32-x86_64\bin\zip.dll
Event: 0.146 Loaded shared library C:\Users\admin\.vscode\extensions\redhat.java-1.45.0-win32-x64\jre\21.0.8-win32-x86_64\bin\jimage.dll
Event: 0.282 Loaded shared library c:\Users\admin\.vscode\extensions\redhat.java-1.45.0-win32-x64\jre\21.0.8-win32-x86_64\bin\verify.dll
Event: 2.284 Loaded shared library C:\Users\admin\AppData\Roaming\Code\User\globalStorage\redhat.java\1.45.0\config_win\org.eclipse.equinox.launcher\org.eclipse.equinox.launcher.win32.win32.x86_64_1.2.1400.v20250801-0854\eclipse_11916.dll
Event: 4.011 Loaded shared library C:\Users\admin\AppData\Local\Temp\jna-92668751\jna793368209776023632.dll

Deoptimization events (20 events):
Event: 3.630 Thread 0x000001cdf2df5c60 Uncommon trap: trap_request=0xffffff45 fr.pc=0x000001cde5b9be10 relative=0x0000000000000070
Event: 3.630 Thread 0x000001cdf2df5c60 Uncommon trap: reason=unstable_if action=reinterpret pc=0x000001cde5b9be10 method=java.lang.ref.ReferenceQueue.poll()Ljava/lang/ref/Reference; @ 4 c2
Event: 3.630 Thread 0x000001cdf2df5c60 DEOPT PACKING pc=0x000001cde5b9be10 sp=0x0000001904bf8a30
Event: 3.630 Thread 0x000001cdf2df5c60 DEOPT UNPACKING pc=0x000001cde5536da2 sp=0x0000001904bf89b8 mode 2
Event: 3.701 Thread 0x000001cdf2df5c60 Uncommon trap: trap_request=0xffffff45 fr.pc=0x000001cde5be2c04 relative=0x0000000000000c04
Event: 3.701 Thread 0x000001cdf2df5c60 Uncommon trap: reason=unstable_if action=reinterpret pc=0x000001cde5be2c04 method=java.io.DataInputStream.readFully([BII)V @ 37 c2
Event: 3.701 Thread 0x000001cdf2df5c60 DEOPT PACKING pc=0x000001cde5be2c04 sp=0x0000001904bf9430
Event: 3.701 Thread 0x000001cdf2df5c60 DEOPT UNPACKING pc=0x000001cde5536da2 sp=0x0000001904bf92f0 mode 2
Event: 3.807 Thread 0x000001cdf2df5c60 Uncommon trap: trap_request=0xffffff45 fr.pc=0x000001cde5ab6bc0 relative=0x00000000000006a0
Event: 3.807 Thread 0x000001cdf2df5c60 Uncommon trap: reason=unstable_if action=reinterpret pc=0x000001cde5ab6bc0 method=java.lang.String.replace(Ljava/lang/CharSequence;Ljava/lang/CharSequence;)Ljava/lang/String; @ 42 c2
Event: 3.807 Thread 0x000001cdf2df5c60 DEOPT PACKING pc=0x000001cde5ab6bc0 sp=0x0000001904bf73c0
Event: 3.807 Thread 0x000001cdf2df5c60 DEOPT UNPACKING pc=0x000001cde5536da2 sp=0x0000001904bf7340 mode 2
Event: 4.105 Thread 0x000001cdf2df5c60 Uncommon trap: trap_request=0xffffffc6 fr.pc=0x000001cde5b656c4 relative=0x0000000000000bc4
Event: 4.105 Thread 0x000001cdf2df5c60 Uncommon trap: reason=bimorphic_or_optimized_type_check action=maybe_recompile pc=0x000001cde5b656c4 method=java.util.HashMap.putVal(ILjava/lang/Object;Ljava/lang/Object;ZZ)Ljava/lang/Object; @ 91 c2
Event: 4.105 Thread 0x000001cdf2df5c60 DEOPT PACKING pc=0x000001cde5b656c4 sp=0x0000001904bf7a80
Event: 4.105 Thread 0x000001cdf2df5c60 DEOPT UNPACKING pc=0x000001cde5536da2 sp=0x0000001904bf79a8 mode 2
Event: 4.172 Thread 0x000001cdf2df5c60 Uncommon trap: trap_request=0xffffff45 fr.pc=0x000001cde5bd2b24 relative=0x0000000000000084
Event: 4.172 Thread 0x000001cdf2df5c60 Uncommon trap: reason=unstable_if action=reinterpret pc=0x000001cde5bd2b24 method=java.lang.ref.SoftReference.get()Ljava/lang/Object; @ 6 c2
Event: 4.172 Thread 0x000001cdf2df5c60 DEOPT PACKING pc=0x000001cde5bd2b24 sp=0x0000001904bf9540
Event: 4.172 Thread 0x000001cdf2df5c60 DEOPT UNPACKING pc=0x000001cde5536da2 sp=0x0000001904bf94d8 mode 2

Classes loaded (20 events):
Event: 4.036 Loading class java/lang/reflect/UndeclaredThrowableException
Event: 4.036 Loading class java/lang/reflect/UndeclaredThrowableException done
Event: 4.037 Loading class java/lang/Class$AnnotationData
Event: 4.037 Loading class java/lang/Class$AnnotationData done
Event: 4.037 Loading class jdk/internal/reflect/MethodHandleIntegerFieldAccessorImpl
Event: 4.038 Loading class jdk/internal/reflect/MethodHandleIntegerFieldAccessorImpl done
Event: 4.090 Loading class java/io/PrintWriter
Event: 4.091 Loading class java/io/PrintWriter done
Event: 4.104 Loading class jdk/internal/reflect/MethodHandleShortFieldAccessorImpl
Event: 4.104 Loading class jdk/internal/reflect/MethodHandleShortFieldAccessorImpl done
Event: 4.104 Loading class java/lang/Short$ShortCache
Event: 4.104 Loading class java/lang/Short$ShortCache done
Event: 4.154 Loading class java/util/function/LongUnaryOperator
Event: 4.158 Loading class java/util/function/LongUnaryOperator done
Event: 4.159 Loading class java/lang/ThreadDeath
Event: 4.159 Loading class java/lang/ThreadDeath done
Event: 4.180 Loading class java/util/stream/SortedOps$SizedRefSortingSink
Event: 4.180 Loading class java/util/stream/SortedOps$SizedRefSortingSink done
Event: 4.295 Loading class java/util/concurrent/atomic/Striped64$1
Event: 4.295 Loading class java/util/concurrent/atomic/Striped64$1 done

Classes unloaded (0 events):
No events

Classes redefined (0 events):
No events

Internal exceptions (20 events):
Event: 3.683 Thread 0x000001cdf2df5c60 Exception <a 'java/lang/NoSuchMethodError'{0x00000000d5710510}: 'java.lang.Object java.lang.invoke.DirectMethodHandle$Holder.newInvokeSpecial(java.lang.Object, java.lang.Object, java.lang.Object, java.lang.Object, java.lang.Object)'> (0x00000000d5710510) 
thrown [s\src\hotspot\share\interpreter\linkResolver.cpp, line 773]
Event: 3.729 Thread 0x000001cdf2df5c60 Exception <a 'java/lang/NoSuchMethodError'{0x00000000d58e4640}: 'java.lang.Object java.lang.invoke.DirectMethodHandle$Holder.invokeStaticInit(java.lang.Object, int)'> (0x00000000d58e4640) 
thrown [s\src\hotspot\share\interpreter\linkResolver.cpp, line 773]
Event: 3.816 Thread 0x000001cdf2df5c60 Exception <a 'java/lang/NoSuchMethodError'{0x00000000d5b52198}: 'java.lang.Object java.lang.invoke.DirectMethodHandle$Holder.invokeStaticInit(java.lang.Object, int, int, int, int)'> (0x00000000d5b52198) 
thrown [s\src\hotspot\share\interpreter\linkResolver.cpp, line 773]
Event: 3.894 Thread 0x000001cdf2df5c60 Exception <a 'java/lang/NoSuchMethodError'{0x00000000d5ca2e48}: 'java.lang.Object java.lang.invoke.DirectMethodHandle$Holder.invokeStaticInit(java.lang.Object, java.lang.Object, int, int, int, int)'> (0x00000000d5ca2e48) 
thrown [s\src\hotspot\share\interpreter\linkResolver.cpp, line 773]
Event: 4.038 Thread 0x000001cdf2df5c60 Exception <a 'java/lang/NoSuchMethodError'{0x00000000d5db8f20}: 'void java.lang.invoke.DirectMethodHandle$Holder.invokeSpecial(java.lang.Object, java.lang.Object, java.lang.Object, int)'> (0x00000000d5db8f20) 
thrown [s\src\hotspot\share\interpreter\linkResolver.cpp, line 773]
Event: 4.038 Thread 0x000001cdf2df5c60 Exception <a 'java/lang/NoSuchMethodError'{0x00000000d5dbc8b0}: 'void java.lang.invoke.DelegatingMethodHandle$Holder.reinvoke_L(java.lang.Object, java.lang.Object, int)'> (0x00000000d5dbc8b0) 
thrown [s\src\hotspot\share\interpreter\linkResolver.cpp, line 773]
Event: 4.039 Thread 0x000001cdf2df5c60 Exception <a 'java/lang/NoSuchMethodError'{0x00000000d5dc3598}: 'int java.lang.invoke.Invokers$Holder.invokeExact_MT(java.lang.Object, java.lang.Object, java.lang.Object)'> (0x00000000d5dc3598) 
thrown [s\src\hotspot\share\interpreter\linkResolver.cpp, line 773]
Event: 4.107 Thread 0x000001cdf2df5c60 Exception <a 'java/lang/NoSuchMethodError'{0x00000000d5ee20f0}: 'void java.lang.invoke.Invokers$Holder.invokeExact_MT(java.lang.Object, java.lang.Object, int, java.lang.Object)'> (0x00000000d5ee20f0) 
thrown [s\src\hotspot\share\interpreter\linkResolver.cpp, line 773]
Event: 4.143 Thread 0x000001cdf2df5c60 Exception <a 'java/lang/NoSuchMethodError'{0x00000000d5fe8d28}: 'java.lang.Object java.lang.invoke.DirectMethodHandle$Holder.invokeSpecial(java.lang.Object, java.lang.Object, java.lang.Object, long, java.lang.Object)'> (0x00000000d5fe8d28) 
thrown [s\src\hotspot\share\interpreter\linkResolver.cpp, line 773]
Event: 4.144 Thread 0x000001cdf2df5c60 Exception <a 'java/lang/NoSuchMethodError'{0x00000000d5ff0570}: 'java.lang.Object java.lang.invoke.DirectMethodHandle$Holder.newInvokeSpecial(java.lang.Object, java.lang.Object, java.lang.Object, long)'> (0x00000000d5ff0570) 
thrown [s\src\hotspot\share\interpreter\linkResolver.cpp, line 773]
Event: 4.145 Thread 0x000001cdf2df5c60 Exception <a 'java/lang/NoSuchMethodError'{0x00000000d5ff4960}: 'java.lang.Object java.lang.invoke.DirectMethodHandle$Holder.invokeSpecial(java.lang.Object, java.lang.Object, java.lang.Object, java.lang.Object, long)'> (0x00000000d5ff4960) 
thrown [s\src\hotspot\share\interpreter\linkResolver.cpp, line 773]
Event: 4.146 Thread 0x000001cdf2df5c60 Exception <a 'java/lang/NoSuchMethodError'{0x00000000d5ff8580}: 'java.lang.Object java.lang.invoke.Invokers$Holder.linkToTargetMethod(java.lang.Object, java.lang.Object, long, java.lang.Object)'> (0x00000000d5ff8580) 
thrown [s\src\hotspot\share\interpreter\linkResolver.cpp, line 773]
Event: 4.175 Thread 0x000001cdf2df5c60 Exception <a 'java/lang/NoSuchMethodError'{0x00000000d6059508}: 'int java.lang.invoke.DirectMethodHandle$Holder.invokeStaticInit(java.lang.Object, java.lang.Object, java.lang.Object)'> (0x00000000d6059508) 
thrown [s\src\hotspot\share\interpreter\linkResolver.cpp, line 773]
Event: 4.195 Thread 0x000001cdf2df5c60 Exception <a 'java/lang/IncompatibleClassChangeError'{0x00000000d610e208}: Found class java.lang.Object, but interface was expected> (0x00000000d610e208) 
thrown [s\src\hotspot\share\interpreter\linkResolver.cpp, line 840]
Event: 4.207 Thread 0x000001cdf2df5c60 Exception <a 'java/lang/NoSuchMethodError'{0x00000000d611da18}: 'java.lang.Object java.lang.invoke.DirectMethodHandle$Holder.invokeSpecial(java.lang.Object, java.lang.Object, java.lang.Object, int, java.lang.Object, java.lang.Object)'> (0x00000000d611da18) 
thrown [s\src\hotspot\share\interpreter\linkResolver.cpp, line 773]
Event: 4.209 Thread 0x000001cdf2df5c60 Exception <a 'java/lang/NoSuchMethodError'{0x00000000d6125430}: 'java.lang.Object java.lang.invoke.DirectMethodHandle$Holder.newInvokeSpecial(java.lang.Object, java.lang.Object, java.lang.Object, int, java.lang.Object)'> (0x00000000d6125430) 
thrown [s\src\hotspot\share\interpreter\linkResolver.cpp, line 773]
Event: 4.209 Thread 0x000001cdf2df5c60 Exception <a 'java/lang/NoSuchMethodError'{0x00000000d61293f0}: 'java.lang.Object java.lang.invoke.DirectMethodHandle$Holder.invokeSpecial(java.lang.Object, java.lang.Object, java.lang.Object, java.lang.Object, int, java.lang.Object)'> (0x00000000d61293f0) 
thrown [s\src\hotspot\share\interpreter\linkResolver.cpp, line 773]
Event: 4.210 Thread 0x000001cdf2df5c60 Exception <a 'java/lang/NoSuchMethodError'{0x00000000d612cf30}: 'java.lang.Object java.lang.invoke.Invokers$Holder.linkToTargetMethod(java.lang.Object, java.lang.Object, int, java.lang.Object, java.lang.Object)'> (0x00000000d612cf30) 
thrown [s\src\hotspot\share\interpreter\linkResolver.cpp, line 773]
Event: 4.213 Thread 0x000001cdf74195f0 Exception <a 'java/lang/NoSuchMethodError'{0x00000000d607f368}: 'java.lang.Object java.lang.invoke.DirectMethodHandle$Holder.invokeSpecial(java.lang.Object, java.lang.Object, int, java.lang.Object, java.lang.Object)'> (0x00000000d607f368) 
thrown [s\src\hotspot\share\interpreter\linkResolver.cpp, line 773]
Event: 4.307 Thread 0x000001cdf2df5c60 Exception <a 'java/lang/NoSuchMethodError'{0x00000000d6231300}: 'void java.lang.invoke.DirectMethodHandle$Holder.invokeSpecial(java.lang.Object, java.lang.Object, java.lang.Object, java.lang.Object, java.lang.Object)'> (0x00000000d6231300) 
thrown [s\src\hotspot\share\interpreter\linkResolver.cpp, line 773]

ZGC Phase Switch (0 events):
No events

VM Operations (20 events):
Event: 2.438 Executing VM operation: HandshakeAllThreads (Deoptimize)
Event: 2.438 Executing VM operation: HandshakeAllThreads (Deoptimize) done
Event: 2.620 Executing VM operation: ParallelGCFailedAllocation (Allocation Failure)
Event: 2.628 Executing VM operation: ParallelGCFailedAllocation (Allocation Failure) done
Event: 3.030 Executing VM operation: HandshakeAllThreads (Deoptimize)
Event: 3.030 Executing VM operation: HandshakeAllThreads (Deoptimize) done
Event: 3.115 Executing VM operation: ParallelGCFailedAllocation (Allocation Failure)
Event: 3.120 Executing VM operation: ParallelGCFailedAllocation (Allocation Failure) done
Event: 3.543 Executing VM operation: ICBufferFull
Event: 3.543 Executing VM operation: ICBufferFull done
Event: 3.592 Executing VM operation: HandshakeAllThreads (Deoptimize)
Event: 3.592 Executing VM operation: HandshakeAllThreads (Deoptimize) done
Event: 3.623 Executing VM operation: ParallelGCFailedAllocation (Allocation Failure)
Event: 3.628 Executing VM operation: ParallelGCFailedAllocation (Allocation Failure) done
Event: 3.747 Executing VM operation: HandshakeAllThreads (Deoptimize)
Event: 3.747 Executing VM operation: HandshakeAllThreads (Deoptimize) done
Event: 3.869 Executing VM operation: HandshakeAllThreads (Deoptimize)
Event: 3.869 Executing VM operation: HandshakeAllThreads (Deoptimize) done
Event: 4.023 Executing VM operation: HandshakeAllThreads (Deoptimize)
Event: 4.023 Executing VM operation: HandshakeAllThreads (Deoptimize) done

Memory protections (0 events):
No events

Nmethod flushes (0 events):
No events

Events (20 events):
Event: 0.045 Thread 0x000001cdd8a69cc0 Thread added: 0x000001cddacc3730
Event: 0.045 Thread 0x000001cdd8a69cc0 Thread added: 0x000001cddacc6920
Event: 0.045 Thread 0x000001cdd8a69cc0 Thread added: 0x000001cddaccb830
Event: 0.068 Thread 0x000001cdd8a69cc0 Thread added: 0x000001cdf2387540
Event: 0.444 Thread 0x000001cdd8a69cc0 Thread added: 0x000001cdf2500110
Event: 0.608 Thread 0x000001cddaccb830 Thread added: 0x000001cdf267f790
Event: 2.021 Thread 0x000001cdf267f790 Thread exited: 0x000001cdf267f790
Event: 2.033 Thread 0x000001cdd8a69cc0 Thread added: 0x000001cdf267f790
Event: 2.211 Thread 0x000001cddaccb830 Thread added: 0x000001cdf2636610
Event: 2.272 Thread 0x000001cdd8a69cc0 Thread added: 0x000001cdf2615ae0
Event: 2.313 Thread 0x000001cdf2615ae0 Thread added: 0x000001cdf2df5230
Event: 2.315 Thread 0x000001cdd8a69cc0 Thread added: 0x000001cdf2df5c60
Event: 2.683 Thread 0x000001cdf2df5c60 Thread added: 0x000001cdf742b930
Event: 2.926 Thread 0x000001cdf2df5c60 Thread added: 0x000001cdf72d63f0
Event: 3.018 Thread 0x000001cdf2df5c60 Thread added: 0x000001cdf7418f60
Event: 3.462 Thread 0x000001cdf2df5c60 Thread added: 0x000001cdf741a9a0
Event: 4.012 Thread 0x000001cdf2636610 Thread exited: 0x000001cdf2636610
Event: 4.075 Thread 0x000001cdf2df5c60 Thread added: 0x000001cdf741c3e0
Event: 4.165 Thread 0x000001cdf2df5c60 Thread added: 0x000001cdf74195f0
Event: 4.226 Thread 0x000001cdf2df5c60 Thread added: 0x000001cdf7419c80


Dynamic libraries:
0x00007ff68f8c0000 - 0x00007ff68f8ce000 	c:\Users\admin\.vscode\extensions\redhat.java-1.45.0-win32-x64\jre\21.0.8-win32-x86_64\bin\java.exe
0x00007ffb2d560000 - 0x00007ffb2d7c7000 	C:\WINDOWS\SYSTEM32\ntdll.dll
0x00007ffb2c850000 - 0x00007ffb2c919000 	C:\WINDOWS\System32\KERNEL32.DLL
0x00007ffb2a720000 - 0x00007ffb2ab10000 	C:\WINDOWS\System32\KERNELBASE.dll
0x00007ffb2b0f0000 - 0x00007ffb2b23b000 	C:\WINDOWS\System32\ucrtbase.dll
0x00007ffb1ac70000 - 0x00007ffb1ac88000 	c:\Users\admin\.vscode\extensions\redhat.java-1.45.0-win32-x64\jre\21.0.8-win32-x86_64\bin\jli.dll
0x00007ffb2c040000 - 0x00007ffb2c205000 	C:\WINDOWS\System32\USER32.dll
0x00007ffb2aea0000 - 0x00007ffb2aec7000 	C:\WINDOWS\System32\win32u.dll
0x00007ffb2c820000 - 0x00007ffb2c84b000 	C:\WINDOWS\System32\GDI32.dll
0x00007ffb2ad60000 - 0x00007ffb2ae98000 	C:\WINDOWS\System32\gdi32full.dll
0x00007ffb2b240000 - 0x00007ffb2b2e3000 	C:\WINDOWS\System32\msvcp_win.dll
0x00007ffb1abc0000 - 0x00007ffb1abde000 	c:\Users\admin\.vscode\extensions\redhat.java-1.45.0-win32-x64\jre\21.0.8-win32-x86_64\bin\VCRUNTIME140.dll
0x00007ffb1dc80000 - 0x00007ffb1df1a000 	C:\WINDOWS\WinSxS\amd64_microsoft.windows.common-controls_6595b64144ccf1df_6.0.26100.4768_none_3e0c112ce331287c\COMCTL32.dll
0x00007ffb2c5d0000 - 0x00007ffb2c679000 	C:\WINDOWS\System32\msvcrt.dll
0x00007ffb2d2f0000 - 0x00007ffb2d31f000 	C:\WINDOWS\System32\IMM32.DLL
0x00007ffb1d910000 - 0x00007ffb1d91c000 	c:\Users\admin\.vscode\extensions\redhat.java-1.45.0-win32-x64\jre\21.0.8-win32-x86_64\bin\vcruntime140_1.dll
0x00007ffb088d0000 - 0x00007ffb0895d000 	c:\Users\admin\.vscode\extensions\redhat.java-1.45.0-win32-x64\jre\21.0.8-win32-x86_64\bin\msvcp140.dll
0x00007ffadeff0000 - 0x00007ffadfd87000 	c:\Users\admin\.vscode\extensions\redhat.java-1.45.0-win32-x64\jre\21.0.8-win32-x86_64\bin\server\jvm.dll
0x00007ffb2ccb0000 - 0x00007ffb2cd64000 	C:\WINDOWS\System32\ADVAPI32.dll
0x00007ffb2c520000 - 0x00007ffb2c5c6000 	C:\WINDOWS\System32\sechost.dll
0x00007ffb2c210000 - 0x00007ffb2c328000 	C:\WINDOWS\System32\RPCRT4.dll
0x00007ffb2cf50000 - 0x00007ffb2cfc4000 	C:\WINDOWS\System32\WS2_32.dll
0x00007ffb2a510000 - 0x00007ffb2a56e000 	C:\WINDOWS\SYSTEM32\POWRPROF.dll
0x00007ffb14c80000 - 0x00007ffb14cb5000 	C:\WINDOWS\SYSTEM32\WINMM.dll
0x00007ffb281a0000 - 0x00007ffb281ab000 	C:\WINDOWS\SYSTEM32\VERSION.dll
0x00007ffb2a4f0000 - 0x00007ffb2a504000 	C:\WINDOWS\SYSTEM32\UMPDC.dll
0x00007ffb29410000 - 0x00007ffb2942b000 	C:\WINDOWS\SYSTEM32\kernel.appcore.dll
0x00007ffb1bcb0000 - 0x00007ffb1bcba000 	c:\Users\admin\.vscode\extensions\redhat.java-1.45.0-win32-x64\jre\21.0.8-win32-x86_64\bin\jimage.dll
0x00007ffb26ee0000 - 0x00007ffb27121000 	C:\WINDOWS\SYSTEM32\DBGHELP.DLL
0x00007ffb2c920000 - 0x00007ffb2cca5000 	C:\WINDOWS\System32\combase.dll
0x00007ffb2b2f0000 - 0x00007ffb2b3d0000 	C:\WINDOWS\System32\OLEAUT32.dll
0x00007ffb0f7a0000 - 0x00007ffb0f7e3000 	C:\WINDOWS\SYSTEM32\dbgcore.DLL
0x00007ffb2b050000 - 0x00007ffb2b0e9000 	C:\WINDOWS\System32\bcryptPrimitives.dll
0x00007ffb18fc0000 - 0x00007ffb18fcf000 	c:\Users\admin\.vscode\extensions\redhat.java-1.45.0-win32-x64\jre\21.0.8-win32-x86_64\bin\instrument.dll
0x00007ffb18fd0000 - 0x00007ffb18fef000 	c:\Users\admin\.vscode\extensions\redhat.java-1.45.0-win32-x64\jre\21.0.8-win32-x86_64\bin\java.dll
0x00007ffb2b8c0000 - 0x00007ffb2c00d000 	C:\WINDOWS\System32\SHELL32.dll
0x00007ffb2ab20000 - 0x00007ffb2ac93000 	C:\WINDOWS\System32\wintypes.dll
0x00007ffb282a0000 - 0x00007ffb28b00000 	C:\WINDOWS\SYSTEM32\windows.storage.dll
0x00007ffb2c700000 - 0x00007ffb2c7f5000 	C:\WINDOWS\System32\SHCORE.dll
0x00007ffb2c4b0000 - 0x00007ffb2c51a000 	C:\WINDOWS\System32\shlwapi.dll
0x00007ffb2a5b0000 - 0x00007ffb2a5d9000 	C:\WINDOWS\SYSTEM32\profapi.dll
0x00007ffb16ec0000 - 0x00007ffb16ed8000 	c:\Users\admin\.vscode\extensions\redhat.java-1.45.0-win32-x64\jre\21.0.8-win32-x86_64\bin\zip.dll
0x00007ffb1bb70000 - 0x00007ffb1bb80000 	C:\Users\admin\.vscode\extensions\redhat.java-1.45.0-win32-x64\jre\21.0.8-win32-x86_64\bin\net.dll
0x00007ffb1cba0000 - 0x00007ffb1ccbe000 	C:\WINDOWS\SYSTEM32\WINHTTP.dll
0x00007ffb299a0000 - 0x00007ffb29a0b000 	C:\WINDOWS\system32\mswsock.dll
0x00007ffb171d0000 - 0x00007ffb171e6000 	C:\Users\admin\.vscode\extensions\redhat.java-1.45.0-win32-x64\jre\21.0.8-win32-x86_64\bin\nio.dll
0x00007ffb18230000 - 0x00007ffb18240000 	c:\Users\admin\.vscode\extensions\redhat.java-1.45.0-win32-x64\jre\21.0.8-win32-x86_64\bin\verify.dll
0x00007ffb032a0000 - 0x00007ffb032e4000 	C:\Users\admin\AppData\Roaming\Code\User\globalStorage\redhat.java\1.45.0\config_win\org.eclipse.equinox.launcher\org.eclipse.equinox.launcher.win32.win32.x86_64_1.2.1400.v20250801-0854\eclipse_11916.dll
0x00007ffb2d060000 - 0x00007ffb2d200000 	C:\WINDOWS\System32\ole32.dll
0x00007ffb29c60000 - 0x00007ffb29c7b000 	C:\WINDOWS\SYSTEM32\CRYPTSP.dll
0x00007ffb29370000 - 0x00007ffb293ab000 	C:\WINDOWS\system32\rsaenh.dll
0x00007ffb29a40000 - 0x00007ffb29a6b000 	C:\WINDOWS\SYSTEM32\USERENV.dll
0x00007ffb2a580000 - 0x00007ffb2a5a6000 	C:\WINDOWS\SYSTEM32\bcrypt.dll
0x00007ffb29c80000 - 0x00007ffb29c8c000 	C:\WINDOWS\SYSTEM32\CRYPTBASE.dll
0x00007ffb28e10000 - 0x00007ffb28e43000 	C:\WINDOWS\SYSTEM32\IPHLPAPI.DLL
0x00007ffb2cf30000 - 0x00007ffb2cf3a000 	C:\WINDOWS\System32\NSI.dll
0x00007ffb05110000 - 0x00007ffb05159000 	C:\Users\admin\AppData\Local\Temp\jna-92668751\jna793368209776023632.dll
0x00007ffb2cf40000 - 0x00007ffb2cf48000 	C:\WINDOWS\System32\PSAPI.DLL

JVMTI agents:
c:\Users\admin\.vscode\extensions\redhat.java-1.45.0-win32-x64\lombok\lombok-1.18.39-4050.jar path:c:\Users\admin\.vscode\extensions\redhat.java-1.45.0-win32-x64\jre\21.0.8-win32-x86_64\bin\instrument.dll, loaded, initialized, instrumentlib options:none

dbghelp: loaded successfully - version: 4.0.5 - missing functions: none
symbol engine: initialized successfully - sym options: 0x614 - pdb path: .;c:\Users\admin\.vscode\extensions\redhat.java-1.45.0-win32-x64\jre\21.0.8-win32-x86_64\bin;C:\WINDOWS\SYSTEM32;C:\WINDOWS\WinSxS\amd64_microsoft.windows.common-controls_6595b64144ccf1df_6.0.26100.4768_none_3e0c112ce331287c;c:\Users\admin\.vscode\extensions\redhat.java-1.45.0-win32-x64\jre\21.0.8-win32-x86_64\bin\server;C:\Users\admin\AppData\Roaming\Code\User\globalStorage\redhat.java\1.45.0\config_win\org.eclipse.equinox.launcher\org.eclipse.equinox.launcher.win32.win32.x86_64_1.2.1400.v20250801-0854;C:\Users\admin\AppData\Local\Temp\jna-92668751

VM Arguments:
jvm_args: --add-modules=ALL-SYSTEM --add-opens=java.base/java.util=ALL-UNNAMED --add-opens=java.base/java.lang=ALL-UNNAMED --add-opens=java.base/sun.nio.fs=ALL-UNNAMED -Declipse.application=org.eclipse.jdt.ls.core.id1 -Dosgi.bundles.defaultStartLevel=4 -Declipse.product=org.eclipse.jdt.ls.core.product -Djava.import.generatesMetadataFilesAtProjectRoot=false -DDetectVMInstallationsJob.disabled=true -Dfile.encoding=utf8 -XX:+UseParallelGC -XX:GCTimeRatio=4 -XX:AdaptiveSizePolicyWeight=90 -Dsun.zip.disableMemoryMapping=true -Xmx2G -Xms100m -Xlog:disable -javaagent:c:\Users\admin\.vscode\extensions\redhat.java-1.45.0-win32-x64\lombok\lombok-1.18.39-4050.jar -XX:+HeapDumpOnOutOfMemoryError -XX:HeapDumpPath=c:\Users\admin\AppData\Roaming\Code\User\workspaceStorage\58fd78f2a317d820cacf0dd097669dc3\redhat.java -Daether.dependencyCollector.impl=bf 
java_command: c:\Users\admin\.vscode\extensions\redhat.java-1.45.0-win32-x64\server\plugins\org.eclipse.equinox.launcher_1.7.0.v20250519-0528.jar -configuration c:\Users\admin\AppData\Roaming\Code\User\globalStorage\redhat.java\1.45.0\config_win -data c:\Users\admin\AppData\Roaming\Code\User\workspaceStorage\58fd78f2a317d820cacf0dd097669dc3\redhat.java\jdt_ws --pipe=\\.\pipe\lsp-e37c1128050ae88dcdcbf86f3b531e45-sock
java_class_path (initial): c:\Users\admin\.vscode\extensions\redhat.java-1.45.0-win32-x64\server\plugins\org.eclipse.equinox.launcher_1.7.0.v20250519-0528.jar
Launcher Type: SUN_STANDARD

[Global flags]
    uintx AdaptiveSizePolicyWeight                 = 90                                        {product} {command line}
     intx CICompilerCount                          = 3                                         {product} {ergonomic}
    uintx GCTimeRatio                              = 4                                         {product} {command line}
     bool HeapDumpOnOutOfMemoryError               = true                                   {manageable} {command line}
    ccstr HeapDumpPath                             = c:\Users\admin\AppData\Roaming\Code\User\workspaceStorage\58fd78f2a317d820cacf0dd097669dc3\redhat.java         {manageable} {command line}
   size_t InitialHeapSize                          = 104857600                                 {product} {command line}
   size_t MaxHeapSize                              = 2147483648                                {product} {command line}
   size_t MaxNewSize                               = 715653120                                 {product} {ergonomic}
   size_t MinHeapDeltaBytes                        = 524288                                    {product} {ergonomic}
   size_t MinHeapSize                              = 104857600                                 {product} {command line}
   size_t NewSize                                  = 34603008                                  {product} {ergonomic}
    uintx NonNMethodCodeHeapSize                   = 5832780                                {pd product} {ergonomic}
    uintx NonProfiledCodeHeapSize                  = 122912730                              {pd product} {ergonomic}
   size_t OldSize                                  = 70254592                                  {product} {ergonomic}
    uintx ProfiledCodeHeapSize                     = 122912730                              {pd product} {ergonomic}
    uintx ReservedCodeCacheSize                    = 251658240                              {pd product} {ergonomic}
     bool SegmentedCodeCache                       = true                                      {product} {ergonomic}
   size_t SoftMaxHeapSize                          = 2147483648                             {manageable} {ergonomic}
     bool UseCompressedOops                        = true                           {product lp64_product} {ergonomic}
     bool UseLargePagesIndividualAllocation        = false                                  {pd product} {ergonomic}
     bool UseParallelGC                            = true                                      {product} {command line}

Logging:
Log output configuration:
 #0: stdout all=off uptime,level,tags foldmultilines=false
 #1: stderr all=off uptime,level,tags foldmultilines=false

Environment Variables:
PATH=C:\Program Files\Java\jdk-17\bin;C:\WINDOWS\system32;C:\WINDOWS;C:\WINDOWS\System32\Wbem;C:\WINDOWS\System32\WindowsPowerShell\v1.0\;C:\WINDOWS\System32\OpenSSH\;C:\Program Files\Git\cmd;C:\src\flutter\bin;C:\Program Files\nodejs\;C:\Users\admin\AppData\Local\Android\Sdk\platform-tools;C:\tools\nuget;C:\Program Files\dotnet\;C:\Program Files (x86)\Yarn\bin\;C:\Users\admin\AppData\Local\Microsoft\WindowsApps;C:\Users\admin\AppData\Local\Programs\Microsoft VS Code\bin;C:\Users\admin\AppData\Local\GitHubDesktop\bin;C:\Users\admin\AppData\Roaming\npm;C:\Users\admin\AppData\Local\Android\Sdk\platform-tools;C:\Program Files\Java\jdk-17\bin;C:\Users\admin\AppData\Local\Programs\cursor\resources\app\bin;C:\Users\admin\.dotnet\tools;C:\Users\admin\AppData\Local\Yarn\bin;C:\Users\admin\AppData\Local\Programs\Kiro\bin;C:\NuGet;D:\dmmpackege\IntelliJ IDEA Community Edition 2025.2.1\bin
USERNAME=admin
OS=Windows_NT
PROCESSOR_IDENTIFIER=Intel64 Family 6 Model 126 Stepping 5, GenuineIntel
TMP=C:\Users\admin\AppData\Local\Temp
TEMP=C:\Users\admin\AppData\Local\Temp




Periodic native trim disabled

---------------  S Y S T E M  ---------------

OS:
 Windows 11 , 64 bit Build 26100 (10.0.26100.4768)
OS uptime: 0 days 17:29 hours

CPU: total 4 (initial active 4) (2 cores per cpu, 2 threads per core) family 6 model 126 stepping 5 microcode 0xa8, cx8, cmov, fxsr, ht, mmx, 3dnowpref, sse, sse2, sse3, ssse3, sse4.1, sse4.2, popcnt, lzcnt, tsc, tscinvbit, avx, avx2, aes, erms, clmul, bmi1, bmi2, adx, avx512f, avx512dq, avx512cd, avx512bw, avx512vl, sha, fma, vzeroupper, avx512_vpopcntdq, avx512_vpclmulqdq, avx512_vaes, avx512_vnni, clflush, clflushopt, avx512_vbmi2, avx512_vbmi, rdtscp, rdpid, fsrm, gfni, avx512_bitalg, f16c, pku, avx512_ifma
Processor Information for the first 4 processors :
  Max Mhz: 1190, Current Mhz: 1190, Mhz Limit: 1190

Memory: 4k page, system-wide physical 7987M (668M free)
TotalPageFile size 12037M (AvailPageFile size 8M)
current process WorkingSet (physical memory assigned to process): 135M, peak: 136M
current process commit charge ("private bytes"): 262M, peak: 263M

vm_info: OpenJDK 64-Bit Server VM (21.0.8+9-LTS) for windows-amd64 JRE (21.0.8+9-LTS), built on 2025-07-15T00:00:00Z by "admin" with MS VC++ 17.7 (VS2022)

END.
