#
# There is insufficient memory for the Java Runtime Environment to continue.
# Native memory allocation (malloc) failed to allocate 882816 bytes. Error detail: Chunk::new
# Possible reasons:
#   The system is out of physical RAM or swap space
#   This process is running with CompressedOops enabled, and the Java Heap may be blocking the growth of the native heap
# Possible solutions:
#   Reduce memory load on the system
#   Increase physical memory or swap space
#   Check if swap backing store is full
#   Decrease Java heap size (-Xmx/-Xms)
#   Decrease number of Java threads
#   Decrease Java thread stack sizes (-Xss)
#   Set larger code cache with -XX:ReservedCodeCacheSize=
#   JVM is running with Unscaled Compressed Oops mode in which the Java heap is
#     placed in the first 4GB address space. The Java Heap base address is the
#     maximum limit for the native heap growth. Please use -XX:HeapBaseMinAddress
#     to set the Java Heap base and to place the Java Heap above 4GB virtual address.
# This output file may be truncated or incomplete.
#
#  Out of Memory Error (arena.cpp:168), pid=10612, tid=10232
#
# JRE version: OpenJDK Runtime Environment Temurin-21.0.8+9 (21.0.8+9) (build 21.0.8+9-LTS)
# Java VM: OpenJDK 64-Bit Server VM Temurin-21.0.8+9 (21.0.8+9-LTS, mixed mode, sharing, tiered, compressed oops, compressed class ptrs, parallel gc, windows-amd64)
# No core dump will be written. Minidumps are not enabled by default on client versions of Windows
#

---------------  S U M M A R Y ------------

Command Line: --add-modules=ALL-SYSTEM --add-opens=java.base/java.util=ALL-UNNAMED --add-opens=java.base/java.lang=ALL-UNNAMED --add-opens=java.base/sun.nio.fs=ALL-UNNAMED -Declipse.application=org.eclipse.jdt.ls.core.id1 -Dosgi.bundles.defaultStartLevel=4 -Declipse.product=org.eclipse.jdt.ls.core.product -Djava.import.generatesMetadataFilesAtProjectRoot=false -DDetectVMInstallationsJob.disabled=true -Dfile.encoding=utf8 -XX:+UseParallelGC -XX:GCTimeRatio=4 -XX:AdaptiveSizePolicyWeight=90 -Dsun.zip.disableMemoryMapping=true -Xmx2G -Xms100m -Xlog:disable -javaagent:c:\Users\admin\.vscode\extensions\redhat.java-1.45.0-win32-x64\lombok\lombok-1.18.39-4050.jar -XX:+HeapDumpOnOutOfMemoryError -XX:HeapDumpPath=c:\Users\admin\AppData\Roaming\Code\User\workspaceStorage\58fd78f2a317d820cacf0dd097669dc3\redhat.java -Daether.dependencyCollector.impl=bf c:\Users\admin\.vscode\extensions\redhat.java-1.45.0-win32-x64\server\plugins\org.eclipse.equinox.launcher_1.7.0.v20250519-0528.jar -configuration c:\Users\admin\AppData\Roaming\Code\User\globalStorage\redhat.java\1.45.0\config_win -data c:\Users\admin\AppData\Roaming\Code\User\workspaceStorage\58fd78f2a317d820cacf0dd097669dc3\redhat.java\jdt_ws --pipe=\\.\pipe\lsp-edff4cf978fe8a528b23a74fd69a61fc-sock

Host: Intel(R) Core(TM) i3-1005G1 CPU @ 1.20GHz, 4 cores, 7G,  Windows 11 , 64 bit Build 26100 (10.0.26100.4768)
Time: Fri Sep 19 10:09:48 2025 India Standard Time elapsed time: 7.872206 seconds (0d 0h 0m 7s)

---------------  T H R E A D  ---------------

Current thread (0x000001486b86f280):  JavaThread "C2 CompilerThread1" daemon [_thread_in_native, id=10232, stack(0x00000025bd100000,0x00000025bd200000) (1024K)]


Current CompileTask:
C2:7872 4383   !   4       org.eclipse.osgi.internal.loader.classpath.ClasspathManager::findClassImpl (343 bytes)

Stack: [0x00000025bd100000,0x00000025bd200000]
Native frames: (J=compiled Java code, j=interpreted, Vv=VM code, C=native code)
V  [jvm.dll+0x6d2449]
V  [jvm.dll+0x8ae341]
V  [jvm.dll+0x8b08be]
V  [jvm.dll+0x8b0fa3]
V  [jvm.dll+0x280c96]
V  [jvm.dll+0xc581d]
V  [jvm.dll+0xc5d53]
V  [jvm.dll+0x2f539d]
V  [jvm.dll+0x5fa00a]
V  [jvm.dll+0x252092]
V  [jvm.dll+0x25244f]
V  [jvm.dll+0x24ad14]
V  [jvm.dll+0x2483a4]
V  [jvm.dll+0x1c89ee]
V  [jvm.dll+0x257d4d]
V  [jvm.dll+0x2562ea]
V  [jvm.dll+0x3f2d16]
V  [jvm.dll+0x857e6b]
V  [jvm.dll+0x6d0b0d]
C  [ucrtbase.dll+0x37b0]
C  [KERNEL32.DLL+0x2e8d7]
C  [ntdll.dll+0x3c34c]


---------------  P R O C E S S  ---------------

Threads class SMR info:
_java_thread_list=0x000001486debb610, length=37, elements={
0x000001480bb19a10, 0x000001480de19360, 0x000001480de1d6f0, 0x000001480de20240,
0x000001480de20e90, 0x000001480de21ae0, 0x000001480de24540, 0x000001480de27380,
0x000001480de9a6a0, 0x000001480df9d890, 0x00000148667cf630, 0x000001486b3c7720,
0x000001486b7870a0, 0x000001486b6f6da0, 0x000001486b6f77d0, 0x000001486b93c460,
0x000001486bb850f0, 0x000001486b7ebf40, 0x000001486b7eb220, 0x000001486b86f280,
0x000001486b7ea500, 0x000001486b7ecc60, 0x000001486b7ed2f0, 0x000001486b7e9e70,
0x000001486b7eb8b0, 0x000001486d6532d0, 0x000001486d653960, 0x000001486d653ff0,
0x000001486d651f20, 0x000001486d650b70, 0x000001486d654680, 0x000001486d6525b0,
0x000001486d651200, 0x000001486d651890, 0x000001486d6553a0, 0x000001486d654d10,
0x000001486d6560c0
}

Java Threads: ( => current thread )
  0x000001480bb19a10 JavaThread "main"                              [_thread_in_vm, id=10152, stack(0x00000025bb700000,0x00000025bb800000) (1024K)]
  0x000001480de19360 JavaThread "Reference Handler"          daemon [_thread_blocked, id=3612, stack(0x00000025bbc00000,0x00000025bbd00000) (1024K)]
  0x000001480de1d6f0 JavaThread "Finalizer"                  daemon [_thread_blocked, id=5772, stack(0x00000025bbd00000,0x00000025bbe00000) (1024K)]
  0x000001480de20240 JavaThread "Signal Dispatcher"          daemon [_thread_blocked, id=3464, stack(0x00000025bbe00000,0x00000025bbf00000) (1024K)]
  0x000001480de20e90 JavaThread "Attach Listener"            daemon [_thread_blocked, id=6020, stack(0x00000025bbf00000,0x00000025bc000000) (1024K)]
  0x000001480de21ae0 JavaThread "Service Thread"             daemon [_thread_blocked, id=12780, stack(0x00000025bc000000,0x00000025bc100000) (1024K)]
  0x000001480de24540 JavaThread "Monitor Deflation Thread"   daemon [_thread_blocked, id=9020, stack(0x00000025bc100000,0x00000025bc200000) (1024K)]
  0x000001480de27380 JavaThread "C2 CompilerThread0"         daemon [_thread_in_native, id=11660, stack(0x00000025bc200000,0x00000025bc300000) (1024K)]
  0x000001480de9a6a0 JavaThread "C1 CompilerThread0"         daemon [_thread_in_native, id=4472, stack(0x00000025bc300000,0x00000025bc400000) (1024K)]
  0x000001480df9d890 JavaThread "Common-Cleaner"             daemon [_thread_blocked, id=13728, stack(0x00000025bc400000,0x00000025bc500000) (1024K)]
  0x00000148667cf630 JavaThread "Notification Thread"        daemon [_thread_blocked, id=9124, stack(0x00000025bc500000,0x00000025bc600000) (1024K)]
  0x000001486b3c7720 JavaThread "Active Thread: Equinox Container: d517c3fd-bdf2-4a9d-b0c2-6ddd12e43671"        [_thread_blocked, id=10572, stack(0x00000025bca00000,0x00000025bcb00000) (1024K)]
  0x000001486b7870a0 JavaThread "Refresh Thread: Equinox Container: d517c3fd-bdf2-4a9d-b0c2-6ddd12e43671" daemon [_thread_blocked, id=6396, stack(0x00000025bcb00000,0x00000025bcc00000) (1024K)]
  0x000001486b6f6da0 JavaThread "Framework Event Dispatcher: Equinox Container: d517c3fd-bdf2-4a9d-b0c2-6ddd12e43671" daemon [_thread_blocked, id=12156, stack(0x00000025bcc00000,0x00000025bcd00000) (1024K)]
  0x000001486b6f77d0 JavaThread "Start Level: Equinox Container: d517c3fd-bdf2-4a9d-b0c2-6ddd12e43671" daemon [_thread_blocked, id=9636, stack(0x00000025bcd00000,0x00000025bce00000) (1024K)]
  0x000001486b93c460 JavaThread "Bundle File Closer"         daemon [_thread_blocked, id=12276, stack(0x00000025bce00000,0x00000025bcf00000) (1024K)]
  0x000001486bb850f0 JavaThread "SCR Component Actor"        daemon [_thread_blocked, id=12688, stack(0x00000025bcf00000,0x00000025bd000000) (1024K)]
  0x000001486b7ebf40 JavaThread "SCR Component Registry"     daemon [_thread_blocked, id=1740, stack(0x00000025bd000000,0x00000025bd100000) (1024K)]
  0x000001486b7eb220 JavaThread "Worker-JM"                         [_thread_blocked, id=1996, stack(0x00000025bc600000,0x00000025bc700000) (1024K)]
=>0x000001486b86f280 JavaThread "C2 CompilerThread1"         daemon [_thread_in_native, id=10232, stack(0x00000025bd100000,0x00000025bd200000) (1024K)]
  0x000001486b7ea500 JavaThread "JNA Cleaner"                daemon [_thread_blocked, id=3796, stack(0x00000025bd200000,0x00000025bd300000) (1024K)]
  0x000001486b7ecc60 JavaThread "Worker-0: Initialize After Load"        [_thread_blocked, id=8692, stack(0x00000025bd300000,0x00000025bd400000) (1024K)]
  0x000001486b7ed2f0 JavaThread "Worker-1: Loading available Gradle versions"        [_thread_in_vm, id=8836, stack(0x00000025bd400000,0x00000025bd500000) (1024K)]
  0x000001486b7e9e70 JavaThread "Java indexing"              daemon [_thread_blocked, id=7272, stack(0x00000025bd500000,0x00000025bd600000) (1024K)]
  0x000001486b7eb8b0 JavaThread "Worker-2: Updating Maven Dependencies"        [_thread_in_vm, id=14844, stack(0x00000025bd900000,0x00000025bda00000) (1024K)]
  0x000001486d6532d0 JavaThread "Worker-3: Synchronize Gradle projects with workspace"        [_thread_in_vm, id=11776, stack(0x00000025bda00000,0x00000025bdb00000) (1024K)] _threads_hazard_ptr=0x000001486debb610
  0x000001486d653960 JavaThread "Worker-4: Repository registry initialization"        [_thread_blocked, id=6376, stack(0x00000025bdb00000,0x00000025bdc00000) (1024K)]
  0x000001486d653ff0 JavaThread "Worker-5"                          [_thread_blocked, id=7888, stack(0x00000025bdc00000,0x00000025bdd00000) (1024K)]
  0x000001486d651f20 JavaThread "Thread-2"                   daemon [_thread_in_native, id=1500, stack(0x00000025bdd00000,0x00000025bde00000) (1024K)]
  0x000001486d650b70 JavaThread "Thread-3"                   daemon [_thread_in_native, id=8228, stack(0x00000025bde00000,0x00000025bdf00000) (1024K)]
  0x000001486d654680 JavaThread "Thread-4"                   daemon [_thread_in_native, id=12508, stack(0x00000025bdf00000,0x00000025be000000) (1024K)]
  0x000001486d6525b0 JavaThread "Thread-5"                   daemon [_thread_in_native, id=8064, stack(0x00000025be000000,0x00000025be100000) (1024K)]
  0x000001486d651200 JavaThread "Thread-6"                   daemon [_thread_in_native, id=10320, stack(0x00000025be100000,0x00000025be200000) (1024K)]
  0x000001486d651890 JavaThread "pool-2-thread-1"                   [_thread_blocked, id=14648, stack(0x00000025be200000,0x00000025be300000) (1024K)]
  0x000001486d6553a0 JavaThread "Worker-6"                          [_thread_blocked, id=11456, stack(0x00000025be300000,0x00000025be400000) (1024K)]
  0x000001486d654d10 JavaThread "Timer-0"                           [_thread_blocked, id=15152, stack(0x00000025be400000,0x00000025be500000) (1024K)]
  0x000001486d6560c0 JavaThread "Timer-1"                           [_thread_blocked, id=12804, stack(0x00000025be500000,0x00000025be600000) (1024K)]
Total: 37

Other Threads:
  0x000001480dfed7d0 VMThread "VM Thread"                           [id=5960, stack(0x00000025bbb00000,0x00000025bbc00000) (1024K)]
  0x000001480df9b8a0 WatcherThread "VM Periodic Task Thread"        [id=9164, stack(0x00000025bba00000,0x00000025bbb00000) (1024K)]
  0x000001480df4d180 WorkerThread "GC Thread#0"                     [id=4860, stack(0x00000025bb900000,0x00000025bba00000) (1024K)]
  0x000001486b2450b0 WorkerThread "GC Thread#1"                     [id=11720, stack(0x00000025bc700000,0x00000025bc800000) (1024K)]
  0x000001486b245450 WorkerThread "GC Thread#2"                     [id=2688, stack(0x00000025bc800000,0x00000025bc900000) (1024K)]
  0x000001486b2457f0 WorkerThread "GC Thread#3"                     [id=2976, stack(0x00000025bc900000,0x00000025bca00000) (1024K)]
Total: 6

Threads with active compile tasks:
C2 CompilerThread0  7891 4044       4       org.lombokweb.asm.ClassReader::readMethod (1070 bytes)
C2 CompilerThread1  7891 4383   !   4       org.eclipse.osgi.internal.loader.classpath.ClasspathManager::findClassImpl (343 bytes)
Total: 2

VM state: not at safepoint (normal execution)

VM Mutex/Monitor currently owned by a thread: None

Heap address: 0x0000000080000000, size: 2048 MB, Compressed Oops mode: 32-bit

CDS archive(s) mapped at: [0x0000014825000000-0x0000014825ba0000-0x0000014825ba0000), size 12189696, SharedBaseAddress: 0x0000014825000000, ArchiveRelocationMode: 1.
Compressed class space mapped at: 0x0000014826000000-0x0000014866000000, reserved size: 1073741824
Narrow klass base: 0x0000014825000000, Narrow klass shift: 0, Narrow klass range: 0x100000000

GC Precious Log:
 CardTable entry size: 512
 CPUs: 4 total, 4 available
 Memory: 7987M
 Large Page Support: Disabled
 NUMA Support: Disabled
 Compressed Oops: Enabled (32-bit)
 Alignments: Space 512K, Generation 512K, Heap 2M
 Heap Min Capacity: 100M
 Heap Initial Capacity: 100M
 Heap Max Capacity: 2G
 Pre-touch: Disabled
 Parallel Workers: 4

Heap:
 PSYoungGen      total 24576K, used 23086K [0x00000000d5580000, 0x00000000d7180000, 0x0000000100000000)
  eden space 22528K, 95% used [0x00000000d5580000,0x00000000d6a79740,0x00000000d6b80000)
  from space 2048K, 78% used [0x00000000d6c00000,0x00000000d6d92430,0x00000000d6e00000)
  to   space 2560K, 0% used [0x00000000d6f00000,0x00000000d6f00000,0x00000000d7180000)
 ParOldGen       total 68608K, used 16065K [0x0000000080000000, 0x0000000084300000, 0x00000000d5580000)
  object space 68608K, 23% used [0x0000000080000000,0x0000000080fb07a8,0x0000000084300000)
 Metaspace       used 34515K, committed 35648K, reserved 1114112K
  class space    used 3572K, committed 4032K, reserved 1048576K

Card table byte_map: [0x000001480d8d0000,0x000001480dce0000] _byte_map_base: 0x000001480d4d0000

Marking Bits: (ParMarkBitMap*) 0x00007ffadfcaa340
 Begin Bits: [0x00000148203d0000, 0x00000148223d0000)
 End Bits:   [0x00000148223d0000, 0x00000148243d0000)

Polling page: 0x000001480bdc0000

Metaspace:

Usage:
  Non-class:     30.22 MB used.
      Class:      3.49 MB used.
       Both:     33.71 MB used.

Virtual space:
  Non-class space:       64.00 MB reserved,      30.88 MB ( 48%) committed,  1 nodes.
      Class space:        1.00 GB reserved,       3.94 MB ( <1%) committed,  1 nodes.
             Both:        1.06 GB reserved,      34.81 MB (  3%) committed. 

Chunk freelists:
   Non-Class:  608.00 KB
       Class:  11.97 MB
        Both:  12.56 MB

MaxMetaspaceSize: unlimited
CompressedClassSpaceSize: 1.00 GB
Initial GC threshold: 21.00 MB
Current GC threshold: 35.00 MB
CDS: on
 - commit_granule_bytes: 65536.
 - commit_granule_words: 8192.
 - virtual_space_node_default_size: 8388608.
 - enlarge_chunks_in_place: 1.
 - use_allocation_guard: 0.


Internal statistics:

num_allocs_failed_limit: 3.
num_arena_births: 748.
num_arena_deaths: 14.
num_vsnodes_births: 2.
num_vsnodes_deaths: 0.
num_space_committed: 557.
num_space_uncommitted: 0.
num_chunks_returned_to_freelist: 17.
num_chunks_taken_from_freelist: 2228.
num_chunk_merges: 7.
num_chunk_splits: 1402.
num_chunks_enlarged: 864.
num_inconsistent_stats: 0.

CodeHeap 'non-profiled nmethods': size=120000Kb used=2057Kb max_used=2057Kb free=117942Kb
 bounds [0x0000014818bf0000, 0x0000014818e60000, 0x0000014820120000]
CodeHeap 'profiled nmethods': size=120000Kb used=9579Kb max_used=9579Kb free=110420Kb
 bounds [0x0000014811120000, 0x0000014811a80000, 0x0000014818650000]
CodeHeap 'non-nmethods': size=5760Kb used=1368Kb max_used=1386Kb free=4392Kb
 bounds [0x0000014818650000, 0x00000148188c0000, 0x0000014818bf0000]
CodeCache: size=245760Kb, used=13004Kb, max_used=13022Kb, free=232754Kb
 total_blobs=5119, nmethods=4466, adapters=559, full_count=0
Compilation: enabled, stopped_count=0, restarted_count=0

Compilation events (20 events):
Event: 7.856 Thread 0x000001480de9a6a0 4471   !   2       jdk.internal.misc.ScopedMemoryAccess::getShortUnaligned (18 bytes)
Event: 7.856 Thread 0x000001480de9a6a0 nmethod 4471 0x0000014811a76690 code [0x0000014811a76860, 0x0000014811a76a98]
Event: 7.858 Thread 0x000001480de9a6a0 4472       2       java.lang.reflect.Executable::isVarArgs (17 bytes)
Event: 7.858 Thread 0x000001480de9a6a0 nmethod 4472 0x0000014811a76c90 code [0x0000014811a76e40, 0x0000014811a76f80]
Event: 7.858 Thread 0x000001480de9a6a0 4473       2       java.lang.Class::forName (24 bytes)
Event: 7.859 Thread 0x000001480de9a6a0 nmethod 4473 0x0000014811a77010 code [0x0000014811a771c0, 0x0000014811a772c8]
Event: 7.859 Thread 0x000001480de9a6a0 4474       2       java.lang.Class::forName (41 bytes)
Event: 7.859 Thread 0x000001480de9a6a0 nmethod 4474 0x0000014811a77390 code [0x0000014811a77540, 0x0000014811a77640]
Event: 7.859 Thread 0x000001480de9a6a0 4475       2       java.lang.reflect.ProxyGenerator::dotToSlash (9 bytes)
Event: 7.859 Thread 0x000001480de9a6a0 nmethod 4475 0x0000014811a77710 code [0x0000014811a778c0, 0x0000014811a779d8]
Event: 7.861 Thread 0x000001480de9a6a0 4476       2       java.lang.reflect.Method::getParameterCount (6 bytes)
Event: 7.861 Thread 0x000001480de9a6a0 nmethod 4476 0x0000014811a77a90 code [0x0000014811a77c20, 0x0000014811a77d30]
Event: 7.862 Thread 0x000001480de9a6a0 4477   !   2       java.lang.reflect.Executable::declaredAnnotations (85 bytes)
Event: 7.862 Thread 0x000001480de9a6a0 nmethod 4477 0x0000014811a77e10 code [0x0000014811a78020, 0x0000014811a78450]
Event: 7.870 Thread 0x000001480de9a6a0 4478       1       sun.reflect.generics.tree.ClassTypeSignature::getPath (5 bytes)
Event: 7.870 Thread 0x000001480de9a6a0 nmethod 4478 0x0000014818df1a90 code [0x0000014818df1c20, 0x0000014818df1ce8]
Event: 7.870 Thread 0x000001480de9a6a0 4479       1       sun.reflect.generics.tree.SimpleClassTypeSignature::getName (5 bytes)
Event: 7.870 Thread 0x000001480de9a6a0 nmethod 4479 0x0000014818df1d90 code [0x0000014818df1f20, 0x0000014818df1fe8]
Event: 7.870 Thread 0x000001480de9a6a0 4480       1       sun.reflect.generics.tree.SimpleClassTypeSignature::getDollar (5 bytes)
Event: 7.870 Thread 0x000001480de9a6a0 nmethod 4480 0x0000014818df2090 code [0x0000014818df2220, 0x0000014818df22f0]

GC Heap History (20 events):
Event: 3.227 GC heap before
{Heap before GC invocations=3 (full 0):
 PSYoungGen      total 29696K, used 29526K [0x00000000d5580000, 0x00000000d7680000, 0x0000000100000000)
  eden space 25600K, 99% used [0x00000000d5580000,0x00000000d6e5d7f8,0x00000000d6e80000)
  from space 4096K, 99% used [0x00000000d7280000,0x00000000d76780d8,0x00000000d7680000)
  to   space 4096K, 0% used [0x00000000d6e80000,0x00000000d6e80000,0x00000000d7280000)
 ParOldGen       total 68608K, used 1726K [0x0000000080000000, 0x0000000084300000, 0x00000000d5580000)
  object space 68608K, 2% used [0x0000000080000000,0x00000000801af840,0x0000000084300000)
 Metaspace       used 9427K, committed 9728K, reserved 1114112K
  class space    used 1005K, committed 1152K, reserved 1048576K
}
Event: 3.234 GC heap after
{Heap after GC invocations=3 (full 0):
 PSYoungGen      total 29696K, used 4065K [0x00000000d5580000, 0x00000000d7680000, 0x0000000100000000)
  eden space 25600K, 0% used [0x00000000d5580000,0x00000000d5580000,0x00000000d6e80000)
  from space 4096K, 99% used [0x00000000d6e80000,0x00000000d7278560,0x00000000d7280000)
  to   space 4096K, 0% used [0x00000000d7280000,0x00000000d7280000,0x00000000d7680000)
 ParOldGen       total 68608K, used 4767K [0x0000000080000000, 0x0000000084300000, 0x00000000d5580000)
  object space 68608K, 6% used [0x0000000080000000,0x00000000804a7d68,0x0000000084300000)
 Metaspace       used 9427K, committed 9728K, reserved 1114112K
  class space    used 1005K, committed 1152K, reserved 1048576K
}
Event: 3.813 GC heap before
{Heap before GC invocations=4 (full 0):
 PSYoungGen      total 29696K, used 29665K [0x00000000d5580000, 0x00000000d7680000, 0x0000000100000000)
  eden space 25600K, 100% used [0x00000000d5580000,0x00000000d6e80000,0x00000000d6e80000)
  from space 4096K, 99% used [0x00000000d6e80000,0x00000000d7278560,0x00000000d7280000)
  to   space 4096K, 0% used [0x00000000d7280000,0x00000000d7280000,0x00000000d7680000)
 ParOldGen       total 68608K, used 4767K [0x0000000080000000, 0x0000000084300000, 0x00000000d5580000)
  object space 68608K, 6% used [0x0000000080000000,0x00000000804a7d68,0x0000000084300000)
 Metaspace       used 12164K, committed 12544K, reserved 1114112K
  class space    used 1299K, committed 1472K, reserved 1048576K
}
Event: 3.819 GC heap after
{Heap after GC invocations=4 (full 0):
 PSYoungGen      total 29696K, used 4092K [0x00000000d5580000, 0x00000000d7680000, 0x0000000100000000)
  eden space 25600K, 0% used [0x00000000d5580000,0x00000000d5580000,0x00000000d6e80000)
  from space 4096K, 99% used [0x00000000d7280000,0x00000000d767f078,0x00000000d7680000)
  to   space 4096K, 0% used [0x00000000d6e80000,0x00000000d6e80000,0x00000000d7280000)
 ParOldGen       total 68608K, used 6542K [0x0000000080000000, 0x0000000084300000, 0x00000000d5580000)
  object space 68608K, 9% used [0x0000000080000000,0x0000000080663818,0x0000000084300000)
 Metaspace       used 12164K, committed 12544K, reserved 1114112K
  class space    used 1299K, committed 1472K, reserved 1048576K
}
Event: 5.280 GC heap before
{Heap before GC invocations=5 (full 0):
 PSYoungGen      total 29696K, used 29680K [0x00000000d5580000, 0x00000000d7680000, 0x0000000100000000)
  eden space 25600K, 99% used [0x00000000d5580000,0x00000000d6e7cfe0,0x00000000d6e80000)
  from space 4096K, 99% used [0x00000000d7280000,0x00000000d767f078,0x00000000d7680000)
  to   space 4096K, 0% used [0x00000000d6e80000,0x00000000d6e80000,0x00000000d7280000)
 ParOldGen       total 68608K, used 6542K [0x0000000080000000, 0x0000000084300000, 0x00000000d5580000)
  object space 68608K, 9% used [0x0000000080000000,0x0000000080663818,0x0000000084300000)
 Metaspace       used 15419K, committed 16000K, reserved 1114112K
  class space    used 1585K, committed 1856K, reserved 1048576K
}
Event: 5.288 GC heap after
{Heap after GC invocations=5 (full 0):
 PSYoungGen      total 29184K, used 4072K [0x00000000d5580000, 0x00000000d7a00000, 0x0000000100000000)
  eden space 25088K, 0% used [0x00000000d5580000,0x00000000d5580000,0x00000000d6e00000)
  from space 4096K, 99% used [0x00000000d6e80000,0x00000000d727a178,0x00000000d7280000)
  to   space 6144K, 0% used [0x00000000d7400000,0x00000000d7400000,0x00000000d7a00000)
 ParOldGen       total 68608K, used 8189K [0x0000000080000000, 0x0000000084300000, 0x00000000d5580000)
  object space 68608K, 11% used [0x0000000080000000,0x00000000807ff728,0x0000000084300000)
 Metaspace       used 15419K, committed 16000K, reserved 1114112K
  class space    used 1585K, committed 1856K, reserved 1048576K
}
Event: 6.088 GC heap before
{Heap before GC invocations=6 (full 0):
 PSYoungGen      total 29184K, used 29160K [0x00000000d5580000, 0x00000000d7a00000, 0x0000000100000000)
  eden space 25088K, 100% used [0x00000000d5580000,0x00000000d6e00000,0x00000000d6e00000)
  from space 4096K, 99% used [0x00000000d6e80000,0x00000000d727a178,0x00000000d7280000)
  to   space 6144K, 0% used [0x00000000d7400000,0x00000000d7400000,0x00000000d7a00000)
 ParOldGen       total 68608K, used 8189K [0x0000000080000000, 0x0000000084300000, 0x00000000d5580000)
  object space 68608K, 11% used [0x0000000080000000,0x00000000807ff728,0x0000000084300000)
 Metaspace       used 18590K, committed 19328K, reserved 1114112K
  class space    used 1941K, committed 2240K, reserved 1048576K
}
Event: 6.092 GC heap after
{Heap after GC invocations=6 (full 0):
 PSYoungGen      total 29696K, used 4816K [0x00000000d5580000, 0x00000000d7900000, 0x0000000100000000)
  eden space 24576K, 0% used [0x00000000d5580000,0x00000000d5580000,0x00000000d6d80000)
  from space 5120K, 94% used [0x00000000d7400000,0x00000000d78b43d0,0x00000000d7900000)
  to   space 5632K, 0% used [0x00000000d6e00000,0x00000000d6e00000,0x00000000d7380000)
 ParOldGen       total 68608K, used 8197K [0x0000000080000000, 0x0000000084300000, 0x00000000d5580000)
  object space 68608K, 11% used [0x0000000080000000,0x0000000080801728,0x0000000084300000)
 Metaspace       used 18590K, committed 19328K, reserved 1114112K
  class space    used 1941K, committed 2240K, reserved 1048576K
}
Event: 6.585 GC heap before
{Heap before GC invocations=7 (full 0):
 PSYoungGen      total 29696K, used 25482K [0x00000000d5580000, 0x00000000d7900000, 0x0000000100000000)
  eden space 24576K, 84% used [0x00000000d5580000,0x00000000d69ae5f8,0x00000000d6d80000)
  from space 5120K, 94% used [0x00000000d7400000,0x00000000d78b43d0,0x00000000d7900000)
  to   space 5632K, 0% used [0x00000000d6e00000,0x00000000d6e00000,0x00000000d7380000)
 ParOldGen       total 68608K, used 8197K [0x0000000080000000, 0x0000000084300000, 0x00000000d5580000)
  object space 68608K, 11% used [0x0000000080000000,0x0000000080801728,0x0000000084300000)
 Metaspace       used 20721K, committed 21504K, reserved 1114112K
  class space    used 2184K, committed 2560K, reserved 1048576K
}
Event: 6.593 GC heap after
{Heap after GC invocations=7 (full 0):
 PSYoungGen      total 28672K, used 3794K [0x00000000d5580000, 0x00000000d7680000, 0x0000000100000000)
  eden space 24576K, 0% used [0x00000000d5580000,0x00000000d5580000,0x00000000d6d80000)
  from space 4096K, 92% used [0x00000000d6e00000,0x00000000d71b4968,0x00000000d7200000)
  to   space 4608K, 0% used [0x00000000d7200000,0x00000000d7200000,0x00000000d7680000)
 ParOldGen       total 68608K, used 9754K [0x0000000080000000, 0x0000000084300000, 0x00000000d5580000)
  object space 68608K, 14% used [0x0000000080000000,0x0000000080986a90,0x0000000084300000)
 Metaspace       used 20721K, committed 21504K, reserved 1114112K
  class space    used 2184K, committed 2560K, reserved 1048576K
}
Event: 6.593 GC heap before
{Heap before GC invocations=8 (full 1):
 PSYoungGen      total 28672K, used 3794K [0x00000000d5580000, 0x00000000d7680000, 0x0000000100000000)
  eden space 24576K, 0% used [0x00000000d5580000,0x00000000d5580000,0x00000000d6d80000)
  from space 4096K, 92% used [0x00000000d6e00000,0x00000000d71b4968,0x00000000d7200000)
  to   space 4608K, 0% used [0x00000000d7200000,0x00000000d7200000,0x00000000d7680000)
 ParOldGen       total 68608K, used 9754K [0x0000000080000000, 0x0000000084300000, 0x00000000d5580000)
  object space 68608K, 14% used [0x0000000080000000,0x0000000080986a90,0x0000000084300000)
 Metaspace       used 20721K, committed 21504K, reserved 1114112K
  class space    used 2184K, committed 2560K, reserved 1048576K
}
Event: 6.629 GC heap after
{Heap after GC invocations=8 (full 1):
 PSYoungGen      total 28672K, used 0K [0x00000000d5580000, 0x00000000d7680000, 0x0000000100000000)
  eden space 24576K, 0% used [0x00000000d5580000,0x00000000d5580000,0x00000000d6d80000)
  from space 4096K, 0% used [0x00000000d6e00000,0x00000000d6e00000,0x00000000d7200000)
  to   space 4608K, 0% used [0x00000000d7200000,0x00000000d7200000,0x00000000d7680000)
 ParOldGen       total 68608K, used 12628K [0x0000000080000000, 0x0000000084300000, 0x00000000d5580000)
  object space 68608K, 18% used [0x0000000080000000,0x0000000080c55278,0x0000000084300000)
 Metaspace       used 20708K, committed 21504K, reserved 1114112K
  class space    used 2181K, committed 2560K, reserved 1048576K
}
Event: 6.797 GC heap before
{Heap before GC invocations=9 (full 1):
 PSYoungGen      total 28672K, used 24576K [0x00000000d5580000, 0x00000000d7680000, 0x0000000100000000)
  eden space 24576K, 100% used [0x00000000d5580000,0x00000000d6d80000,0x00000000d6d80000)
  from space 4096K, 0% used [0x00000000d6e00000,0x00000000d6e00000,0x00000000d7200000)
  to   space 4608K, 0% used [0x00000000d7200000,0x00000000d7200000,0x00000000d7680000)
 ParOldGen       total 68608K, used 12628K [0x0000000080000000, 0x0000000084300000, 0x00000000d5580000)
  object space 68608K, 18% used [0x0000000080000000,0x0000000080c55278,0x0000000084300000)
 Metaspace       used 23252K, committed 24128K, reserved 1114112K
  class space    used 2346K, committed 2752K, reserved 1048576K
}
Event: 6.798 GC heap after
{Heap after GC invocations=9 (full 1):
 PSYoungGen      total 25088K, used 587K [0x00000000d5580000, 0x00000000d7300000, 0x0000000100000000)
  eden space 24064K, 0% used [0x00000000d5580000,0x00000000d5580000,0x00000000d6d00000)
  from space 1024K, 57% used [0x00000000d7200000,0x00000000d7292ce8,0x00000000d7300000)
  to   space 2048K, 0% used [0x00000000d6f00000,0x00000000d6f00000,0x00000000d7100000)
 ParOldGen       total 68608K, used 12636K [0x0000000080000000, 0x0000000084300000, 0x00000000d5580000)
  object space 68608K, 18% used [0x0000000080000000,0x0000000080c57278,0x0000000084300000)
 Metaspace       used 23252K, committed 24128K, reserved 1114112K
  class space    used 2346K, committed 2752K, reserved 1048576K
}
Event: 7.012 GC heap before
{Heap before GC invocations=10 (full 1):
 PSYoungGen      total 25088K, used 24651K [0x00000000d5580000, 0x00000000d7300000, 0x0000000100000000)
  eden space 24064K, 100% used [0x00000000d5580000,0x00000000d6d00000,0x00000000d6d00000)
  from space 1024K, 57% used [0x00000000d7200000,0x00000000d7292ce8,0x00000000d7300000)
  to   space 2048K, 0% used [0x00000000d6f00000,0x00000000d6f00000,0x00000000d7100000)
 ParOldGen       total 68608K, used 12636K [0x0000000080000000, 0x0000000084300000, 0x00000000d5580000)
  object space 68608K, 18% used [0x0000000080000000,0x0000000080c57278,0x0000000084300000)
 Metaspace       used 26562K, committed 27392K, reserved 1114112K
  class space    used 2598K, committed 2944K, reserved 1048576K
}
Event: 7.013 GC heap after
{Heap after GC invocations=10 (full 1):
 PSYoungGen      total 25600K, used 2043K [0x00000000d5580000, 0x00000000d7280000, 0x0000000100000000)
  eden space 23552K, 0% used [0x00000000d5580000,0x00000000d5580000,0x00000000d6c80000)
  from space 2048K, 99% used [0x00000000d6f00000,0x00000000d70fec48,0x00000000d7100000)
  to   space 1536K, 0% used [0x00000000d7100000,0x00000000d7100000,0x00000000d7280000)
 ParOldGen       total 68608K, used 13037K [0x0000000080000000, 0x0000000084300000, 0x00000000d5580000)
  object space 68608K, 19% used [0x0000000080000000,0x0000000080cbb520,0x0000000084300000)
 Metaspace       used 26562K, committed 27392K, reserved 1114112K
  class space    used 2598K, committed 2944K, reserved 1048576K
}
Event: 7.373 GC heap before
{Heap before GC invocations=11 (full 1):
 PSYoungGen      total 25600K, used 25595K [0x00000000d5580000, 0x00000000d7280000, 0x0000000100000000)
  eden space 23552K, 100% used [0x00000000d5580000,0x00000000d6c80000,0x00000000d6c80000)
  from space 2048K, 99% used [0x00000000d6f00000,0x00000000d70fec48,0x00000000d7100000)
  to   space 1536K, 0% used [0x00000000d7100000,0x00000000d7100000,0x00000000d7280000)
 ParOldGen       total 68608K, used 13037K [0x0000000080000000, 0x0000000084300000, 0x00000000d5580000)
  object space 68608K, 19% used [0x0000000080000000,0x0000000080cbb520,0x0000000084300000)
 Metaspace       used 28670K, committed 29632K, reserved 1114112K
  class space    used 2794K, committed 3200K, reserved 1048576K
}
Event: 7.375 GC heap after
{Heap after GC invocations=11 (full 1):
 PSYoungGen      total 24576K, used 1519K [0x00000000d5580000, 0x00000000d7300000, 0x0000000100000000)
  eden space 23040K, 0% used [0x00000000d5580000,0x00000000d5580000,0x00000000d6c00000)
  from space 1536K, 98% used [0x00000000d7100000,0x00000000d727bfa0,0x00000000d7280000)
  to   space 3584K, 0% used [0x00000000d6c00000,0x00000000d6c00000,0x00000000d6f80000)
 ParOldGen       total 68608K, used 14578K [0x0000000080000000, 0x0000000084300000, 0x00000000d5580000)
  object space 68608K, 21% used [0x0000000080000000,0x0000000080e3c860,0x0000000084300000)
 Metaspace       used 28670K, committed 29632K, reserved 1114112K
  class space    used 2794K, committed 3200K, reserved 1048576K
}
Event: 7.696 GC heap before
{Heap before GC invocations=12 (full 1):
 PSYoungGen      total 24576K, used 24559K [0x00000000d5580000, 0x00000000d7300000, 0x0000000100000000)
  eden space 23040K, 100% used [0x00000000d5580000,0x00000000d6c00000,0x00000000d6c00000)
  from space 1536K, 98% used [0x00000000d7100000,0x00000000d727bfa0,0x00000000d7280000)
  to   space 3584K, 0% used [0x00000000d6c00000,0x00000000d6c00000,0x00000000d6f80000)
 ParOldGen       total 68608K, used 14578K [0x0000000080000000, 0x0000000084300000, 0x00000000d5580000)
  object space 68608K, 21% used [0x0000000080000000,0x0000000080e3c860,0x0000000084300000)
 Metaspace       used 31771K, committed 32832K, reserved 1114112K
  class space    used 3174K, committed 3648K, reserved 1048576K
}
Event: 7.698 GC heap after
{Heap after GC invocations=12 (full 1):
 PSYoungGen      total 24576K, used 1609K [0x00000000d5580000, 0x00000000d7180000, 0x0000000100000000)
  eden space 22528K, 0% used [0x00000000d5580000,0x00000000d5580000,0x00000000d6b80000)
  from space 2048K, 78% used [0x00000000d6c00000,0x00000000d6d92430,0x00000000d6e00000)
  to   space 2560K, 0% used [0x00000000d6f00000,0x00000000d6f00000,0x00000000d7180000)
 ParOldGen       total 68608K, used 16065K [0x0000000080000000, 0x0000000084300000, 0x00000000d5580000)
  object space 68608K, 23% used [0x0000000080000000,0x0000000080fb07a8,0x0000000084300000)
 Metaspace       used 31771K, committed 32832K, reserved 1114112K
  class space    used 3174K, committed 3648K, reserved 1048576K
}

Dll operation events (10 events):
Event: 0.020 Loaded shared library c:\Users\admin\.vscode\extensions\redhat.java-1.45.0-win32-x64\jre\21.0.8-win32-x86_64\bin\java.dll
Event: 0.212 Loaded shared library c:\Users\admin\.vscode\extensions\redhat.java-1.45.0-win32-x64\jre\21.0.8-win32-x86_64\bin\zip.dll
Event: 0.244 Loaded shared library C:\Users\admin\.vscode\extensions\redhat.java-1.45.0-win32-x64\jre\21.0.8-win32-x86_64\bin\instrument.dll
Event: 0.251 Loaded shared library C:\Users\admin\.vscode\extensions\redhat.java-1.45.0-win32-x64\jre\21.0.8-win32-x86_64\bin\net.dll
Event: 0.253 Loaded shared library C:\Users\admin\.vscode\extensions\redhat.java-1.45.0-win32-x64\jre\21.0.8-win32-x86_64\bin\nio.dll
Event: 0.259 Loaded shared library C:\Users\admin\.vscode\extensions\redhat.java-1.45.0-win32-x64\jre\21.0.8-win32-x86_64\bin\zip.dll
Event: 0.282 Loaded shared library C:\Users\admin\.vscode\extensions\redhat.java-1.45.0-win32-x64\jre\21.0.8-win32-x86_64\bin\jimage.dll
Event: 0.408 Loaded shared library c:\Users\admin\.vscode\extensions\redhat.java-1.45.0-win32-x64\jre\21.0.8-win32-x86_64\bin\verify.dll
Event: 2.800 Loaded shared library C:\Users\admin\AppData\Roaming\Code\User\globalStorage\redhat.java\1.45.0\config_win\org.eclipse.equinox.launcher\org.eclipse.equinox.launcher.win32.win32.x86_64_1.2.1400.v20250801-0854\eclipse_11916.dll
Event: 5.600 Loaded shared library C:\Users\admin\AppData\Local\Temp\jna-92668751\jna6094098787149864537.dll

Deoptimization events (20 events):
Event: 7.719 Thread 0x000001486b7eb8b0 Uncommon trap: trap_request=0xffffffde fr.pc=0x0000014818db00b8 relative=0x00000000000000f8
Event: 7.720 Thread 0x000001486b7eb8b0 Uncommon trap: reason=class_check action=maybe_recompile pc=0x0000014818db00b8 method=java.lang.Character.codePointAt(Ljava/lang/CharSequence;I)I @ 2 c2
Event: 7.720 Thread 0x000001486b7eb8b0 DEOPT PACKING pc=0x0000014818db00b8 sp=0x00000025bd9fe730
Event: 7.720 Thread 0x000001486b7eb8b0 DEOPT UNPACKING pc=0x00000148186a6da2 sp=0x00000025bd9fe6b8 mode 2
Event: 7.720 Thread 0x000001486b7eb8b0 Uncommon trap: trap_request=0xffffffde fr.pc=0x0000014818db00b8 relative=0x00000000000000f8
Event: 7.720 Thread 0x000001486b7eb8b0 Uncommon trap: reason=class_check action=maybe_recompile pc=0x0000014818db00b8 method=java.lang.Character.codePointAt(Ljava/lang/CharSequence;I)I @ 2 c2
Event: 7.720 Thread 0x000001486b7eb8b0 DEOPT PACKING pc=0x0000014818db00b8 sp=0x00000025bd9fe730
Event: 7.720 Thread 0x000001486b7eb8b0 DEOPT UNPACKING pc=0x00000148186a6da2 sp=0x00000025bd9fe6b8 mode 2
Event: 7.720 Thread 0x000001486b7eb8b0 Uncommon trap: trap_request=0xffffffde fr.pc=0x0000014818db00b8 relative=0x00000000000000f8
Event: 7.720 Thread 0x000001486b7eb8b0 Uncommon trap: reason=class_check action=maybe_recompile pc=0x0000014818db00b8 method=java.lang.Character.codePointAt(Ljava/lang/CharSequence;I)I @ 2 c2
Event: 7.720 Thread 0x000001486b7eb8b0 DEOPT PACKING pc=0x0000014818db00b8 sp=0x00000025bd9fe730
Event: 7.720 Thread 0x000001486b7eb8b0 DEOPT UNPACKING pc=0x00000148186a6da2 sp=0x00000025bd9fe6b8 mode 2
Event: 7.835 Thread 0x000001486d6532d0 Uncommon trap: trap_request=0xffffffc6 fr.pc=0x0000014818cef4d4 relative=0x00000000000010d4
Event: 7.835 Thread 0x000001486d6532d0 Uncommon trap: reason=bimorphic_or_optimized_type_check action=maybe_recompile pc=0x0000014818cef4d4 method=java.util.Properties$LineReader.readLine()I @ 479 c2
Event: 7.835 Thread 0x000001486d6532d0 DEOPT PACKING pc=0x0000014818cef4d4 sp=0x00000025bdafe510
Event: 7.835 Thread 0x000001486d6532d0 DEOPT UNPACKING pc=0x00000148186a6da2 sp=0x00000025bdafe4c0 mode 2
Event: 7.840 Thread 0x000001486d6532d0 Uncommon trap: trap_request=0xffffff45 fr.pc=0x0000014818d7f834 relative=0x0000000000001d54
Event: 7.840 Thread 0x000001486d6532d0 Uncommon trap: reason=unstable_if action=reinterpret pc=0x0000014818d7f834 method=sun.nio.fs.WindowsPathParser.nextNonSlash(Ljava/lang/String;II)I @ 2 c2
Event: 7.840 Thread 0x000001486d6532d0 DEOPT PACKING pc=0x0000014818d7f834 sp=0x00000025bdafe710
Event: 7.840 Thread 0x000001486d6532d0 DEOPT UNPACKING pc=0x00000148186a6da2 sp=0x00000025bdafe6a0 mode 2

Classes loaded (20 events):
Event: 7.840 Loading class java/nio/file/FileChannelLinesSpliterator
Event: 7.841 Loading class java/nio/file/FileChannelLinesSpliterator done
Event: 7.841 Loading class java/util/stream/Streams$1
Event: 7.841 Loading class java/util/stream/Streams$1 done
Event: 7.842 Loading class java/nio/file/FileChannelLinesSpliterator$1
Event: 7.842 Loading class java/nio/file/FileChannelLinesSpliterator$1 done
Event: 7.842 Loading class java/nio/channels/Channels
Event: 7.842 Loading class java/nio/channels/Channels done
Event: 7.842 Loading class sun/nio/ch/Util
Event: 7.843 Loading class sun/nio/ch/Util done
Event: 7.843 Loading class sun/nio/ch/Util$1
Event: 7.843 Loading class sun/nio/ch/Util$1 done
Event: 7.844 Loading class sun/nio/ch/Util$BufferCache
Event: 7.844 Loading class sun/nio/ch/Util$BufferCache done
Event: 7.844 Loading class java/nio/DirectByteBuffer$Deallocator
Event: 7.844 Loading class java/nio/DirectByteBuffer$Deallocator done
Event: 7.857 Loading class java/lang/Deprecated
Event: 7.857 Loading class java/lang/Deprecated done
Event: 7.858 Loading class jdk/internal/vm/annotation/IntrinsicCandidate
Event: 7.859 Loading class jdk/internal/vm/annotation/IntrinsicCandidate done

Classes unloaded (7 events):
Event: 6.601 Thread 0x000001480dfed7d0 Unloading class 0x00000148261ac800 'java/lang/invoke/LambdaForm$MH+0x00000148261ac800'
Event: 6.601 Thread 0x000001480dfed7d0 Unloading class 0x00000148261ac400 'java/lang/invoke/LambdaForm$MH+0x00000148261ac400'
Event: 6.601 Thread 0x000001480dfed7d0 Unloading class 0x00000148261ac000 'java/lang/invoke/LambdaForm$MH+0x00000148261ac000'
Event: 6.601 Thread 0x000001480dfed7d0 Unloading class 0x00000148261abc00 'java/lang/invoke/LambdaForm$MH+0x00000148261abc00'
Event: 6.601 Thread 0x000001480dfed7d0 Unloading class 0x00000148261ab800 'java/lang/invoke/LambdaForm$BMH+0x00000148261ab800'
Event: 6.601 Thread 0x000001480dfed7d0 Unloading class 0x00000148261ab400 'java/lang/invoke/LambdaForm$DMH+0x00000148261ab400'
Event: 6.601 Thread 0x000001480dfed7d0 Unloading class 0x00000148261aa000 'java/lang/invoke/LambdaForm$DMH+0x00000148261aa000'

Classes redefined (0 events):
No events

Internal exceptions (20 events):
Event: 7.550 Thread 0x000001486b7ed2f0 Exception <a 'java/lang/NoSuchMethodError'{0x00000000d5e93250}: 'void java.lang.invoke.DirectMethodHandle$Holder.invokeStaticInit(java.lang.Object, java.lang.Object, java.lang.Object, java.lang.Object)'> (0x00000000d5e93250) 
thrown [s\src\hotspot\share\interpreter\linkResolver.cpp, line 773]
Event: 7.634 Thread 0x000001486b7eb8b0 Exception <a 'java/lang/NoSuchMethodError'{0x00000000d67646a8}: 'java.lang.Object java.lang.invoke.DirectMethodHandle$Holder.invokeStaticInit(java.lang.Object, java.lang.Object, java.lang.Object, java.lang.Object, java.lang.Object, java.lang.Object, java.lang.Object)'> (0x00000000d67646a8) 
thrown [s\src\hotspot\share\interpreter\linkResolver.cpp, line 773]
Event: 7.635 Thread 0x000001486b7eb8b0 Exception <a 'java/lang/NoSuchMethodError'{0x00000000d6768e80}: 'java.lang.Object java.lang.invoke.Invokers$Holder.invoke_MT(java.lang.Object, java.lang.Object, java.lang.Object, java.lang.Object, java.lang.Object, java.lang.Object, java.lang.Object, java.lang.Object, java.lang.Object)'> (0x00000000d6768e80) 
thrown [s\src\hotspot\share\interpreter\linkResolver.cpp, line 773]
Event: 7.640 Thread 0x000001486b7eb8b0 Exception <a 'java/lang/NoSuchMethodError'{0x00000000d6813c90}: 'int java.lang.invoke.DirectMethodHandle$Holder.invokeVirtual(java.lang.Object, java.lang.Object, java.lang.Object)'> (0x00000000d6813c90) 
thrown [s\src\hotspot\share\interpreter\linkResolver.cpp, line 773]
Event: 7.641 Thread 0x000001486b7eb8b0 Exception <a 'java/lang/NoSuchMethodError'{0x00000000d6817c08}: 'int java.lang.invoke.DirectMethodHandle$Holder.invokeStaticInit(java.lang.Object, int, int)'> (0x00000000d6817c08) 
thrown [s\src\hotspot\share\interpreter\linkResolver.cpp, line 773]
Event: 7.642 Thread 0x000001486b7eb8b0 Exception <a 'java/lang/NoSuchMethodError'{0x00000000d682d360}: 'int java.lang.invoke.DirectMethodHandle$Holder.invokeStaticInit(java.lang.Object, long, long)'> (0x00000000d682d360) 
thrown [s\src\hotspot\share\interpreter\linkResolver.cpp, line 773]
Event: 7.642 Thread 0x000001486b7eb8b0 Exception <a 'java/lang/NoSuchMethodError'{0x00000000d6833cf8}: 'int java.lang.invoke.DirectMethodHandle$Holder.invokeStaticInit(java.lang.Object, float, float)'> (0x00000000d6833cf8) 
thrown [s\src\hotspot\share\interpreter\linkResolver.cpp, line 773]
Event: 7.643 Thread 0x000001486b7eb8b0 Exception <a 'java/lang/NoSuchMethodError'{0x00000000d68486b0}: 'int java.lang.invoke.DirectMethodHandle$Holder.invokeStaticInit(java.lang.Object, double, double)'> (0x00000000d68486b0) 
thrown [s\src\hotspot\share\interpreter\linkResolver.cpp, line 773]
Event: 7.643 Thread 0x000001486b7eb8b0 Exception <a 'java/lang/NoSuchMethodError'{0x00000000d684cae0}: 'int java.lang.invoke.DirectMethodHandle$Holder.invokeStatic(java.lang.Object, long)'> (0x00000000d684cae0) 
thrown [s\src\hotspot\share\interpreter\linkResolver.cpp, line 773]
Event: 7.646 Thread 0x000001486b7eb8b0 Exception <a 'java/lang/NoSuchMethodError'{0x00000000d686af10}: 'int java.lang.invoke.Invokers$Holder.linkToTargetMethod(java.lang.Object, java.lang.Object)'> (0x00000000d686af10) 
thrown [s\src\hotspot\share\interpreter\linkResolver.cpp, line 773]
Event: 7.664 Thread 0x000001480bb19a10 Exception <a 'java/lang/NoSuchMethodError'{0x00000000d6a03518}: 'java.lang.Object java.lang.invoke.DirectMethodHandle$Holder.invokeStatic(java.lang.Object, long, java.lang.Object)'> (0x00000000d6a03518) 
thrown [s\src\hotspot\share\interpreter\linkResolver.cpp, line 773]
Event: 7.667 Thread 0x000001480bb19a10 Exception <a 'java/lang/NoSuchMethodError'{0x00000000d6a14080}: 'java.lang.Object java.lang.invoke.DirectMethodHandle$Holder.invokeStaticInit(java.lang.Object, long, java.lang.Object)'> (0x00000000d6a14080) 
thrown [s\src\hotspot\share\interpreter\linkResolver.cpp, line 773]
Event: 7.668 Thread 0x000001480bb19a10 Exception <a 'java/lang/NoSuchMethodError'{0x00000000d6a20e18}: 'java.lang.Object java.lang.invoke.DirectMethodHandle$Holder.newInvokeSpecial(java.lang.Object, long)'> (0x00000000d6a20e18) 
thrown [s\src\hotspot\share\interpreter\linkResolver.cpp, line 773]
Event: 7.701 Thread 0x000001486d653960 Exception <a 'java/lang/NoSuchMethodError'{0x00000000d55a1d30}: 'int java.lang.invoke.DirectMethodHandle$Holder.invokeSpecial(java.lang.Object, java.lang.Object, java.lang.Object, java.lang.Object)'> (0x00000000d55a1d30) 
thrown [s\src\hotspot\share\interpreter\linkResolver.cpp, line 773]
Event: 7.706 Thread 0x000001486d653960 Exception <a 'java/lang/NoSuchMethodError'{0x00000000d562d738}: 'java.lang.Object java.lang.invoke.DirectMethodHandle$Holder.invokeStatic(java.lang.Object, int, java.lang.Object, java.lang.Object)'> (0x00000000d562d738) 
thrown [s\src\hotspot\share\interpreter\linkResolver.cpp, line 773]
Event: 7.706 Thread 0x000001486d653960 Exception <a 'java/lang/NoSuchMethodError'{0x00000000d5630f18}: 'java.lang.Object java.lang.invoke.DelegatingMethodHandle$Holder.delegate(java.lang.Object, int, java.lang.Object, java.lang.Object)'> (0x00000000d5630f18) 
thrown [s\src\hotspot\share\interpreter\linkResolver.cpp, line 773]
Event: 7.711 Thread 0x000001486d653960 Exception <a 'java/lang/NoSuchMethodError'{0x00000000d56e6f90}: 'int java.lang.invoke.Invokers$Holder.linkToTargetMethod(java.lang.Object, java.lang.Object, java.lang.Object)'> (0x00000000d56e6f90) 
thrown [s\src\hotspot\share\interpreter\linkResolver.cpp, line 773]
Event: 7.758 Thread 0x000001486b7eb8b0 Exception <a 'java/lang/NoSuchMethodError'{0x00000000d5b1ca00}: 'java.lang.Object java.lang.invoke.DirectMethodHandle$Holder.invokeSpecialIFC(java.lang.Object, java.lang.Object, java.lang.Object, java.lang.Object)'> (0x00000000d5b1ca00) 
thrown [s\src\hotspot\share\interpreter\linkResolver.cpp, line 773]
Event: 7.763 Thread 0x000001486b7ecc60 Exception <a 'java/io/FileNotFoundException'{0x00000000d5b3bd68}> (0x00000000d5b3bd68) 
thrown [s\src\hotspot\share\prims\jni.cpp, line 520]
Event: 7.836 Thread 0x000001486d6532d0 Exception <a 'java/lang/NoSuchMethodError'{0x00000000d6343248}: 'void java.lang.invoke.DirectMethodHandle$Holder.invokeStaticInit(java.lang.Object, java.lang.Object, java.lang.Object)'> (0x00000000d6343248) 
thrown [s\src\hotspot\share\interpreter\linkResolver.cpp, line 773]

ZGC Phase Switch (0 events):
No events

VM Operations (20 events):
Event: 6.797 Executing VM operation: ParallelGCFailedAllocation (Allocation Failure)
Event: 6.798 Executing VM operation: ParallelGCFailedAllocation (Allocation Failure) done
Event: 7.012 Executing VM operation: ParallelGCFailedAllocation (Allocation Failure)
Event: 7.013 Executing VM operation: ParallelGCFailedAllocation (Allocation Failure) done
Event: 7.230 Executing VM operation: HandshakeAllThreads (Deoptimize)
Event: 7.230 Executing VM operation: HandshakeAllThreads (Deoptimize) done
Event: 7.339 Executing VM operation: HandshakeAllThreads (Deoptimize)
Event: 7.339 Executing VM operation: HandshakeAllThreads (Deoptimize) done
Event: 7.343 Executing VM operation: HandshakeAllThreads (Deoptimize)
Event: 7.343 Executing VM operation: HandshakeAllThreads (Deoptimize) done
Event: 7.373 Executing VM operation: ParallelGCFailedAllocation (Allocation Failure)
Event: 7.375 Executing VM operation: ParallelGCFailedAllocation (Allocation Failure) done
Event: 7.379 Executing VM operation: HandshakeAllThreads (Deoptimize)
Event: 7.379 Executing VM operation: HandshakeAllThreads (Deoptimize) done
Event: 7.432 Executing VM operation: HandshakeAllThreads (Deoptimize)
Event: 7.432 Executing VM operation: HandshakeAllThreads (Deoptimize) done
Event: 7.653 Executing VM operation: HandshakeAllThreads (Deoptimize)
Event: 7.696 Executing VM operation: HandshakeAllThreads (Deoptimize) done
Event: 7.696 Executing VM operation: ParallelGCFailedAllocation (Allocation Failure)
Event: 7.698 Executing VM operation: ParallelGCFailedAllocation (Allocation Failure) done

Memory protections (0 events):
No events

Nmethod flushes (0 events):
No events

Events (20 events):
Event: 4.215 Thread 0x000001486b360820 Thread exited: 0x000001486b360820
Event: 5.027 Thread 0x000001486b6f77d0 Thread added: 0x000001486b7eb220
Event: 5.342 Thread 0x000001480de9a6a0 Thread added: 0x000001486b86f280
Event: 5.636 Thread 0x000001486b6f77d0 Thread added: 0x000001486b7ea500
Event: 5.685 Thread 0x000001486b6f77d0 Thread added: 0x000001486b7ecc60
Event: 5.722 Thread 0x000001486b6f77d0 Thread added: 0x000001486b7ed2f0
Event: 7.210 Thread 0x000001486b6f77d0 Thread added: 0x000001486b7e9e70
Event: 7.531 Thread 0x000001486b7ed2f0 Thread added: 0x000001486b7eb8b0
Event: 7.573 Thread 0x000001486b7eb8b0 Thread added: 0x000001486d6532d0
Event: 7.624 Thread 0x000001486d6532d0 Thread added: 0x000001486d653960
Event: 7.700 Thread 0x000001486d653960 Thread added: 0x000001486d653ff0
Event: 7.716 Thread 0x000001480bb19a10 Thread added: 0x000001486d651f20
Event: 7.717 Thread 0x000001480bb19a10 Thread added: 0x000001486d650b70
Event: 7.717 Thread 0x000001480bb19a10 Thread added: 0x000001486d654680
Event: 7.718 Thread 0x000001480bb19a10 Thread added: 0x000001486d6525b0
Event: 7.719 Thread 0x000001480bb19a10 Thread added: 0x000001486d651200
Event: 7.736 Thread 0x000001480bb19a10 Thread added: 0x000001486d651890
Event: 7.830 Thread 0x000001486d653ff0 Thread added: 0x000001486d6553a0
Event: 7.834 Thread 0x000001486d6532d0 Thread added: 0x000001486d654d10
Event: 7.850 Thread 0x000001486d6532d0 Thread added: 0x000001486d6560c0


Dynamic libraries:
0x00007ff68f8c0000 - 0x00007ff68f8ce000 	c:\Users\admin\.vscode\extensions\redhat.java-1.45.0-win32-x64\jre\21.0.8-win32-x86_64\bin\java.exe
0x00007ffb2d560000 - 0x00007ffb2d7c7000 	C:\WINDOWS\SYSTEM32\ntdll.dll
0x00007ffb2c850000 - 0x00007ffb2c919000 	C:\WINDOWS\System32\KERNEL32.DLL
0x00007ffb2a720000 - 0x00007ffb2ab10000 	C:\WINDOWS\System32\KERNELBASE.dll
0x00007ffb2b0f0000 - 0x00007ffb2b23b000 	C:\WINDOWS\System32\ucrtbase.dll
0x00007ffb1ac70000 - 0x00007ffb1ac88000 	c:\Users\admin\.vscode\extensions\redhat.java-1.45.0-win32-x64\jre\21.0.8-win32-x86_64\bin\jli.dll
0x00007ffb2c040000 - 0x00007ffb2c205000 	C:\WINDOWS\System32\USER32.dll
0x00007ffb2aea0000 - 0x00007ffb2aec7000 	C:\WINDOWS\System32\win32u.dll
0x00007ffb2c820000 - 0x00007ffb2c84b000 	C:\WINDOWS\System32\GDI32.dll
0x00007ffb2ad60000 - 0x00007ffb2ae98000 	C:\WINDOWS\System32\gdi32full.dll
0x00007ffb2b240000 - 0x00007ffb2b2e3000 	C:\WINDOWS\System32\msvcp_win.dll
0x00007ffb1abc0000 - 0x00007ffb1abde000 	c:\Users\admin\.vscode\extensions\redhat.java-1.45.0-win32-x64\jre\21.0.8-win32-x86_64\bin\VCRUNTIME140.dll
0x00007ffb1dc80000 - 0x00007ffb1df1a000 	C:\WINDOWS\WinSxS\amd64_microsoft.windows.common-controls_6595b64144ccf1df_6.0.26100.4768_none_3e0c112ce331287c\COMCTL32.dll
0x00007ffb2c5d0000 - 0x00007ffb2c679000 	C:\WINDOWS\System32\msvcrt.dll
0x00007ffb2d2f0000 - 0x00007ffb2d31f000 	C:\WINDOWS\System32\IMM32.DLL
0x00007ffb1d910000 - 0x00007ffb1d91c000 	c:\Users\admin\.vscode\extensions\redhat.java-1.45.0-win32-x64\jre\21.0.8-win32-x86_64\bin\vcruntime140_1.dll
0x00007ffb088d0000 - 0x00007ffb0895d000 	c:\Users\admin\.vscode\extensions\redhat.java-1.45.0-win32-x64\jre\21.0.8-win32-x86_64\bin\msvcp140.dll
0x00007ffadeff0000 - 0x00007ffadfd87000 	c:\Users\admin\.vscode\extensions\redhat.java-1.45.0-win32-x64\jre\21.0.8-win32-x86_64\bin\server\jvm.dll
0x00007ffb2ccb0000 - 0x00007ffb2cd64000 	C:\WINDOWS\System32\ADVAPI32.dll
0x00007ffb2c520000 - 0x00007ffb2c5c6000 	C:\WINDOWS\System32\sechost.dll
0x00007ffb2c210000 - 0x00007ffb2c328000 	C:\WINDOWS\System32\RPCRT4.dll
0x00007ffb2cf50000 - 0x00007ffb2cfc4000 	C:\WINDOWS\System32\WS2_32.dll
0x00007ffb2a510000 - 0x00007ffb2a56e000 	C:\WINDOWS\SYSTEM32\POWRPROF.dll
0x00007ffb14c80000 - 0x00007ffb14cb5000 	C:\WINDOWS\SYSTEM32\WINMM.dll
0x00007ffb281a0000 - 0x00007ffb281ab000 	C:\WINDOWS\SYSTEM32\VERSION.dll
0x00007ffb2a4f0000 - 0x00007ffb2a504000 	C:\WINDOWS\SYSTEM32\UMPDC.dll
0x00007ffb29410000 - 0x00007ffb2942b000 	C:\WINDOWS\SYSTEM32\kernel.appcore.dll
0x00007ffb1bcb0000 - 0x00007ffb1bcba000 	c:\Users\admin\.vscode\extensions\redhat.java-1.45.0-win32-x64\jre\21.0.8-win32-x86_64\bin\jimage.dll
0x00007ffb26ee0000 - 0x00007ffb27121000 	C:\WINDOWS\SYSTEM32\DBGHELP.DLL
0x00007ffb2c920000 - 0x00007ffb2cca5000 	C:\WINDOWS\System32\combase.dll
0x00007ffb2b2f0000 - 0x00007ffb2b3d0000 	C:\WINDOWS\System32\OLEAUT32.dll
0x00007ffb0f7a0000 - 0x00007ffb0f7e3000 	C:\WINDOWS\SYSTEM32\dbgcore.DLL
0x00007ffb2b050000 - 0x00007ffb2b0e9000 	C:\WINDOWS\System32\bcryptPrimitives.dll
0x00007ffb18fc0000 - 0x00007ffb18fcf000 	c:\Users\admin\.vscode\extensions\redhat.java-1.45.0-win32-x64\jre\21.0.8-win32-x86_64\bin\instrument.dll
0x00007ffb18fd0000 - 0x00007ffb18fef000 	c:\Users\admin\.vscode\extensions\redhat.java-1.45.0-win32-x64\jre\21.0.8-win32-x86_64\bin\java.dll
0x00007ffb2b8c0000 - 0x00007ffb2c00d000 	C:\WINDOWS\System32\SHELL32.dll
0x00007ffb2ab20000 - 0x00007ffb2ac93000 	C:\WINDOWS\System32\wintypes.dll
0x00007ffb282a0000 - 0x00007ffb28b00000 	C:\WINDOWS\SYSTEM32\windows.storage.dll
0x00007ffb2c700000 - 0x00007ffb2c7f5000 	C:\WINDOWS\System32\SHCORE.dll
0x00007ffb2c4b0000 - 0x00007ffb2c51a000 	C:\WINDOWS\System32\shlwapi.dll
0x00007ffb2a5b0000 - 0x00007ffb2a5d9000 	C:\WINDOWS\SYSTEM32\profapi.dll
0x00007ffb16ec0000 - 0x00007ffb16ed8000 	c:\Users\admin\.vscode\extensions\redhat.java-1.45.0-win32-x64\jre\21.0.8-win32-x86_64\bin\zip.dll
0x00007ffb1bb70000 - 0x00007ffb1bb80000 	C:\Users\admin\.vscode\extensions\redhat.java-1.45.0-win32-x64\jre\21.0.8-win32-x86_64\bin\net.dll
0x00007ffb1cba0000 - 0x00007ffb1ccbe000 	C:\WINDOWS\SYSTEM32\WINHTTP.dll
0x00007ffb299a0000 - 0x00007ffb29a0b000 	C:\WINDOWS\system32\mswsock.dll
0x00007ffb171d0000 - 0x00007ffb171e6000 	C:\Users\admin\.vscode\extensions\redhat.java-1.45.0-win32-x64\jre\21.0.8-win32-x86_64\bin\nio.dll
0x00007ffb18230000 - 0x00007ffb18240000 	c:\Users\admin\.vscode\extensions\redhat.java-1.45.0-win32-x64\jre\21.0.8-win32-x86_64\bin\verify.dll
0x00007ffb032a0000 - 0x00007ffb032e4000 	C:\Users\admin\AppData\Roaming\Code\User\globalStorage\redhat.java\1.45.0\config_win\org.eclipse.equinox.launcher\org.eclipse.equinox.launcher.win32.win32.x86_64_1.2.1400.v20250801-0854\eclipse_11916.dll
0x00007ffb2d060000 - 0x00007ffb2d200000 	C:\WINDOWS\System32\ole32.dll
0x00007ffb29c60000 - 0x00007ffb29c7b000 	C:\WINDOWS\SYSTEM32\CRYPTSP.dll
0x00007ffb29370000 - 0x00007ffb293ab000 	C:\WINDOWS\system32\rsaenh.dll
0x00007ffb29a40000 - 0x00007ffb29a6b000 	C:\WINDOWS\SYSTEM32\USERENV.dll
0x00007ffb2a580000 - 0x00007ffb2a5a6000 	C:\WINDOWS\SYSTEM32\bcrypt.dll
0x00007ffb29c80000 - 0x00007ffb29c8c000 	C:\WINDOWS\SYSTEM32\CRYPTBASE.dll
0x00007ffb28e10000 - 0x00007ffb28e43000 	C:\WINDOWS\SYSTEM32\IPHLPAPI.DLL
0x00007ffb2cf30000 - 0x00007ffb2cf3a000 	C:\WINDOWS\System32\NSI.dll
0x00007ffb02d40000 - 0x00007ffb02d89000 	C:\Users\admin\AppData\Local\Temp\jna-92668751\jna6094098787149864537.dll
0x00007ffb2cf40000 - 0x00007ffb2cf48000 	C:\WINDOWS\System32\PSAPI.DLL
0x00007ffb1d0e0000 - 0x00007ffb1d0ff000 	C:\WINDOWS\SYSTEM32\dhcpcsvc6.DLL
0x00007ffb1ce50000 - 0x00007ffb1ce75000 	C:\WINDOWS\SYSTEM32\dhcpcsvc.DLL

JVMTI agents:
c:\Users\admin\.vscode\extensions\redhat.java-1.45.0-win32-x64\lombok\lombok-1.18.39-4050.jar path:c:\Users\admin\.vscode\extensions\redhat.java-1.45.0-win32-x64\jre\21.0.8-win32-x86_64\bin\instrument.dll, loaded, initialized, instrumentlib options:none

dbghelp: loaded successfully - version: 4.0.5 - missing functions: none
symbol engine: initialized successfully - sym options: 0x614 - pdb path: .;c:\Users\admin\.vscode\extensions\redhat.java-1.45.0-win32-x64\jre\21.0.8-win32-x86_64\bin;C:\WINDOWS\SYSTEM32;C:\WINDOWS\WinSxS\amd64_microsoft.windows.common-controls_6595b64144ccf1df_6.0.26100.4768_none_3e0c112ce331287c;c:\Users\admin\.vscode\extensions\redhat.java-1.45.0-win32-x64\jre\21.0.8-win32-x86_64\bin\server;C:\Users\admin\AppData\Roaming\Code\User\globalStorage\redhat.java\1.45.0\config_win\org.eclipse.equinox.launcher\org.eclipse.equinox.launcher.win32.win32.x86_64_1.2.1400.v20250801-0854;C:\Users\admin\AppData\Local\Temp\jna-92668751

VM Arguments:
jvm_args: --add-modules=ALL-SYSTEM --add-opens=java.base/java.util=ALL-UNNAMED --add-opens=java.base/java.lang=ALL-UNNAMED --add-opens=java.base/sun.nio.fs=ALL-UNNAMED -Declipse.application=org.eclipse.jdt.ls.core.id1 -Dosgi.bundles.defaultStartLevel=4 -Declipse.product=org.eclipse.jdt.ls.core.product -Djava.import.generatesMetadataFilesAtProjectRoot=false -DDetectVMInstallationsJob.disabled=true -Dfile.encoding=utf8 -XX:+UseParallelGC -XX:GCTimeRatio=4 -XX:AdaptiveSizePolicyWeight=90 -Dsun.zip.disableMemoryMapping=true -Xmx2G -Xms100m -Xlog:disable -javaagent:c:\Users\admin\.vscode\extensions\redhat.java-1.45.0-win32-x64\lombok\lombok-1.18.39-4050.jar -XX:+HeapDumpOnOutOfMemoryError -XX:HeapDumpPath=c:\Users\admin\AppData\Roaming\Code\User\workspaceStorage\58fd78f2a317d820cacf0dd097669dc3\redhat.java -Daether.dependencyCollector.impl=bf 
java_command: c:\Users\admin\.vscode\extensions\redhat.java-1.45.0-win32-x64\server\plugins\org.eclipse.equinox.launcher_1.7.0.v20250519-0528.jar -configuration c:\Users\admin\AppData\Roaming\Code\User\globalStorage\redhat.java\1.45.0\config_win -data c:\Users\admin\AppData\Roaming\Code\User\workspaceStorage\58fd78f2a317d820cacf0dd097669dc3\redhat.java\jdt_ws --pipe=\\.\pipe\lsp-edff4cf978fe8a528b23a74fd69a61fc-sock
java_class_path (initial): c:\Users\admin\.vscode\extensions\redhat.java-1.45.0-win32-x64\server\plugins\org.eclipse.equinox.launcher_1.7.0.v20250519-0528.jar
Launcher Type: SUN_STANDARD

[Global flags]
    uintx AdaptiveSizePolicyWeight                 = 90                                        {product} {command line}
     intx CICompilerCount                          = 3                                         {product} {ergonomic}
    uintx GCTimeRatio                              = 4                                         {product} {command line}
     bool HeapDumpOnOutOfMemoryError               = true                                   {manageable} {command line}
    ccstr HeapDumpPath                             = c:\Users\admin\AppData\Roaming\Code\User\workspaceStorage\58fd78f2a317d820cacf0dd097669dc3\redhat.java         {manageable} {command line}
   size_t InitialHeapSize                          = 104857600                                 {product} {command line}
   size_t MaxHeapSize                              = 2147483648                                {product} {command line}
   size_t MaxNewSize                               = 715653120                                 {product} {ergonomic}
   size_t MinHeapDeltaBytes                        = 524288                                    {product} {ergonomic}
   size_t MinHeapSize                              = 104857600                                 {product} {command line}
   size_t NewSize                                  = 34603008                                  {product} {ergonomic}
    uintx NonNMethodCodeHeapSize                   = 5832780                                {pd product} {ergonomic}
    uintx NonProfiledCodeHeapSize                  = 122912730                              {pd product} {ergonomic}
   size_t OldSize                                  = 70254592                                  {product} {ergonomic}
    uintx ProfiledCodeHeapSize                     = 122912730                              {pd product} {ergonomic}
    uintx ReservedCodeCacheSize                    = 251658240                              {pd product} {ergonomic}
     bool SegmentedCodeCache                       = true                                      {product} {ergonomic}
   size_t SoftMaxHeapSize                          = 2147483648                             {manageable} {ergonomic}
     bool UseCompressedOops                        = true                           {product lp64_product} {ergonomic}
     bool UseLargePagesIndividualAllocation        = false                                  {pd product} {ergonomic}
     bool UseParallelGC                            = true                                      {product} {command line}

Logging:
Log output configuration:
 #0: stdout all=off uptime,level,tags foldmultilines=false
 #1: stderr all=off uptime,level,tags foldmultilines=false

Environment Variables:
PATH=C:\Program Files\Java\jdk-17\bin;C:\WINDOWS\system32;C:\WINDOWS;C:\WINDOWS\System32\Wbem;C:\WINDOWS\System32\WindowsPowerShell\v1.0\;C:\WINDOWS\System32\OpenSSH\;C:\Program Files\Git\cmd;C:\src\flutter\bin;C:\Program Files\nodejs\;C:\Users\admin\AppData\Local\Android\Sdk\platform-tools;C:\tools\nuget;C:\Program Files\dotnet\;C:\Program Files (x86)\Yarn\bin\;C:\Users\admin\AppData\Local\Microsoft\WindowsApps;C:\Users\admin\AppData\Local\Programs\Microsoft VS Code\bin;C:\Users\admin\AppData\Local\GitHubDesktop\bin;C:\Users\admin\AppData\Roaming\npm;C:\Users\admin\AppData\Local\Android\Sdk\platform-tools;C:\Program Files\Java\jdk-17\bin;C:\Users\admin\AppData\Local\Programs\cursor\resources\app\bin;C:\Users\admin\.dotnet\tools;C:\Users\admin\AppData\Local\Yarn\bin;C:\Users\admin\AppData\Local\Programs\Kiro\bin;C:\NuGet;D:\dmmpackege\IntelliJ IDEA Community Edition 2025.2.1\bin
USERNAME=admin
OS=Windows_NT
PROCESSOR_IDENTIFIER=Intel64 Family 6 Model 126 Stepping 5, GenuineIntel
TMP=C:\Users\admin\AppData\Local\Temp
TEMP=C:\Users\admin\AppData\Local\Temp




Periodic native trim disabled

---------------  S Y S T E M  ---------------

OS:
 Windows 11 , 64 bit Build 26100 (10.0.26100.4768)
OS uptime: 0 days 17:28 hours

CPU: total 4 (initial active 4) (2 cores per cpu, 2 threads per core) family 6 model 126 stepping 5 microcode 0xa8, cx8, cmov, fxsr, ht, mmx, 3dnowpref, sse, sse2, sse3, ssse3, sse4.1, sse4.2, popcnt, lzcnt, tsc, tscinvbit, avx, avx2, aes, erms, clmul, bmi1, bmi2, adx, avx512f, avx512dq, avx512cd, avx512bw, avx512vl, sha, fma, vzeroupper, avx512_vpopcntdq, avx512_vpclmulqdq, avx512_vaes, avx512_vnni, clflush, clflushopt, avx512_vbmi2, avx512_vbmi, rdtscp, rdpid, fsrm, gfni, avx512_bitalg, f16c, pku, avx512_ifma
Processor Information for the first 4 processors :
  Max Mhz: 1190, Current Mhz: 1190, Mhz Limit: 1190

Memory: 4k page, system-wide physical 7987M (1078M free)
TotalPageFile size 12184M (AvailPageFile size 5M)
current process WorkingSet (physical memory assigned to process): 199M, peak: 199M
current process commit charge ("private bytes"): 312M, peak: 312M

vm_info: OpenJDK 64-Bit Server VM (21.0.8+9-LTS) for windows-amd64 JRE (21.0.8+9-LTS), built on 2025-07-15T00:00:00Z by "admin" with MS VC++ 17.7 (VS2022)

END.
