#
# There is insufficient memory for the Java Runtime Environment to continue.
# Native memory allocation (malloc) failed to allocate 1050576 bytes. Error detail: Chunk::new
# Possible reasons:
#   The system is out of physical RAM or swap space
#   This process is running with CompressedOops enabled, and the Java Heap may be blocking the growth of the native heap
# Possible solutions:
#   Reduce memory load on the system
#   Increase physical memory or swap space
#   Check if swap backing store is full
#   Decrease Java heap size (-Xmx/-Xms)
#   Decrease number of Java threads
#   Decrease Java thread stack sizes (-Xss)
#   Set larger code cache with -XX:ReservedCodeCacheSize=
#   JVM is running with Unscaled Compressed Oops mode in which the Java heap is
#     placed in the first 4GB address space. The Java Heap base address is the
#     maximum limit for the native heap growth. Please use -XX:HeapBaseMinAddress
#     to set the Java Heap base and to place the Java Heap above 4GB virtual address.
# This output file may be truncated or incomplete.
#
#  Out of Memory Error (arena.cpp:168), pid=10100, tid=2156
#
# JRE version: OpenJDK Runtime Environment Temurin-21.0.8+9 (21.0.8+9) (build 21.0.8+9-LTS)
# Java VM: OpenJDK 64-Bit Server VM Temurin-21.0.8+9 (21.0.8+9-LTS, mixed mode, sharing, tiered, compressed oops, compressed class ptrs, parallel gc, windows-amd64)
# No core dump will be written. Minidumps are not enabled by default on client versions of Windows
#

---------------  S U M M A R Y ------------

Command Line: --add-modules=ALL-SYSTEM --add-opens=java.base/java.util=ALL-UNNAMED --add-opens=java.base/java.lang=ALL-UNNAMED --add-opens=java.base/sun.nio.fs=ALL-UNNAMED -Declipse.application=org.eclipse.jdt.ls.core.id1 -Dosgi.bundles.defaultStartLevel=4 -Declipse.product=org.eclipse.jdt.ls.core.product -Djava.import.generatesMetadataFilesAtProjectRoot=false -DDetectVMInstallationsJob.disabled=true -Dfile.encoding=utf8 -XX:+UseParallelGC -XX:GCTimeRatio=4 -XX:AdaptiveSizePolicyWeight=90 -Dsun.zip.disableMemoryMapping=true -Xmx2G -Xms100m -Xlog:disable -javaagent:c:\Users\admin\.vscode\extensions\redhat.java-1.45.0-win32-x64\lombok\lombok-1.18.39-4050.jar -XX:+HeapDumpOnOutOfMemoryError -XX:HeapDumpPath=c:\Users\admin\AppData\Roaming\Code\User\workspaceStorage\58fd78f2a317d820cacf0dd097669dc3\redhat.java -Daether.dependencyCollector.impl=bf c:\Users\admin\.vscode\extensions\redhat.java-1.45.0-win32-x64\server\plugins\org.eclipse.equinox.launcher_1.7.0.v20250519-0528.jar -configuration c:\Users\admin\AppData\Roaming\Code\User\globalStorage\redhat.java\1.45.0\config_win -data c:\Users\admin\AppData\Roaming\Code\User\workspaceStorage\58fd78f2a317d820cacf0dd097669dc3\redhat.java\jdt_ws --pipe=\\.\pipe\lsp-853160fa3ad7ee54efac4161a3e40f28-sock

Host: Intel(R) Core(TM) i3-1005G1 CPU @ 1.20GHz, 4 cores, 7G,  Windows 11 , 64 bit Build 26100 (10.0.26100.4768)
Time: Fri Sep 19 10:09:54 2025 India Standard Time elapsed time: 5.816420 seconds (0d 0h 0m 5s)

---------------  T H R E A D  ---------------

Current thread (0x000002535aa8e870):  JavaThread "C2 CompilerThread1" daemon [_thread_in_native, id=2156, stack(0x000000b9ceb00000,0x000000b9cec00000) (1024K)]


Current CompileTask:
C2:5816 5064   !   4       org.eclipse.osgi.internal.loader.BundleLoader::findClass0 (491 bytes)

Stack: [0x000000b9ceb00000,0x000000b9cec00000]
Native frames: (J=compiled Java code, j=interpreted, Vv=VM code, C=native code)
V  [jvm.dll+0x6d2449]
V  [jvm.dll+0x8ae341]
V  [jvm.dll+0x8b08be]
V  [jvm.dll+0x8b0fa3]
V  [jvm.dll+0x280c96]
V  [jvm.dll+0xc581d]
V  [jvm.dll+0xc5d53]
V  [jvm.dll+0x2f539d]
V  [jvm.dll+0x5fa00a]
V  [jvm.dll+0x252092]
V  [jvm.dll+0x25244f]
V  [jvm.dll+0x24ad14]
V  [jvm.dll+0x2483a4]
V  [jvm.dll+0x1c89ee]
V  [jvm.dll+0x257d4d]
V  [jvm.dll+0x2562ea]
V  [jvm.dll+0x3f2d16]
V  [jvm.dll+0x857e6b]
V  [jvm.dll+0x6d0b0d]
C  [ucrtbase.dll+0x37b0]
C  [KERNEL32.DLL+0x2e8d7]
C  [ntdll.dll+0x3c34c]


---------------  P R O C E S S  ---------------

Threads class SMR info:
_java_thread_list=0x000002535ca5ee50, length=39, elements={
0x000002537aa69be0, 0x0000025313827a70, 0x000002531382aa90, 0x000002531382d5e0,
0x000002531382e230, 0x0000025313830e90, 0x0000025313833cf0, 0x0000025313836b30,
0x000002531386c7d0, 0x00000253556d58d0, 0x0000025355863470, 0x000002535a7d61e0,
0x000002535a600b40, 0x000002535a624930, 0x000002535a6039c0, 0x000002535ad32050,
0x000002535ad831f0, 0x000002535ad10c70, 0x000002535ad0ff50, 0x000002535ad105e0,
0x000002535ad12020, 0x000002535ad0eba0, 0x000002535aa8e870, 0x000002535ad0f230,
0x000002535ad11300, 0x000002535ad11990, 0x000002535c8027e0, 0x000002535c802150,
0x000002535c7ff360, 0x000002535c802e70, 0x000002535c7ff9f0, 0x000002535c803500,
0x000002535c800080, 0x000002535c800710, 0x000002535c804220, 0x000002535c800da0,
0x000002535c801430, 0x000002535c804f40, 0x000002535c801ac0
}

Java Threads: ( => current thread )
  0x000002537aa69be0 JavaThread "main"                              [_thread_blocked, id=10376, stack(0x000000b9cde00000,0x000000b9cdf00000) (1024K)]
  0x0000025313827a70 JavaThread "Reference Handler"          daemon [_thread_blocked, id=14300, stack(0x000000b9ce200000,0x000000b9ce300000) (1024K)]
  0x000002531382aa90 JavaThread "Finalizer"                  daemon [_thread_blocked, id=3624, stack(0x000000b9ce300000,0x000000b9ce400000) (1024K)]
  0x000002531382d5e0 JavaThread "Signal Dispatcher"          daemon [_thread_blocked, id=3228, stack(0x000000b9ce400000,0x000000b9ce500000) (1024K)]
  0x000002531382e230 JavaThread "Attach Listener"            daemon [_thread_blocked, id=2560, stack(0x000000b9ce500000,0x000000b9ce600000) (1024K)]
  0x0000025313830e90 JavaThread "Service Thread"             daemon [_thread_blocked, id=10588, stack(0x000000b9ce600000,0x000000b9ce700000) (1024K)]
  0x0000025313833cf0 JavaThread "Monitor Deflation Thread"   daemon [_thread_blocked, id=2916, stack(0x000000b9ce700000,0x000000b9ce800000) (1024K)]
  0x0000025313836b30 JavaThread "C2 CompilerThread0"         daemon [_thread_in_native, id=13032, stack(0x000000b9ce800000,0x000000b9ce900000) (1024K)]
  0x000002531386c7d0 JavaThread "C1 CompilerThread0"         daemon [_thread_blocked, id=4572, stack(0x000000b9ce900000,0x000000b9cea00000) (1024K)]
  0x00000253556d58d0 JavaThread "Common-Cleaner"             daemon [_thread_blocked, id=2176, stack(0x000000b9cea00000,0x000000b9ceb00000) (1024K)]
  0x0000025355863470 JavaThread "Notification Thread"        daemon [_thread_blocked, id=2600, stack(0x000000b9cec00000,0x000000b9ced00000) (1024K)]
  0x000002535a7d61e0 JavaThread "Active Thread: Equinox Container: 468c72a1-8354-46fb-b5de-25a5ee67a4b3"        [_thread_blocked, id=2416, stack(0x000000b9cf000000,0x000000b9cf100000) (1024K)]
  0x000002535a600b40 JavaThread "Refresh Thread: Equinox Container: 468c72a1-8354-46fb-b5de-25a5ee67a4b3" daemon [_thread_blocked, id=8096, stack(0x000000b9cf100000,0x000000b9cf200000) (1024K)]
  0x000002535a624930 JavaThread "Framework Event Dispatcher: Equinox Container: 468c72a1-8354-46fb-b5de-25a5ee67a4b3" daemon [_thread_blocked, id=12296, stack(0x000000b9cf200000,0x000000b9cf300000) (1024K)]
  0x000002535a6039c0 JavaThread "Start Level: Equinox Container: 468c72a1-8354-46fb-b5de-25a5ee67a4b3" daemon [_thread_blocked, id=8768, stack(0x000000b9cf300000,0x000000b9cf400000) (1024K)]
  0x000002535ad32050 JavaThread "Bundle File Closer"         daemon [_thread_blocked, id=9588, stack(0x000000b9cf400000,0x000000b9cf500000) (1024K)]
  0x000002535ad831f0 JavaThread "SCR Component Actor"        daemon [_thread_blocked, id=11852, stack(0x000000b9cf500000,0x000000b9cf600000) (1024K)]
  0x000002535ad10c70 JavaThread "SCR Component Registry"     daemon [_thread_blocked, id=10576, stack(0x000000b9cf600000,0x000000b9cf700000) (1024K)]
  0x000002535ad0ff50 JavaThread "Worker-JM"                         [_thread_blocked, id=2868, stack(0x000000b9cf700000,0x000000b9cf800000) (1024K)]
  0x000002535ad105e0 JavaThread "JNA Cleaner"                daemon [_thread_blocked, id=2524, stack(0x000000b9cf800000,0x000000b9cf900000) (1024K)]
  0x000002535ad12020 JavaThread "Worker-0: Repository registry initialization"        [_thread_blocked, id=14796, stack(0x000000b9cf900000,0x000000b9cfa00000) (1024K)]
  0x000002535ad0eba0 JavaThread "Worker-1: Initialize After Load"        [_thread_blocked, id=3104, stack(0x000000b9cfa00000,0x000000b9cfb00000) (1024K)]
=>0x000002535aa8e870 JavaThread "C2 CompilerThread1"         daemon [_thread_in_native, id=2156, stack(0x000000b9ceb00000,0x000000b9cec00000) (1024K)]
  0x000002535ad0f230 JavaThread "Java indexing"              daemon [_thread_blocked, id=1808, stack(0x000000b9cfb00000,0x000000b9cfc00000) (1024K)]
  0x000002535ad11300 JavaThread "Worker-2: Updating Maven Dependencies"        [_thread_in_vm, id=7792, stack(0x000000b9cfe00000,0x000000b9cff00000) (1024K)]
  0x000002535ad11990 JavaThread "Worker-3: Synchronize Gradle projects with workspace"        [_thread_blocked, id=11828, stack(0x000000b9cff00000,0x000000b9d0000000) (1024K)]
  0x000002535c8027e0 JavaThread "Thread-2"                   daemon [_thread_in_native, id=14392, stack(0x000000b9d0000000,0x000000b9d0100000) (1024K)]
  0x000002535c802150 JavaThread "Thread-3"                   daemon [_thread_in_native, id=15352, stack(0x000000b9d0100000,0x000000b9d0200000) (1024K)]
  0x000002535c7ff360 JavaThread "Thread-4"                   daemon [_thread_in_native, id=14880, stack(0x000000b9d0200000,0x000000b9d0300000) (1024K)]
  0x000002535c802e70 JavaThread "Thread-5"                   daemon [_thread_in_native, id=9952, stack(0x000000b9d0300000,0x000000b9d0400000) (1024K)]
  0x000002535c7ff9f0 JavaThread "Thread-6"                   daemon [_thread_in_native, id=5456, stack(0x000000b9d0400000,0x000000b9d0500000) (1024K)]
  0x000002535c803500 JavaThread "pool-2-thread-1"                   [_thread_blocked, id=5204, stack(0x000000b9d0500000,0x000000b9d0600000) (1024K)]
  0x000002535c800080 JavaThread "Timer-0"                           [_thread_blocked, id=12408, stack(0x000000b9d0600000,0x000000b9d0700000) (1024K)]
  0x000002535c800710 JavaThread "Worker-4"                          [_thread_blocked, id=2364, stack(0x000000b9d0700000,0x000000b9d0800000) (1024K)]
  0x000002535c804220 JavaThread "Timer-1"                           [_thread_blocked, id=7256, stack(0x000000b9d0800000,0x000000b9d0900000) (1024K)]
  0x000002535c800da0 JavaThread "Worker-5"                          [_thread_blocked, id=120, stack(0x000000b9d0900000,0x000000b9d0a00000) (1024K)]
  0x000002535c801430 JavaThread "WorkspaceEventsHandler"            [_thread_blocked, id=2572, stack(0x000000b9d0a00000,0x000000b9d0b00000) (1024K)]
  0x000002535c804f40 JavaThread "pool-1-thread-1"                   [_thread_blocked, id=14100, stack(0x000000b9d0b00000,0x000000b9d0c00000) (1024K)]
  0x000002535c801ac0 JavaThread "Connection worker"                 [_thread_in_vm, id=9948, stack(0x000000b9d0c00000,0x000000b9d0d00000) (1024K)]
Total: 39

Other Threads:
  0x000002537adfa270 VMThread "VM Thread"                           [id=6896, stack(0x000000b9ce100000,0x000000b9ce200000) (1024K)]
  0x000002537ade80c0 WatcherThread "VM Periodic Task Thread"        [id=14180, stack(0x000000b9ce000000,0x000000b9ce100000) (1024K)]
  0x000002537ad97960 WorkerThread "GC Thread#0"                     [id=13064, stack(0x000000b9cdf00000,0x000000b9ce000000) (1024K)]
  0x000002535a1823c0 WorkerThread "GC Thread#1"                     [id=6852, stack(0x000000b9ced00000,0x000000b9cee00000) (1024K)]
  0x000002535a182760 WorkerThread "GC Thread#2"                     [id=9496, stack(0x000000b9cee00000,0x000000b9cef00000) (1024K)]
  0x000002535a2550d0 WorkerThread "GC Thread#3"                     [id=2432, stack(0x000000b9cef00000,0x000000b9cf000000) (1024K)]
Total: 6

Threads with active compile tasks:
C2 CompilerThread0  5838 5066   !   4       org.eclipse.osgi.internal.loader.BundleLoader::findRequiredSource (283 bytes)
C2 CompilerThread1  5838 5064   !   4       org.eclipse.osgi.internal.loader.BundleLoader::findClass0 (491 bytes)
Total: 2

VM state: not at safepoint (normal execution)

VM Mutex/Monitor currently owned by a thread: None

Heap address: 0x0000000080000000, size: 2048 MB, Compressed Oops mode: 32-bit

CDS archive(s) mapped at: [0x0000025314000000-0x0000025314ba0000-0x0000025314ba0000), size 12189696, SharedBaseAddress: 0x0000025314000000, ArchiveRelocationMode: 1.
Compressed class space mapped at: 0x0000025315000000-0x0000025355000000, reserved size: 1073741824
Narrow klass base: 0x0000025314000000, Narrow klass shift: 0, Narrow klass range: 0x100000000

GC Precious Log:
 CardTable entry size: 512
 CPUs: 4 total, 4 available
 Memory: 7987M
 Large Page Support: Disabled
 NUMA Support: Disabled
 Compressed Oops: Enabled (32-bit)
 Alignments: Space 512K, Generation 512K, Heap 2M
 Heap Min Capacity: 100M
 Heap Initial Capacity: 100M
 Heap Max Capacity: 2G
 Pre-touch: Disabled
 Parallel Workers: 4

Heap:
 PSYoungGen      total 27648K, used 24585K [0x00000000d5580000, 0x00000000d7680000, 0x0000000100000000)
  eden space 22016K, 88% used [0x00000000d5580000,0x00000000d686dbb0,0x00000000d6b00000)
  from space 5632K, 92% used [0x00000000d7100000,0x00000000d76149c8,0x00000000d7680000)
  to   space 5632K, 0% used [0x00000000d6b80000,0x00000000d6b80000,0x00000000d7100000)
 ParOldGen       total 68608K, used 23607K [0x0000000080000000, 0x0000000084300000, 0x00000000d5580000)
  object space 68608K, 34% used [0x0000000080000000,0x000000008170def0,0x0000000084300000)
 Metaspace       used 41783K, committed 43008K, reserved 1114112K
  class space    used 4672K, committed 5184K, reserved 1048576K

Card table byte_map: [0x000002537fa10000,0x000002537fe20000] _byte_map_base: 0x000002537f610000

Marking Bits: (ParMarkBitMap*) 0x00007ffadfcaa340
 Begin Bits: [0x000002530f2b0000, 0x00000253112b0000)
 End Bits:   [0x00000253112b0000, 0x00000253132b0000)

Polling page: 0x000002537b120000

Metaspace:

Usage:
  Non-class:     36.24 MB used.
      Class:      4.56 MB used.
       Both:     40.80 MB used.

Virtual space:
  Non-class space:       64.00 MB reserved,      36.94 MB ( 58%) committed,  1 nodes.
      Class space:        1.00 GB reserved,       5.06 MB ( <1%) committed,  1 nodes.
             Both:        1.06 GB reserved,      42.00 MB (  4%) committed. 

Chunk freelists:
   Non-Class:  10.98 MB
       Class:  10.78 MB
        Both:  21.77 MB

MaxMetaspaceSize: unlimited
CompressedClassSpaceSize: 1.00 GB
Initial GC threshold: 21.00 MB
Current GC threshold: 58.38 MB
CDS: on
 - commit_granule_bytes: 65536.
 - commit_granule_words: 8192.
 - virtual_space_node_default_size: 8388608.
 - enlarge_chunks_in_place: 1.
 - use_allocation_guard: 0.


Internal statistics:

num_allocs_failed_limit: 6.
num_arena_births: 784.
num_arena_deaths: 18.
num_vsnodes_births: 2.
num_vsnodes_deaths: 0.
num_space_committed: 672.
num_space_uncommitted: 0.
num_chunks_returned_to_freelist: 24.
num_chunks_taken_from_freelist: 2651.
num_chunk_merges: 10.
num_chunk_splits: 1651.
num_chunks_enlarged: 938.
num_inconsistent_stats: 0.

CodeHeap 'non-profiled nmethods': size=120000Kb used=2195Kb max_used=2195Kb free=117804Kb
 bounds [0x0000025307ad0000, 0x0000025307d40000, 0x000002530f000000]
CodeHeap 'profiled nmethods': size=120000Kb used=9671Kb max_used=9671Kb free=110328Kb
 bounds [0x0000025300000000, 0x0000025300980000, 0x0000025307530000]
CodeHeap 'non-nmethods': size=5760Kb used=1376Kb max_used=1442Kb free=4383Kb
 bounds [0x0000025307530000, 0x00000253077a0000, 0x0000025307ad0000]
CodeCache: size=245760Kb, used=13242Kb, max_used=13308Kb, free=232515Kb
 total_blobs=5223, nmethods=4559, adapters=570, full_count=0
Compilation: enabled, stopped_count=0, restarted_count=0

Compilation events (20 events):
Event: 5.783 Thread 0x000002531386c7d0 5133       3       com.google.inject.internal.DeclaredMembers$$Lambda/0x000002531548da28::apply (5 bytes)
Event: 5.783 Thread 0x000002531386c7d0 nmethod 5133 0x0000025300073b90 code [0x0000025300073d40, 0x0000025300073f38]
Event: 5.783 Thread 0x000002531386c7d0 5134       3       com.google.inject.internal.DeclaredMembers::lambda$getDeclaredFields$0 (5 bytes)
Event: 5.783 Thread 0x000002531386c7d0 nmethod 5134 0x0000025300073590 code [0x0000025300073720, 0x00000253000738a0]
Event: 5.791 Thread 0x000002531386c7d0 5136       3       java.util.Comparator$$Lambda/0x0000025315022808::compare (14 bytes)
Event: 5.791 Thread 0x000002531386c7d0 nmethod 5136 0x000002530096ab90 code [0x000002530096ad60, 0x000002530096b150]
Event: 5.795 Thread 0x000002531386c7d0 5137       3       java.nio.HeapByteBuffer::getShort (29 bytes)
Event: 5.796 Thread 0x000002531386c7d0 nmethod 5137 0x000002530096b290 code [0x000002530096b500, 0x000002530096be90]
Event: 5.797 Thread 0x000002531386c7d0 5138       3       com.google.inject.internal.DeclaredMembers$$Lambda/0x0000025315466860::apply (8 bytes)
Event: 5.798 Thread 0x000002531386c7d0 nmethod 5138 0x000002530096c310 code [0x000002530096c4e0, 0x000002530096c7c8]
Event: 5.801 Thread 0x000002531386c7d0 5139       3       org.gradle.internal.classloader.FilteringClassLoader::classAllowed (80 bytes)
Event: 5.801 Thread 0x000002531386c7d0 nmethod 5139 0x000002530096c910 code [0x000002530096cb80, 0x000002530096d4d0]
Event: 5.803 Thread 0x000002531386c7d0 5140       3       com.google.common.base.Preconditions::checkNotNull (14 bytes)
Event: 5.803 Thread 0x000002531386c7d0 nmethod 5140 0x000002530096d890 code [0x000002530096da40, 0x000002530096dc08]
Event: 5.806 Thread 0x000002531386c7d0 5141       3       com.google.common.collect.ImmutableSet::copyOf (90 bytes)
Event: 5.807 Thread 0x000002531386c7d0 nmethod 5141 0x000002530096dd10 code [0x000002530096dfe0, 0x000002530096f108]
Event: 5.812 Thread 0x000002531386c7d0 5142   !   3       org.eclipse.sisu.space.URLClassSpace::loadClass (31 bytes)
Event: 5.812 Thread 0x000002531386c7d0 nmethod 5142 0x000002530096f510 code [0x000002530096f700, 0x000002530096faf0]
Event: 5.812 Thread 0x000002531386c7d0 5143       3       org.codehaus.plexus.classworlds.realm.ClassRealm::loadClass (7 bytes)
Event: 5.812 Thread 0x000002531386c7d0 nmethod 5143 0x000002530096fd10 code [0x000002530096fec0, 0x0000025300970088]

GC Heap History (20 events):
Event: 3.721 GC heap before
{Heap before GC invocations=9 (full 1):
 PSYoungGen      total 28672K, used 24557K [0x00000000d5580000, 0x00000000d7680000, 0x0000000100000000)
  eden space 24576K, 99% used [0x00000000d5580000,0x00000000d6d7b710,0x00000000d6d80000)
  from space 4096K, 0% used [0x00000000d6e00000,0x00000000d6e00000,0x00000000d7200000)
  to   space 4608K, 0% used [0x00000000d7200000,0x00000000d7200000,0x00000000d7680000)
 ParOldGen       total 68608K, used 12613K [0x0000000080000000, 0x0000000084300000, 0x00000000d5580000)
  object space 68608K, 18% used [0x0000000080000000,0x0000000080c51508,0x0000000084300000)
 Metaspace       used 23188K, committed 24064K, reserved 1114112K
  class space    used 2343K, committed 2752K, reserved 1048576K
}
Event: 3.722 GC heap after
{Heap after GC invocations=9 (full 1):
 PSYoungGen      total 25088K, used 673K [0x00000000d5580000, 0x00000000d7300000, 0x0000000100000000)
  eden space 24064K, 0% used [0x00000000d5580000,0x00000000d5580000,0x00000000d6d00000)
  from space 1024K, 65% used [0x00000000d7200000,0x00000000d72a8560,0x00000000d7300000)
  to   space 2048K, 0% used [0x00000000d6f00000,0x00000000d6f00000,0x00000000d7100000)
 ParOldGen       total 68608K, used 12621K [0x0000000080000000, 0x0000000084300000, 0x00000000d5580000)
  object space 68608K, 18% used [0x0000000080000000,0x0000000080c53508,0x0000000084300000)
 Metaspace       used 23188K, committed 24064K, reserved 1114112K
  class space    used 2343K, committed 2752K, reserved 1048576K
}
Event: 3.864 GC heap before
{Heap before GC invocations=10 (full 1):
 PSYoungGen      total 25088K, used 24737K [0x00000000d5580000, 0x00000000d7300000, 0x0000000100000000)
  eden space 24064K, 100% used [0x00000000d5580000,0x00000000d6d00000,0x00000000d6d00000)
  from space 1024K, 65% used [0x00000000d7200000,0x00000000d72a8560,0x00000000d7300000)
  to   space 2048K, 0% used [0x00000000d6f00000,0x00000000d6f00000,0x00000000d7100000)
 ParOldGen       total 68608K, used 12621K [0x0000000080000000, 0x0000000084300000, 0x00000000d5580000)
  object space 68608K, 18% used [0x0000000080000000,0x0000000080c53508,0x0000000084300000)
 Metaspace       used 26378K, committed 27200K, reserved 1114112K
  class space    used 2588K, committed 2944K, reserved 1048576K
}
Event: 3.866 GC heap after
{Heap after GC invocations=10 (full 1):
 PSYoungGen      total 25600K, used 1682K [0x00000000d5580000, 0x00000000d7280000, 0x0000000100000000)
  eden space 23552K, 0% used [0x00000000d5580000,0x00000000d5580000,0x00000000d6c80000)
  from space 2048K, 82% used [0x00000000d6f00000,0x00000000d70a4900,0x00000000d7100000)
  to   space 1536K, 0% used [0x00000000d7100000,0x00000000d7100000,0x00000000d7280000)
 ParOldGen       total 68608K, used 13402K [0x0000000080000000, 0x0000000084300000, 0x00000000d5580000)
  object space 68608K, 19% used [0x0000000080000000,0x0000000080d16a18,0x0000000084300000)
 Metaspace       used 26378K, committed 27200K, reserved 1114112K
  class space    used 2588K, committed 2944K, reserved 1048576K
}
Event: 4.115 GC heap before
{Heap before GC invocations=11 (full 1):
 PSYoungGen      total 25600K, used 25234K [0x00000000d5580000, 0x00000000d7280000, 0x0000000100000000)
  eden space 23552K, 100% used [0x00000000d5580000,0x00000000d6c80000,0x00000000d6c80000)
  from space 2048K, 82% used [0x00000000d6f00000,0x00000000d70a4900,0x00000000d7100000)
  to   space 1536K, 0% used [0x00000000d7100000,0x00000000d7100000,0x00000000d7280000)
 ParOldGen       total 68608K, used 13402K [0x0000000080000000, 0x0000000084300000, 0x00000000d5580000)
  object space 68608K, 19% used [0x0000000080000000,0x0000000080d16a18,0x0000000084300000)
 Metaspace       used 28602K, committed 29440K, reserved 1114112K
  class space    used 2787K, committed 3136K, reserved 1048576K
}
Event: 4.118 GC heap after
{Heap after GC invocations=11 (full 1):
 PSYoungGen      total 24576K, used 1531K [0x00000000d5580000, 0x00000000d7280000, 0x0000000100000000)
  eden space 23040K, 0% used [0x00000000d5580000,0x00000000d5580000,0x00000000d6c00000)
  from space 1536K, 99% used [0x00000000d7100000,0x00000000d727ef28,0x00000000d7280000)
  to   space 3072K, 0% used [0x00000000d6c80000,0x00000000d6c80000,0x00000000d6f80000)
 ParOldGen       total 68608K, used 14506K [0x0000000080000000, 0x0000000084300000, 0x00000000d5580000)
  object space 68608K, 21% used [0x0000000080000000,0x0000000080e2a950,0x0000000084300000)
 Metaspace       used 28602K, committed 29440K, reserved 1114112K
  class space    used 2787K, committed 3136K, reserved 1048576K
}
Event: 4.385 GC heap before
{Heap before GC invocations=12 (full 1):
 PSYoungGen      total 24576K, used 24557K [0x00000000d5580000, 0x00000000d7280000, 0x0000000100000000)
  eden space 23040K, 99% used [0x00000000d5580000,0x00000000d6bfc528,0x00000000d6c00000)
  from space 1536K, 99% used [0x00000000d7100000,0x00000000d727ef28,0x00000000d7280000)
  to   space 3072K, 0% used [0x00000000d6c80000,0x00000000d6c80000,0x00000000d6f80000)
 ParOldGen       total 68608K, used 14506K [0x0000000080000000, 0x0000000084300000, 0x00000000d5580000)
  object space 68608K, 21% used [0x0000000080000000,0x0000000080e2a950,0x0000000084300000)
 Metaspace       used 31659K, committed 32640K, reserved 1114112K
  class space    used 3169K, committed 3584K, reserved 1048576K
}
Event: 4.389 GC heap after
{Heap after GC invocations=12 (full 1):
 PSYoungGen      total 25600K, used 1562K [0x00000000d5580000, 0x00000000d7180000, 0x0000000100000000)
  eden space 22528K, 0% used [0x00000000d5580000,0x00000000d5580000,0x00000000d6b80000)
  from space 3072K, 50% used [0x00000000d6c80000,0x00000000d6e069f8,0x00000000d6f80000)
  to   space 2048K, 0% used [0x00000000d6f80000,0x00000000d6f80000,0x00000000d7180000)
 ParOldGen       total 68608K, used 16047K [0x0000000080000000, 0x0000000084300000, 0x00000000d5580000)
  object space 68608K, 23% used [0x0000000080000000,0x0000000080fabd60,0x0000000084300000)
 Metaspace       used 31659K, committed 32640K, reserved 1114112K
  class space    used 3169K, committed 3584K, reserved 1048576K
}
Event: 4.645 GC heap before
{Heap before GC invocations=13 (full 1):
 PSYoungGen      total 25600K, used 24090K [0x00000000d5580000, 0x00000000d7180000, 0x0000000100000000)
  eden space 22528K, 100% used [0x00000000d5580000,0x00000000d6b80000,0x00000000d6b80000)
  from space 3072K, 50% used [0x00000000d6c80000,0x00000000d6e069f8,0x00000000d6f80000)
  to   space 2048K, 0% used [0x00000000d6f80000,0x00000000d6f80000,0x00000000d7180000)
 ParOldGen       total 68608K, used 16047K [0x0000000080000000, 0x0000000084300000, 0x00000000d5580000)
  object space 68608K, 23% used [0x0000000080000000,0x0000000080fabd60,0x0000000084300000)
 Metaspace       used 34475K, committed 35584K, reserved 1114112K
  class space    used 3578K, committed 4096K, reserved 1048576K
}
Event: 4.649 GC heap after
{Heap after GC invocations=13 (full 1):
 PSYoungGen      total 24064K, used 1888K [0x00000000d5580000, 0x00000000d7180000, 0x0000000100000000)
  eden space 22016K, 0% used [0x00000000d5580000,0x00000000d5580000,0x00000000d6b00000)
  from space 2048K, 92% used [0x00000000d6f80000,0x00000000d7158000,0x00000000d7180000)
  to   space 2048K, 0% used [0x00000000d6d80000,0x00000000d6d80000,0x00000000d6f80000)
 ParOldGen       total 68608K, used 17114K [0x0000000080000000, 0x0000000084300000, 0x00000000d5580000)
  object space 68608K, 24% used [0x0000000080000000,0x00000000810b6828,0x0000000084300000)
 Metaspace       used 34475K, committed 35584K, reserved 1114112K
  class space    used 3578K, committed 4096K, reserved 1048576K
}
Event: 4.671 GC heap before
{Heap before GC invocations=14 (full 1):
 PSYoungGen      total 24064K, used 4574K [0x00000000d5580000, 0x00000000d7180000, 0x0000000100000000)
  eden space 22016K, 12% used [0x00000000d5580000,0x00000000d581fa80,0x00000000d6b00000)
  from space 2048K, 92% used [0x00000000d6f80000,0x00000000d7158000,0x00000000d7180000)
  to   space 2048K, 0% used [0x00000000d6d80000,0x00000000d6d80000,0x00000000d6f80000)
 ParOldGen       total 68608K, used 17114K [0x0000000080000000, 0x0000000084300000, 0x00000000d5580000)
  object space 68608K, 24% used [0x0000000080000000,0x00000000810b6828,0x0000000084300000)
 Metaspace       used 34728K, committed 35840K, reserved 1114112K
  class space    used 3621K, committed 4160K, reserved 1048576K
}
Event: 4.674 GC heap after
{Heap after GC invocations=14 (full 1):
 PSYoungGen      total 22528K, used 219K [0x00000000d5580000, 0x00000000d7000000, 0x0000000100000000)
  eden space 22016K, 0% used [0x00000000d5580000,0x00000000d5580000,0x00000000d6b00000)
  from space 512K, 42% used [0x00000000d6d80000,0x00000000d6db6d18,0x00000000d6e00000)
  to   space 1024K, 0% used [0x00000000d6f00000,0x00000000d6f00000,0x00000000d7000000)
 ParOldGen       total 68608K, used 18874K [0x0000000080000000, 0x0000000084300000, 0x00000000d5580000)
  object space 68608K, 27% used [0x0000000080000000,0x000000008126e838,0x0000000084300000)
 Metaspace       used 34728K, committed 35840K, reserved 1114112K
  class space    used 3621K, committed 4160K, reserved 1048576K
}
Event: 4.674 GC heap before
{Heap before GC invocations=15 (full 2):
 PSYoungGen      total 22528K, used 219K [0x00000000d5580000, 0x00000000d7000000, 0x0000000100000000)
  eden space 22016K, 0% used [0x00000000d5580000,0x00000000d5580000,0x00000000d6b00000)
  from space 512K, 42% used [0x00000000d6d80000,0x00000000d6db6d18,0x00000000d6e00000)
  to   space 1024K, 0% used [0x00000000d6f00000,0x00000000d6f00000,0x00000000d7000000)
 ParOldGen       total 68608K, used 18874K [0x0000000080000000, 0x0000000084300000, 0x00000000d5580000)
  object space 68608K, 27% used [0x0000000080000000,0x000000008126e838,0x0000000084300000)
 Metaspace       used 34728K, committed 35840K, reserved 1114112K
  class space    used 3621K, committed 4160K, reserved 1048576K
}
Event: 4.726 GC heap after
{Heap after GC invocations=15 (full 2):
 PSYoungGen      total 22528K, used 0K [0x00000000d5580000, 0x00000000d7000000, 0x0000000100000000)
  eden space 22016K, 0% used [0x00000000d5580000,0x00000000d5580000,0x00000000d6b00000)
  from space 512K, 0% used [0x00000000d6d80000,0x00000000d6d80000,0x00000000d6e00000)
  to   space 1024K, 0% used [0x00000000d6f00000,0x00000000d6f00000,0x00000000d7000000)
 ParOldGen       total 68608K, used 18432K [0x0000000080000000, 0x0000000084300000, 0x00000000d5580000)
  object space 68608K, 26% used [0x0000000080000000,0x0000000081200350,0x0000000084300000)
 Metaspace       used 34724K, committed 35840K, reserved 1114112K
  class space    used 3620K, committed 4160K, reserved 1048576K
}
Event: 4.958 GC heap before
{Heap before GC invocations=16 (full 2):
 PSYoungGen      total 22528K, used 22016K [0x00000000d5580000, 0x00000000d7000000, 0x0000000100000000)
  eden space 22016K, 100% used [0x00000000d5580000,0x00000000d6b00000,0x00000000d6b00000)
  from space 512K, 0% used [0x00000000d6d80000,0x00000000d6d80000,0x00000000d6e00000)
  to   space 1024K, 0% used [0x00000000d6f00000,0x00000000d6f00000,0x00000000d7000000)
 ParOldGen       total 68608K, used 18435K [0x0000000080000000, 0x0000000084300000, 0x00000000d5580000)
  object space 68608K, 26% used [0x0000000080000000,0x0000000081200e88,0x0000000084300000)
 Metaspace       used 37390K, committed 38528K, reserved 1114112K
  class space    used 4013K, committed 4544K, reserved 1048576K
}
Event: 4.961 GC heap after
{Heap after GC invocations=16 (full 2):
 PSYoungGen      total 23040K, used 736K [0x00000000d5580000, 0x00000000d7000000, 0x0000000100000000)
  eden space 22016K, 0% used [0x00000000d5580000,0x00000000d5580000,0x00000000d6b00000)
  from space 1024K, 71% used [0x00000000d6f00000,0x00000000d6fb8000,0x00000000d7000000)
  to   space 1024K, 0% used [0x00000000d6e00000,0x00000000d6e00000,0x00000000d6f00000)
 ParOldGen       total 68608K, used 18443K [0x0000000080000000, 0x0000000084300000, 0x00000000d5580000)
  object space 68608K, 26% used [0x0000000080000000,0x0000000081202e88,0x0000000084300000)
 Metaspace       used 37390K, committed 38528K, reserved 1114112K
  class space    used 4013K, committed 4544K, reserved 1048576K
}
Event: 5.335 GC heap before
{Heap before GC invocations=17 (full 2):
 PSYoungGen      total 23040K, used 22752K [0x00000000d5580000, 0x00000000d7000000, 0x0000000100000000)
  eden space 22016K, 100% used [0x00000000d5580000,0x00000000d6b00000,0x00000000d6b00000)
  from space 1024K, 71% used [0x00000000d6f00000,0x00000000d6fb8000,0x00000000d7000000)
  to   space 1024K, 0% used [0x00000000d6e00000,0x00000000d6e00000,0x00000000d6f00000)
 ParOldGen       total 68608K, used 18542K [0x0000000080000000, 0x0000000084300000, 0x00000000d5580000)
  object space 68608K, 27% used [0x0000000080000000,0x000000008121bb80,0x0000000084300000)
 Metaspace       used 38622K, committed 39808K, reserved 1114112K
  class space    used 4191K, committed 4736K, reserved 1048576K
}
Event: 5.340 GC heap after
{Heap after GC invocations=17 (full 2):
 PSYoungGen      total 23040K, used 1020K [0x00000000d5580000, 0x00000000d7700000, 0x0000000100000000)
  eden space 22016K, 0% used [0x00000000d5580000,0x00000000d5580000,0x00000000d6b00000)
  from space 1024K, 99% used [0x00000000d6e00000,0x00000000d6eff0d0,0x00000000d6f00000)
  to   space 6144K, 0% used [0x00000000d7100000,0x00000000d7100000,0x00000000d7700000)
 ParOldGen       total 68608K, used 22587K [0x0000000080000000, 0x0000000084300000, 0x00000000d5580000)
  object space 68608K, 32% used [0x0000000080000000,0x000000008160eef8,0x0000000084300000)
 Metaspace       used 38622K, committed 39808K, reserved 1114112K
  class space    used 4191K, committed 4736K, reserved 1048576K
}
Event: 5.645 GC heap before
{Heap before GC invocations=18 (full 2):
 PSYoungGen      total 23040K, used 23036K [0x00000000d5580000, 0x00000000d7700000, 0x0000000100000000)
  eden space 22016K, 100% used [0x00000000d5580000,0x00000000d6b00000,0x00000000d6b00000)
  from space 1024K, 99% used [0x00000000d6e00000,0x00000000d6eff0d0,0x00000000d6f00000)
  to   space 6144K, 0% used [0x00000000d7100000,0x00000000d7100000,0x00000000d7700000)
 ParOldGen       total 68608K, used 22587K [0x0000000080000000, 0x0000000084300000, 0x00000000d5580000)
  object space 68608K, 32% used [0x0000000080000000,0x000000008160eef8,0x0000000084300000)
 Metaspace       used 40125K, committed 41280K, reserved 1114112K
  class space    used 4406K, committed 4928K, reserved 1048576K
}
Event: 5.647 GC heap after
{Heap after GC invocations=18 (full 2):
 PSYoungGen      total 27648K, used 5202K [0x00000000d5580000, 0x00000000d7680000, 0x0000000100000000)
  eden space 22016K, 0% used [0x00000000d5580000,0x00000000d5580000,0x00000000d6b00000)
  from space 5632K, 92% used [0x00000000d7100000,0x00000000d76149c8,0x00000000d7680000)
  to   space 5632K, 0% used [0x00000000d6b80000,0x00000000d6b80000,0x00000000d7100000)
 ParOldGen       total 68608K, used 23607K [0x0000000080000000, 0x0000000084300000, 0x00000000d5580000)
  object space 68608K, 34% used [0x0000000080000000,0x000000008170def0,0x0000000084300000)
 Metaspace       used 40125K, committed 41280K, reserved 1114112K
  class space    used 4406K, committed 4928K, reserved 1048576K
}

Dll operation events (11 events):
Event: 0.007 Loaded shared library c:\Users\admin\.vscode\extensions\redhat.java-1.45.0-win32-x64\jre\21.0.8-win32-x86_64\bin\java.dll
Event: 0.079 Loaded shared library c:\Users\admin\.vscode\extensions\redhat.java-1.45.0-win32-x64\jre\21.0.8-win32-x86_64\bin\zip.dll
Event: 0.101 Loaded shared library C:\Users\admin\.vscode\extensions\redhat.java-1.45.0-win32-x64\jre\21.0.8-win32-x86_64\bin\instrument.dll
Event: 0.106 Loaded shared library C:\Users\admin\.vscode\extensions\redhat.java-1.45.0-win32-x64\jre\21.0.8-win32-x86_64\bin\net.dll
Event: 0.108 Loaded shared library C:\Users\admin\.vscode\extensions\redhat.java-1.45.0-win32-x64\jre\21.0.8-win32-x86_64\bin\nio.dll
Event: 0.111 Loaded shared library C:\Users\admin\.vscode\extensions\redhat.java-1.45.0-win32-x64\jre\21.0.8-win32-x86_64\bin\zip.dll
Event: 0.126 Loaded shared library C:\Users\admin\.vscode\extensions\redhat.java-1.45.0-win32-x64\jre\21.0.8-win32-x86_64\bin\jimage.dll
Event: 0.205 Loaded shared library c:\Users\admin\.vscode\extensions\redhat.java-1.45.0-win32-x64\jre\21.0.8-win32-x86_64\bin\verify.dll
Event: 1.808 Loaded shared library C:\Users\admin\AppData\Roaming\Code\User\globalStorage\redhat.java\1.45.0\config_win\org.eclipse.equinox.launcher\org.eclipse.equinox.launcher.win32.win32.x86_64_1.2.1400.v20250801-0854\eclipse_11916.dll
Event: 3.049 Loaded shared library C:\Users\admin\AppData\Local\Temp\jna-92668751\jna3266489586078236805.dll
Event: 5.715 Loaded shared library C:\Users\admin\.gradle\native\1def1411415f61bf3af743bc5b6707747c0891f09f0c88961ee8f79bc544acac\windows-amd64\native-platform.dll

Deoptimization events (20 events):
Event: 5.367 Thread 0x000002535c801ac0 DEOPT PACKING pc=0x0000025307bba968 sp=0x000000b9d0cfd5a0
Event: 5.367 Thread 0x000002535c801ac0 DEOPT UNPACKING pc=0x0000025307586da2 sp=0x000000b9d0cfd460 mode 2
Event: 5.367 Thread 0x000002535c801ac0 Uncommon trap: trap_request=0xffffff45 fr.pc=0x0000025307c70abc relative=0x000000000000017c
Event: 5.367 Thread 0x000002535c801ac0 Uncommon trap: reason=unstable_if action=reinterpret pc=0x0000025307c70abc method=java.lang.String.hashCode()I @ 20 c2
Event: 5.367 Thread 0x000002535c801ac0 DEOPT PACKING pc=0x0000025307c70abc sp=0x000000b9d0cfd460
Event: 5.367 Thread 0x000002535c801ac0 DEOPT UNPACKING pc=0x0000025307586da2 sp=0x000000b9d0cfd388 mode 2
Event: 5.370 Thread 0x000002535c801ac0 Uncommon trap: trap_request=0xffffff45 fr.pc=0x0000025307bb85bc relative=0x000000000000017c
Event: 5.370 Thread 0x000002535c801ac0 Uncommon trap: reason=unstable_if action=reinterpret pc=0x0000025307bb85bc method=java.util.zip.ZipFile$Source.isMetaName([BII)Z @ 57 c2
Event: 5.370 Thread 0x000002535c801ac0 DEOPT PACKING pc=0x0000025307bb85bc sp=0x000000b9d0cfd5c0
Event: 5.370 Thread 0x000002535c801ac0 DEOPT UNPACKING pc=0x0000025307586da2 sp=0x000000b9d0cfd550 mode 2
Event: 5.413 Thread 0x000002535c801ac0 DEOPT PACKING pc=0x000002530033c1c6 sp=0x000000b9d0cfd490
Event: 5.413 Thread 0x000002535c801ac0 DEOPT UNPACKING pc=0x00000253075878e2 sp=0x000000b9d0cfca10 mode 0
Event: 5.429 Thread 0x000002535ad11300 DEOPT PACKING pc=0x000002530020b31b sp=0x000000b9cfefe170
Event: 5.429 Thread 0x000002535ad11300 DEOPT UNPACKING pc=0x00000253075878e2 sp=0x000000b9cfefd678 mode 0
Event: 5.478 Thread 0x000002535ad11300 DEOPT PACKING pc=0x00000253003e0ad3 sp=0x000000b9cfefdf10
Event: 5.481 Thread 0x000002535ad11300 DEOPT UNPACKING pc=0x00000253075878e2 sp=0x000000b9cfefd380 mode 0
Event: 5.637 Thread 0x000002535ad11300 DEOPT PACKING pc=0x000002530005683b sp=0x000000b9cfefdf60
Event: 5.637 Thread 0x000002535ad11300 DEOPT UNPACKING pc=0x00000253075878e2 sp=0x000000b9cfefd3d0 mode 0
Event: 5.649 Thread 0x000002535ad11300 DEOPT PACKING pc=0x000002530005683b sp=0x000000b9cfefdf60
Event: 5.649 Thread 0x000002535ad11300 DEOPT UNPACKING pc=0x00000253075878e2 sp=0x000000b9cfefd3d0 mode 0

Classes loaded (20 events):
Event: 4.951 Loading class sun/misc/Unsafe
Event: 4.952 Loading class sun/misc/Unsafe done
Event: 4.954 Loading class java/lang/annotation/ElementType
Event: 4.955 Loading class java/lang/annotation/ElementType done
Event: 4.962 Loading class sun/reflect/generics/repository/FieldRepository
Event: 4.962 Loading class sun/reflect/generics/repository/FieldRepository done
Event: 5.003 Loading class java/util/concurrent/ConcurrentHashMap$ValueSpliterator
Event: 5.004 Loading class java/util/concurrent/ConcurrentHashMap$ValueSpliterator done
Event: 5.010 Loading class jdk/internal/loader/BootLoader$PackageHelper
Event: 5.010 Loading class jdk/internal/loader/BootLoader$PackageHelper done
Event: 5.160 Loading class java/lang/annotation/IncompleteAnnotationException
Event: 5.161 Loading class java/lang/annotation/IncompleteAnnotationException done
Event: 5.277 Loading class java/lang/foreign/MemorySegment
Event: 5.278 Loading class java/lang/foreign/MemorySegment done
Event: 5.756 Loading class sun/reflect/annotation/AnnotatedTypeFactory$AnnotatedParameterizedTypeImpl
Event: 5.757 Loading class java/lang/reflect/AnnotatedParameterizedType
Event: 5.757 Loading class java/lang/reflect/AnnotatedParameterizedType done
Event: 5.757 Loading class sun/reflect/annotation/AnnotatedTypeFactory$AnnotatedParameterizedTypeImpl done
Event: 5.795 Loading class java/lang/Class$EnclosingMethodInfo
Event: 5.795 Loading class java/lang/Class$EnclosingMethodInfo done

Classes unloaded (9 events):
Event: 3.525 Thread 0x000002537adfa270 Unloading class 0x00000253151a4800 'java/lang/invoke/LambdaForm$MH+0x00000253151a4800'
Event: 3.525 Thread 0x000002537adfa270 Unloading class 0x00000253151a4400 'java/lang/invoke/LambdaForm$MH+0x00000253151a4400'
Event: 3.525 Thread 0x000002537adfa270 Unloading class 0x00000253151a4000 'java/lang/invoke/LambdaForm$MH+0x00000253151a4000'
Event: 3.525 Thread 0x000002537adfa270 Unloading class 0x00000253151a3c00 'java/lang/invoke/LambdaForm$MH+0x00000253151a3c00'
Event: 3.525 Thread 0x000002537adfa270 Unloading class 0x00000253151a3800 'java/lang/invoke/LambdaForm$BMH+0x00000253151a3800'
Event: 3.525 Thread 0x000002537adfa270 Unloading class 0x00000253151a3400 'java/lang/invoke/LambdaForm$DMH+0x00000253151a3400'
Event: 3.525 Thread 0x000002537adfa270 Unloading class 0x00000253151a2000 'java/lang/invoke/LambdaForm$DMH+0x00000253151a2000'
Event: 4.684 Thread 0x000002537adfa270 Unloading class 0x00000253153bd800 'java/lang/invoke/LambdaForm$MH+0x00000253153bd800'
Event: 4.684 Thread 0x000002537adfa270 Unloading class 0x00000253153b9c00 'java/lang/invoke/LambdaForm$MH+0x00000253153b9c00'

Classes redefined (0 events):
No events

Internal exceptions (20 events):
Event: 4.530 Thread 0x000002535ad11300 Exception <a 'java/lang/NoSuchMethodError'{0x00000000d61cb9f0}: 'java.lang.Object java.lang.invoke.Invokers$Holder.invoke_MT(java.lang.Object, java.lang.Object, java.lang.Object, java.lang.Object, java.lang.Object, java.lang.Object, java.lang.Object, java.lang.Object, java.lang.Object)'> (0x00000000d61cb9f0) 
thrown [s\src\hotspot\share\interpreter\linkResolver.cpp, line 773]
Event: 4.536 Thread 0x000002535ad11300 Exception <a 'java/lang/NoSuchMethodError'{0x00000000d625d530}: 'int java.lang.invoke.DirectMethodHandle$Holder.invokeVirtual(java.lang.Object, java.lang.Object, java.lang.Object)'> (0x00000000d625d530) 
thrown [s\src\hotspot\share\interpreter\linkResolver.cpp, line 773]
Event: 4.536 Thread 0x000002535ad11300 Exception <a 'java/lang/NoSuchMethodError'{0x00000000d62614a8}: 'int java.lang.invoke.DirectMethodHandle$Holder.invokeStaticInit(java.lang.Object, int, int)'> (0x00000000d62614a8) 
thrown [s\src\hotspot\share\interpreter\linkResolver.cpp, line 773]
Event: 4.537 Thread 0x000002535ad11300 Exception <a 'java/lang/NoSuchMethodError'{0x00000000d6283600}: 'int java.lang.invoke.DirectMethodHandle$Holder.invokeStaticInit(java.lang.Object, long, long)'> (0x00000000d6283600) 
thrown [s\src\hotspot\share\interpreter\linkResolver.cpp, line 773]
Event: 4.538 Thread 0x000002535ad11300 Exception <a 'java/lang/NoSuchMethodError'{0x00000000d6291290}: 'int java.lang.invoke.DirectMethodHandle$Holder.invokeStaticInit(java.lang.Object, float, float)'> (0x00000000d6291290) 
thrown [s\src\hotspot\share\interpreter\linkResolver.cpp, line 773]
Event: 4.539 Thread 0x000002535ad11300 Exception <a 'java/lang/NoSuchMethodError'{0x00000000d6297c20}: 'int java.lang.invoke.DirectMethodHandle$Holder.invokeStaticInit(java.lang.Object, double, double)'> (0x00000000d6297c20) 
thrown [s\src\hotspot\share\interpreter\linkResolver.cpp, line 773]
Event: 4.541 Thread 0x000002535ad11300 Exception <a 'java/lang/NoSuchMethodError'{0x00000000d629c2a0}: 'int java.lang.invoke.DirectMethodHandle$Holder.invokeStatic(java.lang.Object, long)'> (0x00000000d629c2a0) 
thrown [s\src\hotspot\share\interpreter\linkResolver.cpp, line 773]
Event: 4.545 Thread 0x000002535ad11300 Exception <a 'java/lang/NoSuchMethodError'{0x00000000d62c07d0}: 'int java.lang.invoke.Invokers$Holder.linkToTargetMethod(java.lang.Object, java.lang.Object)'> (0x00000000d62c07d0) 
thrown [s\src\hotspot\share\interpreter\linkResolver.cpp, line 773]
Event: 4.547 Thread 0x000002535ad12020 Exception <a 'java/lang/NoSuchMethodError'{0x00000000d62ccf60}: 'int java.lang.invoke.DirectMethodHandle$Holder.invokeSpecial(java.lang.Object, java.lang.Object, java.lang.Object, java.lang.Object)'> (0x00000000d62ccf60) 
thrown [s\src\hotspot\share\interpreter\linkResolver.cpp, line 773]
Event: 4.549 Thread 0x000002535ad12020 Exception <a 'java/lang/NoSuchMethodError'{0x00000000d62f7f80}: 'java.lang.Object java.lang.invoke.DirectMethodHandle$Holder.invokeStatic(java.lang.Object, int, java.lang.Object, java.lang.Object)'> (0x00000000d62f7f80) 
thrown [s\src\hotspot\share\interpreter\linkResolver.cpp, line 773]
Event: 4.549 Thread 0x000002535ad12020 Exception <a 'java/lang/NoSuchMethodError'{0x00000000d62fb780}: 'java.lang.Object java.lang.invoke.DelegatingMethodHandle$Holder.delegate(java.lang.Object, int, java.lang.Object, java.lang.Object)'> (0x00000000d62fb780) 
thrown [s\src\hotspot\share\interpreter\linkResolver.cpp, line 773]
Event: 4.552 Thread 0x000002535ad12020 Exception <a 'java/lang/NoSuchMethodError'{0x00000000d63245f8}: 'int java.lang.invoke.Invokers$Holder.linkToTargetMethod(java.lang.Object, java.lang.Object, java.lang.Object)'> (0x00000000d63245f8) 
thrown [s\src\hotspot\share\interpreter\linkResolver.cpp, line 773]
Event: 4.607 Thread 0x000002535ad11300 Exception <a 'java/lang/NoSuchMethodError'{0x00000000d67e3870}: 'java.lang.Object java.lang.invoke.DirectMethodHandle$Holder.invokeSpecialIFC(java.lang.Object, java.lang.Object, java.lang.Object, java.lang.Object)'> (0x00000000d67e3870) 
thrown [s\src\hotspot\share\interpreter\linkResolver.cpp, line 773]
Event: 4.632 Thread 0x000002535ad11990 Exception <a 'java/lang/NoSuchMethodError'{0x00000000d6a4fb90}: 'java.lang.Object java.lang.invoke.DirectMethodHandle$Holder.invokeVirtual(java.lang.Object, java.lang.Object, java.lang.Object, java.lang.Object)'> (0x00000000d6a4fb90) 
thrown [s\src\hotspot\share\interpreter\linkResolver.cpp, line 773]
Event: 4.635 Thread 0x000002535ad11990 Exception <a 'java/lang/NoSuchMethodError'{0x00000000d6a89d98}: 'java.lang.Object java.lang.invoke.DirectMethodHandle$Holder.invokeVirtual(java.lang.Object, java.lang.Object, java.lang.Object, java.lang.Object, java.lang.Object)'> (0x00000000d6a89d98) 
thrown [s\src\hotspot\share\interpreter\linkResolver.cpp, line 773]
Event: 4.761 Thread 0x000002537aa69be0 Exception <a 'java/lang/NoSuchMethodError'{0x00000000d59979b0}: 'void java.lang.invoke.DirectMethodHandle$Holder.invokeSpecial(java.lang.Object, java.lang.Object, java.lang.Object, java.lang.Object, java.lang.Object, java.lang.Object)'> (0x00000000d59979b0) 
thrown [s\src\hotspot\share\interpreter\linkResolver.cpp, line 773]
Event: 4.764 Thread 0x000002537aa69be0 Exception <a 'java/lang/IncompatibleClassChangeError'{0x00000000d599fc90}: Found class java.lang.Object, but interface was expected> (0x00000000d599fc90) 
thrown [s\src\hotspot\share\interpreter\linkResolver.cpp, line 840]
Event: 4.764 Thread 0x000002537aa69be0 Exception <a 'java/lang/IncompatibleClassChangeError'{0x00000000d59a1b90}: Found class java.lang.Object, but interface was expected> (0x00000000d59a1b90) 
thrown [s\src\hotspot\share\interpreter\linkResolver.cpp, line 840]
Event: 4.920 Thread 0x000002535c801ac0 Implicit null exception at 0x0000025307b4d49b to 0x0000025307b4d6ec
Event: 5.161 Thread 0x000002535ad11300 Exception <a 'java/lang/NoClassDefFoundError'{0x00000000d5da4a38}: javax/enterprise/inject/Typed> (0x00000000d5da4a38) 
thrown [s\src\hotspot\share\classfile\systemDictionary.cpp, line 301]

ZGC Phase Switch (0 events):
No events

VM Operations (20 events):
Event: 4.384 Executing VM operation: ParallelGCFailedAllocation (Allocation Failure)
Event: 4.389 Executing VM operation: ParallelGCFailedAllocation (Allocation Failure) done
Event: 4.570 Executing VM operation: HandshakeAllThreads (Deoptimize)
Event: 4.570 Executing VM operation: HandshakeAllThreads (Deoptimize) done
Event: 4.645 Executing VM operation: ParallelGCFailedAllocation (Allocation Failure)
Event: 4.649 Executing VM operation: ParallelGCFailedAllocation (Allocation Failure) done
Event: 4.670 Executing VM operation: CollectForMetadataAllocation (Metadata GC Threshold)
Event: 4.726 Executing VM operation: CollectForMetadataAllocation (Metadata GC Threshold) done
Event: 4.958 Executing VM operation: ParallelGCFailedAllocation (Allocation Failure)
Event: 4.958 Executing VM operation: ParallelGCFailedAllocation (Allocation Failure) done
Event: 4.958 Executing VM operation: ParallelGCSystemGC (GCLocker Initiated GC)
Event: 4.961 Executing VM operation: ParallelGCSystemGC (GCLocker Initiated GC) done
Event: 4.977 Executing VM operation: HandshakeAllThreads (Deoptimize)
Event: 4.979 Executing VM operation: HandshakeAllThreads (Deoptimize) done
Event: 5.141 Executing VM operation: HandshakeAllThreads (Deoptimize)
Event: 5.142 Executing VM operation: HandshakeAllThreads (Deoptimize) done
Event: 5.335 Executing VM operation: ParallelGCFailedAllocation (Allocation Failure)
Event: 5.340 Executing VM operation: ParallelGCFailedAllocation (Allocation Failure) done
Event: 5.645 Executing VM operation: ParallelGCFailedAllocation (Allocation Failure)
Event: 5.647 Executing VM operation: ParallelGCFailedAllocation (Allocation Failure) done

Memory protections (0 events):
No events

Nmethod flushes (20 events):
Event: 4.695 Thread 0x000002537adfa270 flushing  nmethod 0x00000253005c5190
Event: 4.695 Thread 0x000002537adfa270 flushing  nmethod 0x0000025300632990
Event: 4.695 Thread 0x000002537adfa270 flushing  nmethod 0x000002530065b610
Event: 4.695 Thread 0x000002537adfa270 flushing  nmethod 0x0000025300684c90
Event: 4.695 Thread 0x000002537adfa270 flushing  nmethod 0x0000025300687810
Event: 4.695 Thread 0x000002537adfa270 flushing  nmethod 0x0000025300688110
Event: 4.695 Thread 0x000002537adfa270 flushing  nmethod 0x0000025300689310
Event: 4.695 Thread 0x000002537adfa270 flushing  nmethod 0x0000025300689f10
Event: 4.695 Thread 0x000002537adfa270 flushing  nmethod 0x000002530068a690
Event: 4.695 Thread 0x000002537adfa270 flushing  nmethod 0x000002530068bc10
Event: 4.695 Thread 0x000002537adfa270 flushing  nmethod 0x000002530068c790
Event: 4.695 Thread 0x000002537adfa270 flushing  nmethod 0x000002530068cc90
Event: 4.695 Thread 0x000002537adfa270 flushing  nmethod 0x000002530068dd90
Event: 4.695 Thread 0x000002537adfa270 flushing  nmethod 0x000002530068ea10
Event: 4.695 Thread 0x000002537adfa270 flushing  nmethod 0x000002530068f210
Event: 4.695 Thread 0x000002537adfa270 flushing  nmethod 0x0000025300690090
Event: 4.695 Thread 0x000002537adfa270 flushing  nmethod 0x00000253006c6190
Event: 4.695 Thread 0x000002537adfa270 flushing  nmethod 0x00000253006d2490
Event: 4.695 Thread 0x000002537adfa270 flushing  nmethod 0x00000253006e4d10
Event: 4.695 Thread 0x000002537adfa270 flushing  nmethod 0x000002530076b310

Events (20 events):
Event: 3.089 Thread 0x000002535a6039c0 Thread added: 0x000002535ad12020
Event: 3.109 Thread 0x000002535a6039c0 Thread added: 0x000002535ad0eba0
Event: 3.775 Thread 0x000002535a254650 Thread exited: 0x000002535a254650
Event: 3.889 Thread 0x000002531386c7d0 Thread added: 0x000002535aa8e870
Event: 3.979 Thread 0x000002535a6039c0 Thread added: 0x000002535ad0f230
Event: 4.258 Thread 0x000002535ad12020 Thread added: 0x000002535ad11300
Event: 4.350 Thread 0x000002535ad11300 Thread added: 0x000002535ad11990
Event: 4.375 Thread 0x000002537aa69be0 Thread added: 0x000002535c8027e0
Event: 4.376 Thread 0x000002537aa69be0 Thread added: 0x000002535c802150
Event: 4.376 Thread 0x000002537aa69be0 Thread added: 0x000002535c7ff360
Event: 4.376 Thread 0x000002537aa69be0 Thread added: 0x000002535c802e70
Event: 4.376 Thread 0x000002537aa69be0 Thread added: 0x000002535c7ff9f0
Event: 4.398 Thread 0x000002537aa69be0 Thread added: 0x000002535c803500
Event: 4.497 Thread 0x000002535ad11990 Thread added: 0x000002535c800080
Event: 4.534 Thread 0x000002535ad12020 Thread added: 0x000002535c800710
Event: 4.552 Thread 0x000002535ad11990 Thread added: 0x000002535c804220
Event: 4.779 Thread 0x000002535c800710 Thread added: 0x000002535c800da0
Event: 4.794 Thread 0x000002537aa69be0 Thread added: 0x000002535c801430
Event: 4.794 Thread 0x000002537aa69be0 Thread added: 0x000002535c804f40
Event: 4.834 Thread 0x000002535ad11990 Thread added: 0x000002535c801ac0


Dynamic libraries:
0x00007ff68f8c0000 - 0x00007ff68f8ce000 	c:\Users\admin\.vscode\extensions\redhat.java-1.45.0-win32-x64\jre\21.0.8-win32-x86_64\bin\java.exe
0x00007ffb2d560000 - 0x00007ffb2d7c7000 	C:\WINDOWS\SYSTEM32\ntdll.dll
0x00007ffb2c850000 - 0x00007ffb2c919000 	C:\WINDOWS\System32\KERNEL32.DLL
0x00007ffb2a720000 - 0x00007ffb2ab10000 	C:\WINDOWS\System32\KERNELBASE.dll
0x00007ffb2b0f0000 - 0x00007ffb2b23b000 	C:\WINDOWS\System32\ucrtbase.dll
0x00007ffb1ac70000 - 0x00007ffb1ac88000 	c:\Users\admin\.vscode\extensions\redhat.java-1.45.0-win32-x64\jre\21.0.8-win32-x86_64\bin\jli.dll
0x00007ffb1abc0000 - 0x00007ffb1abde000 	c:\Users\admin\.vscode\extensions\redhat.java-1.45.0-win32-x64\jre\21.0.8-win32-x86_64\bin\VCRUNTIME140.dll
0x00007ffb2c040000 - 0x00007ffb2c205000 	C:\WINDOWS\System32\USER32.dll
0x00007ffb2aea0000 - 0x00007ffb2aec7000 	C:\WINDOWS\System32\win32u.dll
0x00007ffb1dc80000 - 0x00007ffb1df1a000 	C:\WINDOWS\WinSxS\amd64_microsoft.windows.common-controls_6595b64144ccf1df_6.0.26100.4768_none_3e0c112ce331287c\COMCTL32.dll
0x00007ffb2c5d0000 - 0x00007ffb2c679000 	C:\WINDOWS\System32\msvcrt.dll
0x00007ffb2c820000 - 0x00007ffb2c84b000 	C:\WINDOWS\System32\GDI32.dll
0x00007ffb2ad60000 - 0x00007ffb2ae98000 	C:\WINDOWS\System32\gdi32full.dll
0x00007ffb2b240000 - 0x00007ffb2b2e3000 	C:\WINDOWS\System32\msvcp_win.dll
0x00007ffb2d2f0000 - 0x00007ffb2d31f000 	C:\WINDOWS\System32\IMM32.DLL
0x00007ffb1d910000 - 0x00007ffb1d91c000 	c:\Users\admin\.vscode\extensions\redhat.java-1.45.0-win32-x64\jre\21.0.8-win32-x86_64\bin\vcruntime140_1.dll
0x00007ffb088d0000 - 0x00007ffb0895d000 	c:\Users\admin\.vscode\extensions\redhat.java-1.45.0-win32-x64\jre\21.0.8-win32-x86_64\bin\msvcp140.dll
0x00007ffadeff0000 - 0x00007ffadfd87000 	c:\Users\admin\.vscode\extensions\redhat.java-1.45.0-win32-x64\jre\21.0.8-win32-x86_64\bin\server\jvm.dll
0x00007ffb2ccb0000 - 0x00007ffb2cd64000 	C:\WINDOWS\System32\ADVAPI32.dll
0x00007ffb2c520000 - 0x00007ffb2c5c6000 	C:\WINDOWS\System32\sechost.dll
0x00007ffb2c210000 - 0x00007ffb2c328000 	C:\WINDOWS\System32\RPCRT4.dll
0x00007ffb2cf50000 - 0x00007ffb2cfc4000 	C:\WINDOWS\System32\WS2_32.dll
0x00007ffb2a510000 - 0x00007ffb2a56e000 	C:\WINDOWS\SYSTEM32\POWRPROF.dll
0x00007ffb281a0000 - 0x00007ffb281ab000 	C:\WINDOWS\SYSTEM32\VERSION.dll
0x00007ffb14c80000 - 0x00007ffb14cb5000 	C:\WINDOWS\SYSTEM32\WINMM.dll
0x00007ffb2a4f0000 - 0x00007ffb2a504000 	C:\WINDOWS\SYSTEM32\UMPDC.dll
0x00007ffb29410000 - 0x00007ffb2942b000 	C:\WINDOWS\SYSTEM32\kernel.appcore.dll
0x00007ffb1bcb0000 - 0x00007ffb1bcba000 	c:\Users\admin\.vscode\extensions\redhat.java-1.45.0-win32-x64\jre\21.0.8-win32-x86_64\bin\jimage.dll
0x00007ffb26ee0000 - 0x00007ffb27121000 	C:\WINDOWS\SYSTEM32\DBGHELP.DLL
0x00007ffb2c920000 - 0x00007ffb2cca5000 	C:\WINDOWS\System32\combase.dll
0x00007ffb2b2f0000 - 0x00007ffb2b3d0000 	C:\WINDOWS\System32\OLEAUT32.dll
0x00007ffb0f7a0000 - 0x00007ffb0f7e3000 	C:\WINDOWS\SYSTEM32\dbgcore.DLL
0x00007ffb2b050000 - 0x00007ffb2b0e9000 	C:\WINDOWS\System32\bcryptPrimitives.dll
0x00007ffb18fc0000 - 0x00007ffb18fcf000 	c:\Users\admin\.vscode\extensions\redhat.java-1.45.0-win32-x64\jre\21.0.8-win32-x86_64\bin\instrument.dll
0x00007ffb18fd0000 - 0x00007ffb18fef000 	c:\Users\admin\.vscode\extensions\redhat.java-1.45.0-win32-x64\jre\21.0.8-win32-x86_64\bin\java.dll
0x00007ffb2b8c0000 - 0x00007ffb2c00d000 	C:\WINDOWS\System32\SHELL32.dll
0x00007ffb2ab20000 - 0x00007ffb2ac93000 	C:\WINDOWS\System32\wintypes.dll
0x00007ffb282a0000 - 0x00007ffb28b00000 	C:\WINDOWS\SYSTEM32\windows.storage.dll
0x00007ffb2c700000 - 0x00007ffb2c7f5000 	C:\WINDOWS\System32\SHCORE.dll
0x00007ffb2c4b0000 - 0x00007ffb2c51a000 	C:\WINDOWS\System32\shlwapi.dll
0x00007ffb2a5b0000 - 0x00007ffb2a5d9000 	C:\WINDOWS\SYSTEM32\profapi.dll
0x00007ffb16ec0000 - 0x00007ffb16ed8000 	c:\Users\admin\.vscode\extensions\redhat.java-1.45.0-win32-x64\jre\21.0.8-win32-x86_64\bin\zip.dll
0x00007ffb1bb70000 - 0x00007ffb1bb80000 	C:\Users\admin\.vscode\extensions\redhat.java-1.45.0-win32-x64\jre\21.0.8-win32-x86_64\bin\net.dll
0x00007ffb1cba0000 - 0x00007ffb1ccbe000 	C:\WINDOWS\SYSTEM32\WINHTTP.dll
0x00007ffb299a0000 - 0x00007ffb29a0b000 	C:\WINDOWS\system32\mswsock.dll
0x00007ffb171d0000 - 0x00007ffb171e6000 	C:\Users\admin\.vscode\extensions\redhat.java-1.45.0-win32-x64\jre\21.0.8-win32-x86_64\bin\nio.dll
0x00007ffb18230000 - 0x00007ffb18240000 	c:\Users\admin\.vscode\extensions\redhat.java-1.45.0-win32-x64\jre\21.0.8-win32-x86_64\bin\verify.dll
0x00007ffb032a0000 - 0x00007ffb032e4000 	C:\Users\admin\AppData\Roaming\Code\User\globalStorage\redhat.java\1.45.0\config_win\org.eclipse.equinox.launcher\org.eclipse.equinox.launcher.win32.win32.x86_64_1.2.1400.v20250801-0854\eclipse_11916.dll
0x00007ffb2d060000 - 0x00007ffb2d200000 	C:\WINDOWS\System32\ole32.dll
0x00007ffb29c60000 - 0x00007ffb29c7b000 	C:\WINDOWS\SYSTEM32\CRYPTSP.dll
0x00007ffb29370000 - 0x00007ffb293ab000 	C:\WINDOWS\system32\rsaenh.dll
0x00007ffb29a40000 - 0x00007ffb29a6b000 	C:\WINDOWS\SYSTEM32\USERENV.dll
0x00007ffb2a580000 - 0x00007ffb2a5a6000 	C:\WINDOWS\SYSTEM32\bcrypt.dll
0x00007ffb29c80000 - 0x00007ffb29c8c000 	C:\WINDOWS\SYSTEM32\CRYPTBASE.dll
0x00007ffb28e10000 - 0x00007ffb28e43000 	C:\WINDOWS\SYSTEM32\IPHLPAPI.DLL
0x00007ffb2cf30000 - 0x00007ffb2cf3a000 	C:\WINDOWS\System32\NSI.dll
0x00007ffb02d40000 - 0x00007ffb02d89000 	C:\Users\admin\AppData\Local\Temp\jna-92668751\jna3266489586078236805.dll
0x00007ffb2cf40000 - 0x00007ffb2cf48000 	C:\WINDOWS\System32\PSAPI.DLL
0x00007ffb1d0e0000 - 0x00007ffb1d0ff000 	C:\WINDOWS\SYSTEM32\dhcpcsvc6.DLL
0x00007ffb1ce50000 - 0x00007ffb1ce75000 	C:\WINDOWS\SYSTEM32\dhcpcsvc.DLL
0x00007ffb01370000 - 0x00007ffb01397000 	C:\Users\admin\.gradle\native\1def1411415f61bf3af743bc5b6707747c0891f09f0c88961ee8f79bc544acac\windows-amd64\native-platform.dll

JVMTI agents:
c:\Users\admin\.vscode\extensions\redhat.java-1.45.0-win32-x64\lombok\lombok-1.18.39-4050.jar path:c:\Users\admin\.vscode\extensions\redhat.java-1.45.0-win32-x64\jre\21.0.8-win32-x86_64\bin\instrument.dll, loaded, initialized, instrumentlib options:none

dbghelp: loaded successfully - version: 4.0.5 - missing functions: none
symbol engine: initialized successfully - sym options: 0x614 - pdb path: .;c:\Users\admin\.vscode\extensions\redhat.java-1.45.0-win32-x64\jre\21.0.8-win32-x86_64\bin;C:\WINDOWS\SYSTEM32;C:\WINDOWS\WinSxS\amd64_microsoft.windows.common-controls_6595b64144ccf1df_6.0.26100.4768_none_3e0c112ce331287c;c:\Users\admin\.vscode\extensions\redhat.java-1.45.0-win32-x64\jre\21.0.8-win32-x86_64\bin\server;C:\Users\admin\AppData\Roaming\Code\User\globalStorage\redhat.java\1.45.0\config_win\org.eclipse.equinox.launcher\org.eclipse.equinox.launcher.win32.win32.x86_64_1.2.1400.v20250801-0854;C:\Users\admin\AppData\Local\Temp\jna-92668751;C:\Users\admin\.gradle\native\1def1411415f61bf3af743bc5b6707747c0891f09f0c88961ee8f79bc544acac\windows-amd64

VM Arguments:
jvm_args: --add-modules=ALL-SYSTEM --add-opens=java.base/java.util=ALL-UNNAMED --add-opens=java.base/java.lang=ALL-UNNAMED --add-opens=java.base/sun.nio.fs=ALL-UNNAMED -Declipse.application=org.eclipse.jdt.ls.core.id1 -Dosgi.bundles.defaultStartLevel=4 -Declipse.product=org.eclipse.jdt.ls.core.product -Djava.import.generatesMetadataFilesAtProjectRoot=false -DDetectVMInstallationsJob.disabled=true -Dfile.encoding=utf8 -XX:+UseParallelGC -XX:GCTimeRatio=4 -XX:AdaptiveSizePolicyWeight=90 -Dsun.zip.disableMemoryMapping=true -Xmx2G -Xms100m -Xlog:disable -javaagent:c:\Users\admin\.vscode\extensions\redhat.java-1.45.0-win32-x64\lombok\lombok-1.18.39-4050.jar -XX:+HeapDumpOnOutOfMemoryError -XX:HeapDumpPath=c:\Users\admin\AppData\Roaming\Code\User\workspaceStorage\58fd78f2a317d820cacf0dd097669dc3\redhat.java -Daether.dependencyCollector.impl=bf 
java_command: c:\Users\admin\.vscode\extensions\redhat.java-1.45.0-win32-x64\server\plugins\org.eclipse.equinox.launcher_1.7.0.v20250519-0528.jar -configuration c:\Users\admin\AppData\Roaming\Code\User\globalStorage\redhat.java\1.45.0\config_win -data c:\Users\admin\AppData\Roaming\Code\User\workspaceStorage\58fd78f2a317d820cacf0dd097669dc3\redhat.java\jdt_ws --pipe=\\.\pipe\lsp-853160fa3ad7ee54efac4161a3e40f28-sock
java_class_path (initial): c:\Users\admin\.vscode\extensions\redhat.java-1.45.0-win32-x64\server\plugins\org.eclipse.equinox.launcher_1.7.0.v20250519-0528.jar
Launcher Type: SUN_STANDARD

[Global flags]
    uintx AdaptiveSizePolicyWeight                 = 90                                        {product} {command line}
     intx CICompilerCount                          = 3                                         {product} {ergonomic}
    uintx GCTimeRatio                              = 4                                         {product} {command line}
     bool HeapDumpOnOutOfMemoryError               = true                                   {manageable} {command line}
    ccstr HeapDumpPath                             = c:\Users\admin\AppData\Roaming\Code\User\workspaceStorage\58fd78f2a317d820cacf0dd097669dc3\redhat.java         {manageable} {command line}
   size_t InitialHeapSize                          = 104857600                                 {product} {command line}
   size_t MaxHeapSize                              = 2147483648                                {product} {command line}
   size_t MaxNewSize                               = 715653120                                 {product} {ergonomic}
   size_t MinHeapDeltaBytes                        = 524288                                    {product} {ergonomic}
   size_t MinHeapSize                              = 104857600                                 {product} {command line}
   size_t NewSize                                  = 34603008                                  {product} {ergonomic}
    uintx NonNMethodCodeHeapSize                   = 5832780                                {pd product} {ergonomic}
    uintx NonProfiledCodeHeapSize                  = 122912730                              {pd product} {ergonomic}
   size_t OldSize                                  = 70254592                                  {product} {ergonomic}
    uintx ProfiledCodeHeapSize                     = 122912730                              {pd product} {ergonomic}
    uintx ReservedCodeCacheSize                    = 251658240                              {pd product} {ergonomic}
     bool SegmentedCodeCache                       = true                                      {product} {ergonomic}
   size_t SoftMaxHeapSize                          = 2147483648                             {manageable} {ergonomic}
     bool UseCompressedOops                        = true                           {product lp64_product} {ergonomic}
     bool UseLargePagesIndividualAllocation        = false                                  {pd product} {ergonomic}
     bool UseParallelGC                            = true                                      {product} {command line}

Logging:
Log output configuration:
 #0: stdout all=off uptime,level,tags foldmultilines=false
 #1: stderr all=off uptime,level,tags foldmultilines=false

Environment Variables:
PATH=C:\Program Files\Java\jdk-17\bin;C:\WINDOWS\system32;C:\WINDOWS;C:\WINDOWS\System32\Wbem;C:\WINDOWS\System32\WindowsPowerShell\v1.0\;C:\WINDOWS\System32\OpenSSH\;C:\Program Files\Git\cmd;C:\src\flutter\bin;C:\Program Files\nodejs\;C:\Users\admin\AppData\Local\Android\Sdk\platform-tools;C:\tools\nuget;C:\Program Files\dotnet\;C:\Program Files (x86)\Yarn\bin\;C:\Users\admin\AppData\Local\Microsoft\WindowsApps;C:\Users\admin\AppData\Local\Programs\Microsoft VS Code\bin;C:\Users\admin\AppData\Local\GitHubDesktop\bin;C:\Users\admin\AppData\Roaming\npm;C:\Users\admin\AppData\Local\Android\Sdk\platform-tools;C:\Program Files\Java\jdk-17\bin;C:\Users\admin\AppData\Local\Programs\cursor\resources\app\bin;C:\Users\admin\.dotnet\tools;C:\Users\admin\AppData\Local\Yarn\bin;C:\Users\admin\AppData\Local\Programs\Kiro\bin;C:\NuGet;D:\dmmpackege\IntelliJ IDEA Community Edition 2025.2.1\bin
USERNAME=admin
OS=Windows_NT
PROCESSOR_IDENTIFIER=Intel64 Family 6 Model 126 Stepping 5, GenuineIntel
TMP=C:\Users\admin\AppData\Local\Temp
TEMP=C:\Users\admin\AppData\Local\Temp




Periodic native trim disabled

---------------  S Y S T E M  ---------------

OS:
 Windows 11 , 64 bit Build 26100 (10.0.26100.4768)
OS uptime: 0 days 17:28 hours

CPU: total 4 (initial active 4) (2 cores per cpu, 2 threads per core) family 6 model 126 stepping 5 microcode 0xa8, cx8, cmov, fxsr, ht, mmx, 3dnowpref, sse, sse2, sse3, ssse3, sse4.1, sse4.2, popcnt, lzcnt, tsc, tscinvbit, avx, avx2, aes, erms, clmul, bmi1, bmi2, adx, avx512f, avx512dq, avx512cd, avx512bw, avx512vl, sha, fma, vzeroupper, avx512_vpopcntdq, avx512_vpclmulqdq, avx512_vaes, avx512_vnni, clflush, clflushopt, avx512_vbmi2, avx512_vbmi, rdtscp, rdpid, fsrm, gfni, avx512_bitalg, f16c, pku, avx512_ifma
Processor Information for the first 4 processors :
  Max Mhz: 1190, Current Mhz: 1190, Mhz Limit: 1190

Memory: 4k page, system-wide physical 7987M (1061M free)
TotalPageFile size 12184M (AvailPageFile size 4M)
current process WorkingSet (physical memory assigned to process): 219M, peak: 219M
current process commit charge ("private bytes"): 326M, peak: 326M

vm_info: OpenJDK 64-Bit Server VM (21.0.8+9-LTS) for windows-amd64 JRE (21.0.8+9-LTS), built on 2025-07-15T00:00:00Z by "admin" with MS VC++ 17.7 (VS2022)

END.
